#
# There is insufficient memory for the Java Runtime Environment to continue.
# Native memory allocation (mmap) failed to map 109051904 bytes. Error detail: G1 virtual space
# Possible reasons:
#   The system is out of physical RAM or swap space
#   This process is running with CompressedOops enabled, and the Java Heap may be blocking the growth of the native heap
# Possible solutions:
#   Reduce memory load on the system
#   Increase physical memory or swap space
#   Check if swap backing store is full
#   Decrease Java heap size (-Xmx/-Xms)
#   Decrease number of Java threads
#   Decrease Java thread stack sizes (-Xss)
#   Set larger code cache with -XX:ReservedCodeCacheSize=
#   JVM is running with Zero Based Compressed Oops mode in which the Java heap is
#     placed in the first 32GB address space. The Java Heap base address is the
#     maximum limit for the native heap growth. Please use -XX:HeapBaseMinAddress
#     to set the Java Heap base and to place the Java Heap above 32GB virtual address.
# This output file may be truncated or incomplete.
#
#  Out of Memory Error (os_windows.cpp:3613), pid=17880, tid=12108
#
# JRE version: OpenJDK Runtime Environment Corretto-17.0.12.7.1 (17.0.12+7) (build 17.0.12+7-LTS)
# Java VM: OpenJDK 64-Bit Server VM Corretto-17.0.12.7.1 (17.0.12+7-LTS, mixed mode, emulated-client, sharing, tiered, compressed oops, compressed class ptrs, g1 gc, windows-amd64)
# No core dump will be written. Minidumps are not enabled by default on client versions of Windows
#

---------------  S U M M A R Y ------------

Command Line: -XX:TieredStopAtLevel=1 -Dspring.output.ansi.enabled=always -Dcom.sun.management.jmxremote -Dspring.jmx.enabled=true -Dspring.liveBeansView.mbeanDomain -Dspring.application.admin.enabled=true -Dmanagement.endpoints.jmx.exposure.include=* -javaagent:C:\Program Files\JetBrains\IntelliJ IDEA 2024.1.5\lib\idea_rt.jar=53010:C:\Program Files\JetBrains\IntelliJ IDEA 2024.1.5\bin -Dfile.encoding=UTF-8 org.example.sivillage.SiVillageApplication

Host: 11th Gen Intel(R) Core(TM) i7-11600H @ 2.90GHz, 12 cores, 15G,  Windows 10 , 64 bit Build 19041 (10.0.19041.4717)
Time: Tue Sep 10 17:16:51 2024  Windows 10 , 64 bit Build 19041 (10.0.19041.4717) elapsed time: 6.236085 seconds (0d 0h 0m 6s)

---------------  T H R E A D  ---------------

Current thread (0x0000026d158e2090):  VMThread "VM Thread" [stack: 0x000000b52be00000,0x000000b52bf00000] [id=12108]

Stack: [0x000000b52be00000,0x000000b52bf00000]
Native frames: (J=compiled Java code, j=interpreted, Vv=VM code, C=native code)
V  [jvm.dll+0x67f4f9]
V  [jvm.dll+0x836eaa]
V  [jvm.dll+0x83896e]
V  [jvm.dll+0x838fd3]
V  [jvm.dll+0x247f6f]
V  [jvm.dll+0x67c2b9]
V  [jvm.dll+0x670d7a]
V  [jvm.dll+0x307b5b]
V  [jvm.dll+0x30f046]
V  [jvm.dll+0x35f22e]
V  [jvm.dll+0x35f46f]
V  [jvm.dll+0x2deb7c]
V  [jvm.dll+0x2dcf3f]
V  [jvm.dll+0x2dc66c]
V  [jvm.dll+0x31fd4b]
V  [jvm.dll+0x83d4cd]
V  [jvm.dll+0x83e212]
V  [jvm.dll+0x83e73f]
V  [jvm.dll+0x83eb24]
V  [jvm.dll+0x83ebf0]
V  [jvm.dll+0x7e62ac]
V  [jvm.dll+0x67e3c7]
C  [ucrtbase.dll+0x21bb2]
C  [KERNEL32.DLL+0x17374]
C  [ntdll.dll+0x4cc91]

VM_Operation (0x000000b52b8fcb00): G1CollectForAllocation, mode: safepoint, requested by thread 0x0000026d7c747320


---------------  P R O C E S S  ---------------

Threads class SMR info:
_java_thread_list=0x0000026d5d846310, length=26, elements={
0x0000026d7c747320, 0x0000026d158e4940, 0x0000026d158e6420, 0x0000026d15904350,
0x0000026d15904e20, 0x0000026d15907700, 0x0000026d15909fe0, 0x0000026d1590a960,
0x0000026d15916780, 0x0000026d156b0180, 0x0000026d159ff500, 0x0000026d15a01a30,
0x0000026d5b287120, 0x0000026d5b287600, 0x0000026d5b3e4250, 0x0000026d5bee60c0,
0x0000026d5c2fddd0, 0x0000026d5c2fb2c0, 0x0000026d5c8303e0, 0x0000026d5c82e070,
0x0000026d5c831820, 0x0000026d5c82e580, 0x0000026d5c82f9c0, 0x0000026d5c82efa0,
0x0000026d5c830e00, 0x0000026d5e157050
}

Java Threads: ( => current thread )
  0x0000026d7c747320 JavaThread "main" [_thread_blocked, id=19088, stack(0x000000b52b800000,0x000000b52b900000)]
  0x0000026d158e4940 JavaThread "Reference Handler" daemon [_thread_blocked, id=7628, stack(0x000000b52bf00000,0x000000b52c000000)]
  0x0000026d158e6420 JavaThread "Finalizer" daemon [_thread_blocked, id=13892, stack(0x000000b52c000000,0x000000b52c100000)]
  0x0000026d15904350 JavaThread "Signal Dispatcher" daemon [_thread_blocked, id=23312, stack(0x000000b52c100000,0x000000b52c200000)]
  0x0000026d15904e20 JavaThread "Attach Listener" daemon [_thread_blocked, id=812, stack(0x000000b52c200000,0x000000b52c300000)]
  0x0000026d15907700 JavaThread "Service Thread" daemon [_thread_blocked, id=21732, stack(0x000000b52c300000,0x000000b52c400000)]
  0x0000026d15909fe0 JavaThread "Monitor Deflation Thread" daemon [_thread_blocked, id=24304, stack(0x000000b52c400000,0x000000b52c500000)]
  0x0000026d1590a960 JavaThread "C1 CompilerThread0" daemon [_thread_blocked, id=17032, stack(0x000000b52c500000,0x000000b52c600000)]
  0x0000026d15916780 JavaThread "Sweeper thread" daemon [_thread_blocked, id=21088, stack(0x000000b52c600000,0x000000b52c700000)]
  0x0000026d156b0180 JavaThread "Common-Cleaner" daemon [_thread_blocked, id=2696, stack(0x000000b52c700000,0x000000b52c800000)]
  0x0000026d159ff500 JavaThread "C1 CompilerThread1" daemon [_thread_blocked, id=22656, stack(0x000000b52c800000,0x000000b52c900000)]
  0x0000026d15a01a30 JavaThread "C1 CompilerThread2" daemon [_thread_blocked, id=3616, stack(0x000000b52c900000,0x000000b52ca00000)]
  0x0000026d5b287120 JavaThread "Monitor Ctrl-Break" daemon [_thread_in_native, id=8376, stack(0x000000b52ca00000,0x000000b52cb00000)]
  0x0000026d5b287600 JavaThread "Notification Thread" daemon [_thread_blocked, id=10880, stack(0x000000b52cb00000,0x000000b52cc00000)]
  0x0000026d5b3e4250 JavaThread "RMI TCP Accept-0" daemon [_thread_in_native, id=16568, stack(0x000000b52cc00000,0x000000b52cd00000)]
  0x0000026d5bee60c0 JavaThread "C1 CompilerThread3" daemon [_thread_blocked, id=23256, stack(0x000000b52d700000,0x000000b52d800000)]
  0x0000026d5c2fddd0 JavaThread "RMI TCP Connection(1)-10.10.10.120" daemon [_thread_in_native, id=5372, stack(0x000000b52db00000,0x000000b52dc00000)]
  0x0000026d5c2fb2c0 JavaThread "RMI Scheduler(0)" daemon [_thread_blocked, id=16748, stack(0x000000b52d600000,0x000000b52d700000)]
  0x0000026d5c8303e0 JavaThread "Catalina-utility-1" [_thread_blocked, id=16596, stack(0x000000b52dd00000,0x000000b52de00000)]
  0x0000026d5c82e070 JavaThread "Catalina-utility-2" [_thread_blocked, id=10532, stack(0x000000b52de00000,0x000000b52df00000)]
  0x0000026d5c831820 JavaThread "container-0" [_thread_blocked, id=6604, stack(0x000000b52df00000,0x000000b52e000000)]
  0x0000026d5c82e580 JavaThread "mysql-cj-abandoned-connection-cleanup" daemon [_thread_blocked, id=15344, stack(0x000000b52e000000,0x000000b52e100000)]
  0x0000026d5c82f9c0 JavaThread "HikariPool-1 housekeeper" daemon [_thread_blocked, id=13376, stack(0x000000b52e200000,0x000000b52e300000)]
  0x0000026d5c82efa0 JavaThread "HikariPool-1 connection adder" daemon [_thread_blocked, id=10652, stack(0x000000b52e300000,0x000000b52e400000)]
  0x0000026d5c830e00 JavaThread "lettuce-timer-3-1" daemon [_thread_blocked, id=8412, stack(0x000000b52e400000,0x000000b52e500000)]
  0x0000026d5e157050 JavaThread "globalEventExecutor-2-2" [_thread_blocked, id=24092, stack(0x000000b52e900000,0x000000b52ea00000)]

Other Threads:
=>0x0000026d158e2090 VMThread "VM Thread" [stack: 0x000000b52be00000,0x000000b52bf00000] [id=12108]
  0x0000026d7c747ff0 WatcherThread [stack: 0x000000b52cd00000,0x000000b52ce00000] [id=18464]
  0x0000026d7c7b4860 GCTaskThread "GC Thread#0" [stack: 0x000000b52b900000,0x000000b52ba00000] [id=18664]
  0x0000026d5b6f1ba0 GCTaskThread "GC Thread#1" [stack: 0x000000b52ce00000,0x000000b52cf00000] [id=23644]
  0x0000026d5b6f1e60 GCTaskThread "GC Thread#2" [stack: 0x000000b52cf00000,0x000000b52d000000] [id=8480]
  0x0000026d5b6f2120 GCTaskThread "GC Thread#3" [stack: 0x000000b52d000000,0x000000b52d100000] [id=4892]
  0x0000026d5b6f23e0 GCTaskThread "GC Thread#4" [stack: 0x000000b52d100000,0x000000b52d200000] [id=8148]
  0x0000026d5b6f26a0 GCTaskThread "GC Thread#5" [stack: 0x000000b52d200000,0x000000b52d300000] [id=19668]
  0x0000026d5b677610 GCTaskThread "GC Thread#6" [stack: 0x000000b52d300000,0x000000b52d400000] [id=12900]
  0x0000026d5bb7a200 GCTaskThread "GC Thread#7" [stack: 0x000000b52d500000,0x000000b52d600000] [id=25744]
  0x0000026d5c057e50 GCTaskThread "GC Thread#8" [stack: 0x000000b52d800000,0x000000b52d900000] [id=21948]
  0x0000026d5c041f80 GCTaskThread "GC Thread#9" [stack: 0x000000b52d900000,0x000000b52da00000] [id=9688]
  0x0000026d7c7c72e0 ConcurrentGCThread "G1 Main Marker" [stack: 0x000000b52ba00000,0x000000b52bb00000] [id=2952]
  0x0000026d7c7c7c10 ConcurrentGCThread "G1 Conc#0" [stack: 0x000000b52bb00000,0x000000b52bc00000] [id=24624]
  0x0000026d5c242130 ConcurrentGCThread "G1 Conc#1" [stack: 0x000000b52da00000,0x000000b52db00000] [id=16072]
  0x0000026d5c1e0440 ConcurrentGCThread "G1 Conc#2" [stack: 0x000000b52dc00000,0x000000b52dd00000] [id=26016]
  0x0000026d1557a4f0 ConcurrentGCThread "G1 Refine#0" [stack: 0x000000b52bc00000,0x000000b52bd00000] [id=10408]
  0x0000026d5b6778d0 ConcurrentGCThread "G1 Refine#1" [stack: 0x000000b52d400000,0x000000b52d500000] [id=13460]
  0x0000026d5dc0ac50 ConcurrentGCThread "G1 Refine#2" [stack: 0x000000b52f800000,0x000000b52f900000] [id=1436]
  0x0000026d5dea1240 ConcurrentGCThread "G1 Refine#3" [stack: 0x000000b52f900000,0x000000b52fa00000] [id=12120]
  0x0000026d1557ad30 ConcurrentGCThread "G1 Service" [stack: 0x000000b52bd00000,0x000000b52be00000] [id=11808]

Threads with active compile tasks:

VM state: at safepoint (normal execution)

VM Mutex/Monitor currently owned by a thread:  ([mutex/lock_event])
[0x0000026d7c7433f0] Threads_lock - owner thread: 0x0000026d158e2090
[0x0000026d7c742790] Heap_lock - owner thread: 0x0000026d7c747320

Heap address: 0x0000000704000000, size: 4032 MB, Compressed Oops mode: Zero based, Oop shift amount: 3

CDS archive(s) mapped at: [0x0000026d16000000-0x0000026d16bb0000-0x0000026d16bb0000), size 12255232, SharedBaseAddress: 0x0000026d16000000, ArchiveRelocationMode: 1.
Compressed class space mapped at: 0x0000026d17000000-0x0000026d57000000, reserved size: 1073741824
Narrow klass base: 0x0000026d16000000, Narrow klass shift: 0, Narrow klass range: 0x100000000

GC Precious Log:
 CPUs: 12 total, 12 available
 Memory: 16121M
 Large Page Support: Disabled
 NUMA Support: Disabled
 Compressed Oops: Enabled (Zero based)
 Heap Region Size: 2M
 Heap Min Capacity: 8M
 Heap Initial Capacity: 252M
 Heap Max Capacity: 4032M
 Pre-touch: Disabled
 Parallel Workers: 10
 Concurrent Workers: 3
 Concurrent Refinement Workers: 10
 Periodic GC: Disabled

Heap:
 garbage-first heap   total 258048K, used 83425K [0x0000000704000000, 0x0000000800000000)
  region size 2048K, 1 young (2048K), 1 survivors (2048K)
 Metaspace       used 84587K, committed 85248K, reserved 1179648K
  class space    used 12293K, committed 12608K, reserved 1048576K

Heap Regions: E=young(eden), S=young(survivor), O=old, HS=humongous(starts), HC=humongous(continues), CS=collection set, F=free, OA=open archive, CA=closed archive, TAMS=top-at-mark-start (previous, next)
|   0|0x0000000704000000, 0x0000000704200000, 0x0000000704200000|100%| O|  |TAMS 0x0000000704200000, 0x0000000704000000| Untracked 
|   1|0x0000000704200000, 0x0000000704400000, 0x0000000704400000|100%| O|  |TAMS 0x0000000704400000, 0x0000000704200000| Untracked 
|   2|0x0000000704400000, 0x0000000704600000, 0x0000000704600000|100%| O|  |TAMS 0x0000000704600000, 0x0000000704400000| Untracked 
|   3|0x0000000704600000, 0x0000000704800000, 0x0000000704800000|100%| O|  |TAMS 0x0000000704800000, 0x0000000704600000| Untracked 
|   4|0x0000000704800000, 0x0000000704a00000, 0x0000000704a00000|100%| O|  |TAMS 0x0000000704a00000, 0x0000000704800000| Untracked 
|   5|0x0000000704a00000, 0x0000000704c00000, 0x0000000704c00000|100%| O|  |TAMS 0x0000000704c00000, 0x0000000704a00000| Untracked 
|   6|0x0000000704c00000, 0x0000000704e00000, 0x0000000704e00000|100%| O|  |TAMS 0x0000000704e00000, 0x0000000704c00000| Untracked 
|   7|0x0000000704e00000, 0x0000000705000000, 0x0000000705000000|100%| O|  |TAMS 0x0000000705000000, 0x0000000704e00000| Untracked 
|   8|0x0000000705000000, 0x0000000705200000, 0x0000000705200000|100%| O|  |TAMS 0x0000000705200000, 0x0000000705000000| Untracked 
|   9|0x0000000705200000, 0x0000000705400000, 0x0000000705400000|100%| O|  |TAMS 0x0000000705400000, 0x0000000705200000| Untracked 
|  10|0x0000000705400000, 0x0000000705600000, 0x0000000705600000|100%| O|  |TAMS 0x0000000705600000, 0x0000000705400000| Untracked 
|  11|0x0000000705600000, 0x0000000705800000, 0x0000000705800000|100%| O|  |TAMS 0x0000000705800000, 0x0000000705600000| Untracked 
|  12|0x0000000705800000, 0x0000000705a00000, 0x0000000705a00000|100%| O|  |TAMS 0x0000000705a00000, 0x0000000705800000| Untracked 
|  13|0x0000000705a00000, 0x0000000705c00000, 0x0000000705c00000|100%| O|  |TAMS 0x0000000705c00000, 0x0000000705a00000| Untracked 
|  14|0x0000000705c00000, 0x0000000705e00000, 0x0000000705e00000|100%| O|  |TAMS 0x0000000705e00000, 0x0000000705c00000| Untracked 
|  15|0x0000000705e00000, 0x0000000706000000, 0x0000000706000000|100%| O|  |TAMS 0x0000000706000000, 0x0000000705e00000| Untracked 
|  16|0x0000000706000000, 0x0000000706200000, 0x0000000706200000|100%| O|  |TAMS 0x0000000706200000, 0x0000000706000000| Untracked 
|  17|0x0000000706200000, 0x0000000706400000, 0x0000000706400000|100%| O|  |TAMS 0x0000000706400000, 0x0000000706200000| Untracked 
|  18|0x0000000706400000, 0x0000000706600000, 0x0000000706600000|100%| O|  |TAMS 0x0000000706600000, 0x0000000706400000| Untracked 
|  19|0x0000000706600000, 0x0000000706800000, 0x0000000706800000|100%| O|  |TAMS 0x0000000706800000, 0x0000000706600000| Untracked 
|  20|0x0000000706800000, 0x0000000706a00000, 0x0000000706a00000|100%| O|  |TAMS 0x0000000706800000, 0x0000000706800000| Untracked 
|  21|0x0000000706a00000, 0x0000000706c00000, 0x0000000706c00000|100%| O|  |TAMS 0x0000000706c00000, 0x0000000706a00000| Untracked 
|  22|0x0000000706c00000, 0x0000000706e00000, 0x0000000706e00000|100%| O|  |TAMS 0x0000000706e00000, 0x0000000706c00000| Untracked 
|  23|0x0000000706e00000, 0x0000000706e1e200, 0x0000000707000000|  5%| O|  |TAMS 0x0000000706e00000, 0x0000000706e00000| Untracked 
|  24|0x0000000707000000, 0x0000000707000000, 0x0000000707200000|  0%| F|  |TAMS 0x0000000707000000, 0x0000000707000000| Untracked 
|  25|0x0000000707200000, 0x0000000707200000, 0x0000000707400000|  0%| F|  |TAMS 0x0000000707200000, 0x0000000707200000| Untracked 
|  26|0x0000000707400000, 0x0000000707400000, 0x0000000707600000|  0%| F|  |TAMS 0x0000000707400000, 0x0000000707400000| Untracked 
|  27|0x0000000707600000, 0x0000000707600000, 0x0000000707800000|  0%| F|  |TAMS 0x0000000707600000, 0x0000000707600000| Untracked 
|  28|0x0000000707800000, 0x0000000707800000, 0x0000000707a00000|  0%| F|  |TAMS 0x0000000707800000, 0x0000000707800000| Untracked 
|  29|0x0000000707a00000, 0x0000000707c00000, 0x0000000707c00000|100%| O|  |TAMS 0x0000000707c00000, 0x0000000707a00000| Untracked 
|  30|0x0000000707c00000, 0x0000000707e00000, 0x0000000707e00000|100%| O|  |TAMS 0x0000000707e00000, 0x0000000707c00000| Untracked 
|  31|0x0000000707e00000, 0x0000000707e00000, 0x0000000708000000|  0%| F|  |TAMS 0x0000000707e00000, 0x0000000707e00000| Untracked 
|  32|0x0000000708000000, 0x0000000708000000, 0x0000000708200000|  0%| F|  |TAMS 0x0000000708000000, 0x0000000708000000| Untracked 
|  33|0x0000000708200000, 0x0000000708400000, 0x0000000708400000|100%| O|  |TAMS 0x0000000708200000, 0x0000000708200000| Untracked 
|  34|0x0000000708400000, 0x0000000708400000, 0x0000000708600000|  0%| F|  |TAMS 0x0000000708400000, 0x0000000708400000| Untracked 
|  35|0x0000000708600000, 0x0000000708600000, 0x0000000708800000|  0%| F|  |TAMS 0x0000000708600000, 0x0000000708600000| Untracked 
|  36|0x0000000708800000, 0x0000000708a00000, 0x0000000708a00000|100%| O|  |TAMS 0x0000000708a00000, 0x0000000708800000| Untracked 
|  37|0x0000000708a00000, 0x0000000708c00000, 0x0000000708c00000|100%| O|  |TAMS 0x0000000708c00000, 0x0000000708a00000| Untracked 
|  38|0x0000000708c00000, 0x0000000708e00000, 0x0000000708e00000|100%| O|  |TAMS 0x0000000708e00000, 0x0000000708c00000| Untracked 
|  39|0x0000000708e00000, 0x0000000709000000, 0x0000000709000000|100%| O|  |TAMS 0x0000000709000000, 0x0000000708e00000| Untracked 
|  40|0x0000000709000000, 0x0000000709200000, 0x0000000709200000|100%| O|  |TAMS 0x0000000709160600, 0x0000000709000000| Untracked 
|  41|0x0000000709200000, 0x0000000709400000, 0x0000000709400000|100%| O|  |TAMS 0x0000000709200000, 0x0000000709200000| Untracked 
|  42|0x0000000709400000, 0x0000000709600000, 0x0000000709600000|100%| O|  |TAMS 0x0000000709400000, 0x0000000709400000| Untracked 
|  43|0x0000000709600000, 0x0000000709800000, 0x0000000709800000|100%| O|  |TAMS 0x0000000709600000, 0x0000000709600000| Untracked 
|  44|0x0000000709800000, 0x0000000709a00000, 0x0000000709a00000|100%| O|  |TAMS 0x0000000709800000, 0x0000000709800000| Untracked 
|  45|0x0000000709a00000, 0x0000000709c00000, 0x0000000709c00000|100%| O|  |TAMS 0x0000000709a00000, 0x0000000709a00000| Untracked 
|  46|0x0000000709c00000, 0x0000000709e00000, 0x0000000709e00000|100%| O|  |TAMS 0x0000000709c00000, 0x0000000709c00000| Untracked 
|  47|0x0000000709e00000, 0x000000070a000000, 0x000000070a000000|100%| O|  |TAMS 0x0000000709e00000, 0x0000000709e00000| Untracked 
|  48|0x000000070a000000, 0x000000070a200000, 0x000000070a200000|100%| O|  |TAMS 0x000000070a000000, 0x000000070a000000| Untracked 
|  49|0x000000070a200000, 0x000000070a400000, 0x000000070a400000|100%| O|  |TAMS 0x000000070a200000, 0x000000070a200000| Untracked 
|  50|0x000000070a400000, 0x000000070a400000, 0x000000070a600000|  0%| F|  |TAMS 0x000000070a400000, 0x000000070a400000| Untracked 
|  51|0x000000070a600000, 0x000000070a600000, 0x000000070a800000|  0%| F|  |TAMS 0x000000070a600000, 0x000000070a600000| Untracked 
|  52|0x000000070a800000, 0x000000070a800000, 0x000000070aa00000|  0%| F|  |TAMS 0x000000070a800000, 0x000000070a800000| Untracked 
|  53|0x000000070aa00000, 0x000000070aa00000, 0x000000070ac00000|  0%| F|  |TAMS 0x000000070aa00000, 0x000000070aa00000| Untracked 
|  54|0x000000070ac00000, 0x000000070ac00000, 0x000000070ae00000|  0%| F|  |TAMS 0x000000070ac00000, 0x000000070ac00000| Untracked 
|  55|0x000000070ae00000, 0x000000070ae00000, 0x000000070b000000|  0%| F|  |TAMS 0x000000070ae00000, 0x000000070ae00000| Untracked 
|  56|0x000000070b000000, 0x000000070b000000, 0x000000070b200000|  0%| F|  |TAMS 0x000000070b000000, 0x000000070b000000| Untracked 
|  57|0x000000070b200000, 0x000000070b200000, 0x000000070b400000|  0%| F|  |TAMS 0x000000070b200000, 0x000000070b200000| Untracked 
|  58|0x000000070b400000, 0x000000070b400000, 0x000000070b600000|  0%| F|  |TAMS 0x000000070b400000, 0x000000070b400000| Untracked 
|  59|0x000000070b600000, 0x000000070b600000, 0x000000070b800000|  0%| F|  |TAMS 0x000000070b600000, 0x000000070b600000| Untracked 
|  60|0x000000070b800000, 0x000000070b800000, 0x000000070ba00000|  0%| F|  |TAMS 0x000000070b800000, 0x000000070b800000| Untracked 
|  61|0x000000070ba00000, 0x000000070ba00000, 0x000000070bc00000|  0%| F|  |TAMS 0x000000070ba00000, 0x000000070ba00000| Untracked 
|  62|0x000000070bc00000, 0x000000070bc00000, 0x000000070be00000|  0%| F|  |TAMS 0x000000070bc00000, 0x000000070bc00000| Untracked 
|  63|0x000000070be00000, 0x000000070be00000, 0x000000070c000000|  0%| F|  |TAMS 0x000000070be00000, 0x000000070be00000| Untracked 
|  64|0x000000070c000000, 0x000000070c000000, 0x000000070c200000|  0%| F|  |TAMS 0x000000070c000000, 0x000000070c000000| Untracked 
|  65|0x000000070c200000, 0x000000070c200000, 0x000000070c400000|  0%| F|  |TAMS 0x000000070c200000, 0x000000070c200000| Untracked 
|  66|0x000000070c400000, 0x000000070c400000, 0x000000070c600000|  0%| F|  |TAMS 0x000000070c400000, 0x000000070c400000| Untracked 
|  67|0x000000070c600000, 0x000000070c600000, 0x000000070c800000|  0%| F|  |TAMS 0x000000070c600000, 0x000000070c600000| Untracked 
|  68|0x000000070c800000, 0x000000070c800000, 0x000000070ca00000|  0%| F|  |TAMS 0x000000070c800000, 0x000000070c800000| Untracked 
|  69|0x000000070ca00000, 0x000000070ca00000, 0x000000070cc00000|  0%| F|  |TAMS 0x000000070ca00000, 0x000000070ca00000| Untracked 
|  70|0x000000070cc00000, 0x000000070cc00000, 0x000000070ce00000|  0%| F|  |TAMS 0x000000070cc00000, 0x000000070cc00000| Untracked 
|  71|0x000000070ce00000, 0x000000070ce00000, 0x000000070d000000|  0%| F|  |TAMS 0x000000070ce00000, 0x000000070ce00000| Untracked 
|  72|0x000000070d000000, 0x000000070d000000, 0x000000070d200000|  0%| F|  |TAMS 0x000000070d000000, 0x000000070d000000| Untracked 
|  73|0x000000070d200000, 0x000000070d200000, 0x000000070d400000|  0%| F|  |TAMS 0x000000070d200000, 0x000000070d200000| Untracked 
|  74|0x000000070d400000, 0x000000070d400000, 0x000000070d600000|  0%| F|  |TAMS 0x000000070d400000, 0x000000070d400000| Untracked 
|  75|0x000000070d600000, 0x000000070d600000, 0x000000070d800000|  0%| F|  |TAMS 0x000000070d600000, 0x000000070d600000| Untracked 
|  76|0x000000070d800000, 0x000000070d800000, 0x000000070da00000|  0%| F|  |TAMS 0x000000070d800000, 0x000000070d800000| Untracked 
|  77|0x000000070da00000, 0x000000070da00000, 0x000000070dc00000|  0%| F|  |TAMS 0x000000070da00000, 0x000000070da00000| Untracked 
|  78|0x000000070dc00000, 0x000000070dc00000, 0x000000070de00000|  0%| F|  |TAMS 0x000000070dc00000, 0x000000070dc00000| Untracked 
|  79|0x000000070de00000, 0x000000070de00000, 0x000000070e000000|  0%| F|  |TAMS 0x000000070de00000, 0x000000070de00000| Untracked 
|  80|0x000000070e000000, 0x000000070e000000, 0x000000070e200000|  0%| F|  |TAMS 0x000000070e000000, 0x000000070e000000| Untracked 
|  81|0x000000070e200000, 0x000000070e200000, 0x000000070e400000|  0%| F|  |TAMS 0x000000070e200000, 0x000000070e200000| Untracked 
|  82|0x000000070e400000, 0x000000070e400000, 0x000000070e600000|  0%| F|  |TAMS 0x000000070e400000, 0x000000070e400000| Untracked 
|  83|0x000000070e600000, 0x000000070e600000, 0x000000070e800000|  0%| F|  |TAMS 0x000000070e600000, 0x000000070e600000| Untracked 
|  84|0x000000070e800000, 0x000000070e800000, 0x000000070ea00000|  0%| F|  |TAMS 0x000000070e800000, 0x000000070e800000| Untracked 
|  85|0x000000070ea00000, 0x000000070ea00000, 0x000000070ec00000|  0%| F|  |TAMS 0x000000070ea00000, 0x000000070ea00000| Untracked 
|  86|0x000000070ec00000, 0x000000070ec00000, 0x000000070ee00000|  0%| F|  |TAMS 0x000000070ec00000, 0x000000070ec00000| Untracked 
|  87|0x000000070ee00000, 0x000000070ee00000, 0x000000070f000000|  0%| F|  |TAMS 0x000000070ee00000, 0x000000070ee00000| Untracked 
|  88|0x000000070f000000, 0x000000070f000000, 0x000000070f200000|  0%| F|  |TAMS 0x000000070f000000, 0x000000070f000000| Untracked 
|  89|0x000000070f200000, 0x000000070f200000, 0x000000070f400000|  0%| F|  |TAMS 0x000000070f200000, 0x000000070f200000| Untracked 
|  90|0x000000070f400000, 0x000000070f400000, 0x000000070f600000|  0%| F|  |TAMS 0x000000070f400000, 0x000000070f400000| Untracked 
|  91|0x000000070f600000, 0x000000070f600000, 0x000000070f800000|  0%| F|  |TAMS 0x000000070f600000, 0x000000070f600000| Untracked 
|  92|0x000000070f800000, 0x000000070f800000, 0x000000070fa00000|  0%| F|  |TAMS 0x000000070f800000, 0x000000070f800000| Untracked 
|  93|0x000000070fa00000, 0x000000070fa00000, 0x000000070fc00000|  0%| F|  |TAMS 0x000000070fa00000, 0x000000070fa00000| Untracked 
|  94|0x000000070fc00000, 0x000000070fc00000, 0x000000070fe00000|  0%| F|  |TAMS 0x000000070fc00000, 0x000000070fc00000| Untracked 
|  95|0x000000070fe00000, 0x000000070fe00000, 0x0000000710000000|  0%| F|  |TAMS 0x000000070fe00000, 0x000000070fe00000| Untracked 
|  96|0x0000000710000000, 0x0000000710000000, 0x0000000710200000|  0%| F|  |TAMS 0x0000000710000000, 0x0000000710000000| Untracked 
|  97|0x0000000710200000, 0x0000000710200000, 0x0000000710400000|  0%| F|  |TAMS 0x0000000710200000, 0x0000000710200000| Untracked 
|  98|0x0000000710400000, 0x0000000710400000, 0x0000000710600000|  0%| F|  |TAMS 0x0000000710400000, 0x0000000710400000| Untracked 
|  99|0x0000000710600000, 0x0000000710600000, 0x0000000710800000|  0%| F|  |TAMS 0x0000000710600000, 0x0000000710600000| Untracked 
| 100|0x0000000710800000, 0x0000000710800000, 0x0000000710a00000|  0%| F|  |TAMS 0x0000000710800000, 0x0000000710800000| Untracked 
| 101|0x0000000710a00000, 0x0000000710a00000, 0x0000000710c00000|  0%| F|  |TAMS 0x0000000710a00000, 0x0000000710a00000| Untracked 
| 102|0x0000000710c00000, 0x0000000710c00000, 0x0000000710e00000|  0%| F|  |TAMS 0x0000000710c00000, 0x0000000710c00000| Untracked 
| 103|0x0000000710e00000, 0x0000000710e00000, 0x0000000711000000|  0%| F|  |TAMS 0x0000000710e00000, 0x0000000710e00000| Untracked 
| 104|0x0000000711000000, 0x0000000711000000, 0x0000000711200000|  0%| F|  |TAMS 0x0000000711000000, 0x0000000711000000| Untracked 
| 105|0x0000000711200000, 0x0000000711200000, 0x0000000711400000|  0%| F|  |TAMS 0x0000000711200000, 0x0000000711200000| Untracked 
| 106|0x0000000711400000, 0x0000000711400000, 0x0000000711600000|  0%| F|  |TAMS 0x0000000711400000, 0x0000000711400000| Untracked 
| 107|0x0000000711600000, 0x0000000711600000, 0x0000000711800000|  0%| F|  |TAMS 0x0000000711600000, 0x0000000711600000| Untracked 
| 108|0x0000000711800000, 0x0000000711800000, 0x0000000711a00000|  0%| F|  |TAMS 0x0000000711800000, 0x0000000711800000| Untracked 
| 109|0x0000000711a00000, 0x0000000711a00000, 0x0000000711c00000|  0%| F|  |TAMS 0x0000000711a00000, 0x0000000711a00000| Untracked 
| 110|0x0000000711c00000, 0x0000000711c00000, 0x0000000711e00000|  0%| F|  |TAMS 0x0000000711c00000, 0x0000000711c00000| Untracked 
| 111|0x0000000711e00000, 0x0000000711e00000, 0x0000000712000000|  0%| F|  |TAMS 0x0000000711e00000, 0x0000000711e00000| Untracked 
| 112|0x0000000712000000, 0x0000000712000000, 0x0000000712200000|  0%| F|  |TAMS 0x0000000712000000, 0x0000000712000000| Untracked 
| 113|0x0000000712200000, 0x000000071235a3c0, 0x0000000712400000| 67%| S|CS|TAMS 0x0000000712200000, 0x0000000712200000| Complete 
| 114|0x0000000712400000, 0x0000000712400000, 0x0000000712600000|  0%| F|  |TAMS 0x0000000712400000, 0x0000000712400000| Untracked 
| 115|0x0000000712600000, 0x0000000712600000, 0x0000000712800000|  0%| F|  |TAMS 0x0000000712600000, 0x0000000712600000| Untracked 
| 116|0x0000000712800000, 0x0000000712800000, 0x0000000712a00000|  0%| F|  |TAMS 0x0000000712800000, 0x0000000712800000| Untracked 
| 117|0x0000000712a00000, 0x0000000712a00000, 0x0000000712c00000|  0%| F|  |TAMS 0x0000000712a00000, 0x0000000712a00000| Untracked 
| 118|0x0000000712c00000, 0x0000000712c00000, 0x0000000712e00000|  0%| F|  |TAMS 0x0000000712c00000, 0x0000000712c00000| Untracked 
| 119|0x0000000712e00000, 0x0000000712e00000, 0x0000000713000000|  0%| F|  |TAMS 0x0000000712e00000, 0x0000000712e00000| Untracked 
| 120|0x0000000713000000, 0x0000000713000000, 0x0000000713200000|  0%| F|  |TAMS 0x0000000713000000, 0x0000000713000000| Untracked 
| 121|0x0000000713200000, 0x0000000713200000, 0x0000000713400000|  0%| F|  |TAMS 0x0000000713200000, 0x0000000713200000| Untracked 
| 122|0x0000000713400000, 0x0000000713400000, 0x0000000713600000|  0%| F|  |TAMS 0x0000000713400000, 0x0000000713400000| Untracked 
| 123|0x0000000713600000, 0x0000000713600000, 0x0000000713800000|  0%| F|  |TAMS 0x0000000713600000, 0x0000000713600000| Untracked 
| 124|0x0000000713800000, 0x0000000713800000, 0x0000000713a00000|  0%| F|  |TAMS 0x0000000713800000, 0x0000000713800000| Untracked 
| 125|0x0000000713a00000, 0x0000000713a00000, 0x0000000713c00000|  0%| F|  |TAMS 0x0000000713a00000, 0x0000000713a00000| Untracked 

Card table byte_map: [0x0000026d7f2e0000,0x0000026d7fac0000] _byte_map_base: 0x0000026d7bac0000

Marking Bits (Prev, Next): (CMBitMap*) 0x0000026d7c7b6df0, (CMBitMap*) 0x0000026d7c7b6db0
 Prev Bits: [0x0000026d0f150000, 0x0000026d13050000)
 Next Bits: [0x0000026d0b250000, 0x0000026d0f150000)

Polling page: 0x0000026d7c570000

Metaspace:

Usage:
  Non-class:     70.60 MB used.
      Class:     12.01 MB used.
       Both:     82.60 MB used.

Virtual space:
  Non-class space:      128.00 MB reserved,      70.94 MB ( 55%) committed,  2 nodes.
      Class space:        1.00 GB reserved,      12.31 MB (  1%) committed,  1 nodes.
             Both:        1.12 GB reserved,      83.25 MB (  7%) committed. 

Chunk freelists:
   Non-Class:  8.98 MB
       Class:  3.69 MB
        Both:  12.68 MB

MaxMetaspaceSize: unlimited
CompressedClassSpaceSize: 1.00 GB
Initial GC threshold: 21.00 MB
Current GC threshold: 135.75 MB
CDS: on
MetaspaceReclaimPolicy: balanced
 - commit_granule_bytes: 65536.
 - commit_granule_words: 8192.
 - virtual_space_node_default_size: 8388608.
 - enlarge_chunks_in_place: 1.
 - new_chunks_are_fully_committed: 0.
 - uncommit_free_chunks: 1.
 - use_allocation_guard: 0.
 - handle_deallocations: 1.


Internal statistics:

num_allocs_failed_limit: 9.
num_arena_births: 968.
num_arena_deaths: 0.
num_vsnodes_births: 3.
num_vsnodes_deaths: 0.
num_space_committed: 1332.
num_space_uncommitted: 0.
num_chunks_returned_to_freelist: 9.
num_chunks_taken_from_freelist: 4064.
num_chunk_merges: 9.
num_chunk_splits: 2955.
num_chunks_enlarged: 2297.
num_inconsistent_stats: 0.

CodeCache: size=49152Kb used=16903Kb max_used=16903Kb free=32248Kb
 bounds [0x0000026d07a70000, 0x0000026d08b00000, 0x0000026d0aa70000]
 total_blobs=9318 nmethods=8588 adapters=653
 compilation: enabled
              stopped_count=0, restarted_count=0
 full_count=0

Compilation events (20 events):
Event: 6.211 Thread 0x0000026d159ff500 8579       1       java.util.regex.Pattern::family (667 bytes)
Event: 6.211 Thread 0x0000026d5bee60c0 nmethod 8577 0x0000026d08aec090 code [0x0000026d08aec220, 0x0000026d08aec2f8]
Event: 6.211 Thread 0x0000026d1590a960 nmethod 8578 0x0000026d08aec390 code [0x0000026d08aec520, 0x0000026d08aec5f8]
Event: 6.212 Thread 0x0000026d159ff500 nmethod 8579 0x0000026d08aec690 code [0x0000026d08aecbc0, 0x0000026d08aee598]
Event: 6.213 Thread 0x0000026d5bee60c0 8580       1       java.lang.invoke.MethodType::appendParameterTypes (10 bytes)
Event: 6.213 Thread 0x0000026d5bee60c0 nmethod 8580 0x0000026d08aef990 code [0x0000026d08aefb20, 0x0000026d08aefc08]
Event: 6.214 Thread 0x0000026d5bee60c0 8582       1       java.time.format.DateTimePrintContext::getValue (36 bytes)
Event: 6.214 Thread 0x0000026d159ff500 8583       1       java.time.ZonedDateTime::getLong (79 bytes)
Event: 6.214 Thread 0x0000026d1590a960 8584       1       java.lang.Math::abs (11 bytes)
Event: 6.214 Thread 0x0000026d1590a960 nmethod 8584 0x0000026d08aefd10 code [0x0000026d08aefea0, 0x0000026d08aeff78]
Event: 6.214 Thread 0x0000026d5bee60c0 nmethod 8582 0x0000026d08af0010 code [0x0000026d08af01c0, 0x0000026d08af0368]
Event: 6.214 Thread 0x0000026d159ff500 nmethod 8583 0x0000026d08af0410 code [0x0000026d08af05e0, 0x0000026d08af0868]
Event: 6.216 Thread 0x0000026d159ff500 8585       1       io.netty.util.HashedWheelTimer$HashedWheelBucket::clearTimeouts (38 bytes)
Event: 6.216 Thread 0x0000026d5bee60c0 8586       1       io.netty.util.HashedWheelTimer$HashedWheelBucket::pollTimeout (60 bytes)
Event: 6.216 Thread 0x0000026d159ff500 nmethod 8585 0x0000026d08af0a10 code [0x0000026d08af0be0, 0x0000026d08af0db8]
Event: 6.216 Thread 0x0000026d5bee60c0 nmethod 8586 0x0000026d08af0f10 code [0x0000026d08af10e0, 0x0000026d08af15d8]
Event: 6.218 Thread 0x0000026d5bee60c0 8587       1       java.util.Arrays::fill (21 bytes)
Event: 6.219 Thread 0x0000026d5bee60c0 nmethod 8587 0x0000026d08af1810 code [0x0000026d08af19a0, 0x0000026d08af1b38]
Event: 6.219 Thread 0x0000026d5bee60c0 8588       1       io.netty.util.internal.ObjectUtil::checkNotNull (15 bytes)
Event: 6.219 Thread 0x0000026d5bee60c0 nmethod 8588 0x0000026d08af1c10 code [0x0000026d08af1da0, 0x0000026d08af1ee8]

GC Heap History (20 events):
Event: 5.266 GC heap after
{Heap after GC invocations=20 (full 0):
 garbage-first heap   total 108544K, used 40410K [0x0000000704000000, 0x0000000800000000)
  region size 2048K, 3 young (6144K), 3 survivors (6144K)
 Metaspace       used 78801K, committed 79424K, reserved 1179648K
  class space    used 11464K, committed 11776K, reserved 1048576K
}
Event: 5.515 GC heap before
{Heap before GC invocations=20 (full 0):
 garbage-first heap   total 108544K, used 83418K [0x0000000704000000, 0x0000000800000000)
  region size 2048K, 24 young (49152K), 3 survivors (6144K)
 Metaspace       used 81445K, committed 82048K, reserved 1179648K
  class space    used 11814K, committed 12096K, reserved 1048576K
}
Event: 5.519 GC heap after
{Heap after GC invocations=21 (full 0):
 garbage-first heap   total 108544K, used 42536K [0x0000000704000000, 0x0000000800000000)
  region size 2048K, 3 young (6144K), 3 survivors (6144K)
 Metaspace       used 81445K, committed 82048K, reserved 1179648K
  class space    used 11814K, committed 12096K, reserved 1048576K
}
Event: 5.642 GC heap before
{Heap before GC invocations=21 (full 0):
 garbage-first heap   total 108544K, used 81448K [0x0000000704000000, 0x0000000800000000)
  region size 2048K, 23 young (47104K), 3 survivors (6144K)
 Metaspace       used 82589K, committed 83264K, reserved 1179648K
  class space    used 11951K, committed 12288K, reserved 1048576K
}
Event: 5.649 GC heap after
{Heap after GC invocations=22 (full 0):
 garbage-first heap   total 108544K, used 49487K [0x0000000704000000, 0x0000000800000000)
  region size 2048K, 3 young (6144K), 3 survivors (6144K)
 Metaspace       used 82589K, committed 83264K, reserved 1179648K
  class space    used 11951K, committed 12288K, reserved 1048576K
}
Event: 5.720 GC heap before
{Heap before GC invocations=22 (full 0):
 garbage-first heap   total 108544K, used 80207K [0x0000000704000000, 0x0000000800000000)
  region size 2048K, 19 young (38912K), 3 survivors (6144K)
 Metaspace       used 82681K, committed 83392K, reserved 1179648K
  class space    used 11964K, committed 12288K, reserved 1048576K
}
Event: 5.726 GC heap after
{Heap after GC invocations=23 (full 0):
 garbage-first heap   total 108544K, used 59392K [0x0000000704000000, 0x0000000800000000)
  region size 2048K, 3 young (6144K), 3 survivors (6144K)
 Metaspace       used 82681K, committed 83392K, reserved 1179648K
  class space    used 11964K, committed 12288K, reserved 1048576K
}
Event: 5.746 GC heap before
{Heap before GC invocations=23 (full 0):
 garbage-first heap   total 108544K, used 79872K [0x0000000704000000, 0x0000000800000000)
  region size 2048K, 14 young (28672K), 3 survivors (6144K)
 Metaspace       used 82681K, committed 83392K, reserved 1179648K
  class space    used 11964K, committed 12288K, reserved 1048576K
}
Event: 5.749 GC heap after
{Heap after GC invocations=24 (full 0):
 garbage-first heap   total 157696K, used 63893K [0x0000000704000000, 0x0000000800000000)
  region size 2048K, 2 young (4096K), 2 survivors (4096K)
 Metaspace       used 82681K, committed 83392K, reserved 1179648K
  class space    used 11964K, committed 12288K, reserved 1048576K
}
Event: 5.827 GC heap before
{Heap before GC invocations=25 (full 0):
 garbage-first heap   total 157696K, used 110997K [0x0000000704000000, 0x0000000800000000)
  region size 2048K, 26 young (53248K), 2 survivors (4096K)
 Metaspace       used 82681K, committed 83392K, reserved 1179648K
  class space    used 11964K, committed 12288K, reserved 1048576K
}
Event: 5.835 GC heap after
{Heap after GC invocations=26 (full 0):
 garbage-first heap   total 157696K, used 77824K [0x0000000704000000, 0x0000000800000000)
  region size 2048K, 4 young (8192K), 4 survivors (8192K)
 Metaspace       used 82681K, committed 83392K, reserved 1179648K
  class space    used 11964K, committed 12288K, reserved 1048576K
}
Event: 5.893 GC heap before
{Heap before GC invocations=26 (full 0):
 garbage-first heap   total 157696K, used 114688K [0x0000000704000000, 0x0000000800000000)
  region size 2048K, 23 young (47104K), 4 survivors (8192K)
 Metaspace       used 82689K, committed 83392K, reserved 1179648K
  class space    used 11966K, committed 12288K, reserved 1048576K
}
Event: 5.901 GC heap after
{Heap after GC invocations=27 (full 0):
 garbage-first heap   total 157696K, used 89473K [0x0000000704000000, 0x0000000800000000)
  region size 2048K, 3 young (6144K), 3 survivors (6144K)
 Metaspace       used 82689K, committed 83392K, reserved 1179648K
  class space    used 11966K, committed 12288K, reserved 1048576K
}
Event: 5.931 GC heap before
{Heap before GC invocations=27 (full 0):
 garbage-first heap   total 157696K, used 118145K [0x0000000704000000, 0x0000000800000000)
  region size 2048K, 17 young (34816K), 3 survivors (6144K)
 Metaspace       used 82689K, committed 83392K, reserved 1179648K
  class space    used 11966K, committed 12288K, reserved 1048576K
}
Event: 5.935 GC heap after
{Heap after GC invocations=28 (full 0):
 garbage-first heap   total 157696K, used 96256K [0x0000000704000000, 0x0000000800000000)
  region size 2048K, 3 young (6144K), 3 survivors (6144K)
 Metaspace       used 82689K, committed 83392K, reserved 1179648K
  class space    used 11966K, committed 12288K, reserved 1048576K
}
Event: 6.102 GC heap before
{Heap before GC invocations=29 (full 0):
 garbage-first heap   total 182272K, used 116736K [0x0000000704000000, 0x0000000800000000)
  region size 2048K, 16 young (32768K), 3 survivors (6144K)
 Metaspace       used 83729K, committed 84480K, reserved 1179648K
  class space    used 12184K, committed 12544K, reserved 1048576K
}
Event: 6.108 GC heap after
{Heap after GC invocations=30 (full 0):
 garbage-first heap   total 182272K, used 99496K [0x0000000704000000, 0x0000000800000000)
  region size 2048K, 2 young (4096K), 2 survivors (4096K)
 Metaspace       used 83729K, committed 84480K, reserved 1179648K
  class space    used 12184K, committed 12544K, reserved 1048576K
}
Event: 6.152 GC heap before
{Heap before GC invocations=30 (full 0):
 garbage-first heap   total 182272K, used 103592K [0x0000000704000000, 0x0000000800000000)
  region size 2048K, 4 young (8192K), 2 survivors (4096K)
 Metaspace       used 84210K, committed 84864K, reserved 1179648K
  class space    used 12238K, committed 12544K, reserved 1048576K
}
Event: 6.156 GC heap after
{Heap after GC invocations=31 (full 0):
 garbage-first heap   total 182272K, used 84291K [0x0000000704000000, 0x0000000800000000)
  region size 2048K, 1 young (2048K), 1 survivors (2048K)
 Metaspace       used 84210K, committed 84864K, reserved 1179648K
  class space    used 12238K, committed 12544K, reserved 1048576K
}
Event: 6.223 GC heap before
{Heap before GC invocations=31 (full 0):
 garbage-first heap   total 182272K, used 90435K [0x0000000704000000, 0x0000000800000000)
  region size 2048K, 4 young (8192K), 1 survivors (2048K)
 Metaspace       used 84587K, committed 85248K, reserved 1179648K
  class space    used 12293K, committed 12608K, reserved 1048576K
}

Dll operation events (14 events):
Event: 0.006 Loaded shared library C:\Users\ssginc22\.jdks\corretto-17.0.12\bin\java.dll
Event: 0.026 Loaded shared library C:\Users\ssginc22\.jdks\corretto-17.0.12\bin\jsvml.dll
Event: 0.109 Loaded shared library C:\Users\ssginc22\.jdks\corretto-17.0.12\bin\zip.dll
Event: 0.112 Loaded shared library C:\Users\ssginc22\.jdks\corretto-17.0.12\bin\instrument.dll
Event: 0.116 Loaded shared library C:\Users\ssginc22\.jdks\corretto-17.0.12\bin\net.dll
Event: 0.117 Loaded shared library C:\Users\ssginc22\.jdks\corretto-17.0.12\bin\nio.dll
Event: 0.119 Loaded shared library C:\Users\ssginc22\.jdks\corretto-17.0.12\bin\zip.dll
Event: 0.190 Loaded shared library C:\Program Files\JetBrains\IntelliJ IDEA 2024.1.5\bin\breakgen64.dll
Event: 0.194 Loaded shared library C:\Users\ssginc22\.jdks\corretto-17.0.12\bin\jimage.dll
Event: 0.197 Loaded shared library C:\Users\ssginc22\.jdks\corretto-17.0.12\bin\extnet.dll
Event: 0.205 Loaded shared library C:\Users\ssginc22\.jdks\corretto-17.0.12\bin\management.dll
Event: 0.211 Loaded shared library C:\Users\ssginc22\.jdks\corretto-17.0.12\bin\management_ext.dll
Event: 1.205 Loaded shared library C:\Users\ssginc22\.jdks\corretto-17.0.12\bin\sunmscapi.dll
Event: 2.923 Loaded shared library C:\Users\ssginc22\.jdks\corretto-17.0.12\bin\verify.dll

Deoptimization events (12 events):
Event: 2.662 Thread 0x0000026d7c747320 DEOPT PACKING pc=0x0000026d07f8f189 sp=0x000000b52b8fe580
Event: 2.662 Thread 0x0000026d7c747320 DEOPT UNPACKING pc=0x0000026d07acace3 sp=0x000000b52b8fda10 mode 3
Event: 2.662 Thread 0x0000026d5c82e070 DEOPT PACKING pc=0x0000026d07f1601f sp=0x000000b52deff220
Event: 2.662 Thread 0x0000026d5c82e070 DEOPT UNPACKING pc=0x0000026d07acace3 sp=0x000000b52defe678 mode 3
Event: 3.165 Thread 0x0000026d7c747320 DEOPT PACKING pc=0x0000026d084110e4 sp=0x000000b52b8f94b0
Event: 3.165 Thread 0x0000026d7c747320 DEOPT UNPACKING pc=0x0000026d07acace3 sp=0x000000b52b8f89e0 mode 0
Event: 4.330 Thread 0x0000026d7c747320 DEOPT PACKING pc=0x0000026d07ffd752 sp=0x000000b52b8fc680
Event: 4.330 Thread 0x0000026d7c747320 DEOPT UNPACKING pc=0x0000026d07acace3 sp=0x000000b52b8fbb88 mode 3
Event: 4.330 Thread 0x0000026d7c747320 DEOPT PACKING pc=0x0000026d07fd15d5 sp=0x000000b52b8fc640
Event: 4.330 Thread 0x0000026d7c747320 DEOPT UNPACKING pc=0x0000026d07acace3 sp=0x000000b52b8fbb88 mode 3
Event: 4.406 Thread 0x0000026d7c747320 DEOPT PACKING pc=0x0000026d07f990d4 sp=0x000000b52b8fccc0
Event: 4.406 Thread 0x0000026d7c747320 DEOPT UNPACKING pc=0x0000026d07acace3 sp=0x000000b52b8fc218 mode 0

Classes loaded (20 events):
Event: 6.111 Loading class sun/util/resources/LocaleData$CommonResourceBundleProvider
Event: 6.111 Loading class sun/util/resources/LocaleData$LocaleDataResourceBundleProvider
Event: 6.111 Loading class java/util/spi/ResourceBundleProvider
Event: 6.111 Loading class java/util/spi/ResourceBundleProvider done
Event: 6.111 Loading class sun/util/resources/LocaleData$LocaleDataResourceBundleProvider done
Event: 6.111 Loading class sun/util/resources/LocaleData$CommonResourceBundleProvider done
Event: 6.111 Loading class sun/util/resources/Bundles$2
Event: 6.111 Loading class sun/util/resources/Bundles$2 done
Event: 6.142 Loading class jdk/internal/reflect/UnsafeQualifiedObjectFieldAccessorImpl
Event: 6.142 Loading class jdk/internal/reflect/UnsafeQualifiedFieldAccessorImpl
Event: 6.142 Loading class jdk/internal/reflect/UnsafeQualifiedFieldAccessorImpl done
Event: 6.142 Loading class jdk/internal/reflect/UnsafeQualifiedObjectFieldAccessorImpl done
Event: 6.169 Loading class javax/management/modelmbean/ModelMBean
Event: 6.169 Loading class javax/management/PersistentMBean
Event: 6.169 Loading class javax/management/PersistentMBean done
Event: 6.169 Loading class javax/management/modelmbean/ModelMBean done
Event: 6.171 Loading class javax/management/modelmbean/ModelMBeanInfo
Event: 6.171 Loading class javax/management/modelmbean/ModelMBeanInfo done
Event: 6.173 Loading class javax/management/Attribute
Event: 6.173 Loading class javax/management/Attribute done

Classes unloaded (0 events):
No events

Classes redefined (0 events):
No events

Internal exceptions (20 events):
Event: 5.883 Thread 0x0000026d5dff4e30 Exception <a 'sun/nio/fs/WindowsException'{0x000000070bd19cb8}> (0x000000070bd19cb8) 
thrown [s\src\hotspot\share\prims\jni.cpp, line 516]
Event: 5.883 Thread 0x0000026d5dff2ac0 Exception <a 'sun/nio/fs/WindowsException'{0x000000070bd105e0}> (0x000000070bd105e0) 
thrown [s\src\hotspot\share\prims\jni.cpp, line 516]
Event: 5.883 Thread 0x0000026d5dff4e30 Exception <a 'sun/nio/fs/WindowsException'{0x000000070bd19fa8}> (0x000000070bd19fa8) 
thrown [s\src\hotspot\share\prims\jni.cpp, line 516]
Event: 5.883 Thread 0x0000026d5dff2ac0 Exception <a 'sun/nio/fs/WindowsException'{0x000000070bd108e0}> (0x000000070bd108e0) 
thrown [s\src\hotspot\share\prims\jni.cpp, line 516]
Event: 5.883 Thread 0x0000026d5dff4e30 Exception <a 'sun/nio/fs/WindowsException'{0x000000070bd1a8f8}> (0x000000070bd1a8f8) 
thrown [s\src\hotspot\share\prims\jni.cpp, line 516]
Event: 5.883 Thread 0x0000026d5dff2ac0 Exception <a 'sun/nio/fs/WindowsException'{0x000000070bd11248}> (0x000000070bd11248) 
thrown [s\src\hotspot\share\prims\jni.cpp, line 516]
Event: 5.884 Thread 0x0000026d5dff4e30 Exception <a 'sun/nio/fs/WindowsException'{0x000000070bd1abf8}> (0x000000070bd1abf8) 
thrown [s\src\hotspot\share\prims\jni.cpp, line 516]
Event: 5.884 Thread 0x0000026d5dff2ac0 Exception <a 'sun/nio/fs/WindowsException'{0x000000070bd11568}> (0x000000070bd11568) 
thrown [s\src\hotspot\share\prims\jni.cpp, line 516]
Event: 5.884 Thread 0x0000026d5dff4e30 Exception <a 'sun/nio/fs/WindowsException'{0x000000070bd1b560}> (0x000000070bd1b560) 
thrown [s\src\hotspot\share\prims\jni.cpp, line 516]
Event: 5.884 Thread 0x0000026d5dff2ac0 Exception <a 'sun/nio/fs/WindowsException'{0x000000070bdc15f8}> (0x000000070bdc15f8) 
thrown [s\src\hotspot\share\prims\jni.cpp, line 516]
Event: 5.884 Thread 0x0000026d5dff4e30 Exception <a 'sun/nio/fs/WindowsException'{0x000000070bdcafa0}> (0x000000070bdcafa0) 
thrown [s\src\hotspot\share\prims\jni.cpp, line 516]
Event: 5.884 Thread 0x0000026d5dff2ac0 Exception <a 'sun/nio/fs/WindowsException'{0x000000070bdc1928}> (0x000000070bdc1928) 
thrown [s\src\hotspot\share\prims\jni.cpp, line 516]
Event: 5.884 Thread 0x0000026d5dff4e30 Exception <a 'sun/nio/fs/WindowsException'{0x000000070bdcb900}> (0x000000070bdcb900) 
thrown [s\src\hotspot\share\prims\jni.cpp, line 516]
Event: 5.884 Thread 0x0000026d5dff2ac0 Exception <a 'sun/nio/fs/WindowsException'{0x000000070bdc2290}> (0x000000070bdc2290) 
thrown [s\src\hotspot\share\prims\jni.cpp, line 516]
Event: 5.885 Thread 0x0000026d5dff4e30 Exception <a 'sun/nio/fs/WindowsException'{0x000000070bdcbc20}> (0x000000070bdcbc20) 
thrown [s\src\hotspot\share\prims\jni.cpp, line 516]
Event: 5.885 Thread 0x0000026d5dff2ac0 Exception <a 'sun/nio/fs/WindowsException'{0x000000070bdc25c0}> (0x000000070bdc25c0) 
thrown [s\src\hotspot\share\prims\jni.cpp, line 516]
Event: 6.016 Thread 0x0000026d7c747320 Exception <a 'java/lang/NoSuchMethodError'{0x000000070e4c8b20}: 'java.lang.Object java.lang.invoke.DirectMethodHandle$Holder.invokeInterface(java.lang.Object, java.lang.Object, java.lang.Object, java.lang.Object)'> (0x000000070e4c8b20) 
thrown [s\src\hotspot\share\interpreter\linkResolver.cpp, line 759]
Event: 6.044 Thread 0x0000026d7c747320 Exception <a 'java/lang/NoSuchMethodError'{0x000000070e2f3310}: 'void java.lang.invoke.DirectMethodHandle$Holder.invokeVirtual(java.lang.Object, java.lang.Object, long)'> (0x000000070e2f3310) 
thrown [s\src\hotspot\share\interpreter\linkResolver.cpp, line 759]
Event: 6.195 Thread 0x0000026d7c747320 Exception <a 'java/lang/IncompatibleClassChangeError'{0x00000007129a98c0}: Found class java.lang.Object, but interface was expected> (0x00000007129a98c0) 
thrown [s\src\hotspot\share\interpreter\linkResolver.cpp, line 826]
Event: 6.216 Thread 0x0000026d5c831310 Exception <a 'java/lang/InterruptedException'{0x00000007125757e0}: sleep interrupted> (0x00000007125757e0) 
thrown [s\src\hotspot\share\prims\jvm.cpp, line 3064]

VM Operations (20 events):
Event: 5.781 Executing VM operation: G1PauseRemark done
Event: 5.791 Executing VM operation: G1PauseCleanup
Event: 5.791 Executing VM operation: G1PauseCleanup done
Event: 5.827 Executing VM operation: G1CollectForAllocation
Event: 5.835 Executing VM operation: G1CollectForAllocation done
Event: 5.893 Executing VM operation: G1CollectForAllocation
Event: 5.901 Executing VM operation: G1CollectForAllocation done
Event: 5.931 Executing VM operation: G1CollectForAllocation
Event: 5.935 Executing VM operation: G1CollectForAllocation done
Event: 5.960 Executing VM operation: G1PauseRemark
Event: 5.962 Executing VM operation: G1PauseRemark done
Event: 5.972 Executing VM operation: G1PauseCleanup
Event: 5.972 Executing VM operation: G1PauseCleanup done
Event: 6.062 Executing VM operation: HandshakeAllThreads
Event: 6.062 Executing VM operation: HandshakeAllThreads done
Event: 6.102 Executing VM operation: G1CollectForAllocation
Event: 6.108 Executing VM operation: G1CollectForAllocation done
Event: 6.152 Executing VM operation: G1CollectForAllocation
Event: 6.156 Executing VM operation: G1CollectForAllocation done
Event: 6.222 Executing VM operation: G1CollectForAllocation

Events (20 events):
Event: 6.219 Thread 0x0000026d5e157050 Thread added: 0x0000026d5e157050
Event: 6.219 Thread 0x0000026d5e150b10 Thread exited: 0x0000026d5e150b10
Event: 6.219 Thread 0x0000026d5e153390 Thread added: 0x0000026d5e153390
Event: 6.219 Thread 0x0000026d5c831310 Thread exited: 0x0000026d5c831310
Event: 6.219 Thread 0x0000026d5e1547d0 Thread exited: 0x0000026d5e1547d0
Event: 6.219 Thread 0x0000026d5e151a40 Thread added: 0x0000026d5e151a40
Event: 6.219 Thread 0x0000026d5e153390 Thread exited: 0x0000026d5e153390
Event: 6.219 Thread 0x0000026d5e152460 Thread added: 0x0000026d5e152460
Event: 6.219 Thread 0x0000026d5e151020 Thread added: 0x0000026d5e151020
Event: 6.219 Thread 0x0000026d5e151a40 Thread exited: 0x0000026d5e151a40
Event: 6.219 Thread 0x0000026d5e155700 Thread added: 0x0000026d5e155700
Event: 6.219 Thread 0x0000026d5e152460 Thread exited: 0x0000026d5e152460
Event: 6.219 Thread 0x0000026d5e153390 Thread added: 0x0000026d5e153390
Event: 6.219 Thread 0x0000026d5e152970 Thread added: 0x0000026d5e152970
Event: 6.219 Thread 0x0000026d5e151020 Thread exited: 0x0000026d5e151020
Event: 6.219 Thread 0x0000026d5e155700 Thread exited: 0x0000026d5e155700
Event: 6.220 Thread 0x0000026d5e155c10 Thread added: 0x0000026d5e155c10
Event: 6.220 Thread 0x0000026d5e153390 Thread exited: 0x0000026d5e153390
Event: 6.220 Thread 0x0000026d5e152970 Thread exited: 0x0000026d5e152970
Event: 6.220 Thread 0x0000026d5e155c10 Thread exited: 0x0000026d5e155c10


Dynamic libraries:
0x00007ff65aca0000 - 0x00007ff65acae000 	C:\Users\ssginc22\.jdks\corretto-17.0.12\bin\java.exe
0x00007ff8379f0000 - 0x00007ff837be8000 	C:\Windows\SYSTEM32\ntdll.dll
0x00007ff836df0000 - 0x00007ff836eb1000 	C:\Windows\System32\KERNEL32.DLL
0x00007ff8350a0000 - 0x00007ff83539d000 	C:\Windows\System32\KERNELBASE.dll
0x00007ff8357d0000 - 0x00007ff8358d0000 	C:\Windows\System32\ucrtbase.dll
0x00007ff8233b0000 - 0x00007ff8233cb000 	C:\Users\ssginc22\.jdks\corretto-17.0.12\bin\VCRUNTIME140.dll
0x00007ff830a50000 - 0x00007ff830a67000 	C:\Users\ssginc22\.jdks\corretto-17.0.12\bin\jli.dll
0x00007ff836a70000 - 0x00007ff836c0d000 	C:\Windows\System32\USER32.dll
0x00007ff835440000 - 0x00007ff835462000 	C:\Windows\System32\win32u.dll
0x00007ff835c00000 - 0x00007ff835c2b000 	C:\Windows\System32\GDI32.dll
0x00007ff824450000 - 0x00007ff8246ea000 	C:\Windows\WinSxS\amd64_microsoft.windows.common-controls_6595b64144ccf1df_6.0.19041.4355_none_60b8b9eb71f62e16\COMCTL32.dll
0x00007ff8358d0000 - 0x00007ff8359e7000 	C:\Windows\System32\gdi32full.dll
0x00007ff8353a0000 - 0x00007ff83543d000 	C:\Windows\System32\msvcp_win.dll
0x00007ff8377f0000 - 0x00007ff83788e000 	C:\Windows\System32\msvcrt.dll
0x00007ff837890000 - 0x00007ff8378bf000 	C:\Windows\System32\IMM32.DLL
0x00007ff829bb0000 - 0x00007ff829bbc000 	C:\Users\ssginc22\.jdks\corretto-17.0.12\bin\vcruntime140_1.dll
0x00007ff8031c0000 - 0x00007ff80324d000 	C:\Users\ssginc22\.jdks\corretto-17.0.12\bin\msvcp140.dll
0x00007fffed820000 - 0x00007fffee48a000 	C:\Users\ssginc22\.jdks\corretto-17.0.12\bin\server\jvm.dll
0x00007ff835b30000 - 0x00007ff835be0000 	C:\Windows\System32\ADVAPI32.dll
0x00007ff836530000 - 0x00007ff8365d0000 	C:\Windows\System32\sechost.dll
0x00007ff835c30000 - 0x00007ff835d53000 	C:\Windows\System32\RPCRT4.dll
0x00007ff8359f0000 - 0x00007ff835a17000 	C:\Windows\System32\bcrypt.dll
0x00007ff8369f0000 - 0x00007ff836a5b000 	C:\Windows\System32\WS2_32.dll
0x00007ff81cb50000 - 0x00007ff81cb77000 	C:\Windows\SYSTEM32\WINMM.dll
0x00007ff8345e0000 - 0x00007ff83462b000 	C:\Windows\SYSTEM32\POWRPROF.dll
0x00007ff82d380000 - 0x00007ff82d38a000 	C:\Windows\SYSTEM32\VERSION.dll
0x00007ff834450000 - 0x00007ff834462000 	C:\Windows\SYSTEM32\UMPDC.dll
0x00007ff833870000 - 0x00007ff833882000 	C:\Windows\SYSTEM32\kernel.appcore.dll
0x00007ff8233a0000 - 0x00007ff8233aa000 	C:\Users\ssginc22\.jdks\corretto-17.0.12\bin\jimage.dll
0x00007ff8335b0000 - 0x00007ff833794000 	C:\Windows\SYSTEM32\DBGHELP.DLL
0x00007ff824720000 - 0x00007ff824754000 	C:\Windows\SYSTEM32\dbgcore.DLL
0x00007ff835530000 - 0x00007ff8355b2000 	C:\Windows\System32\bcryptPrimitives.dll
0x00007ff823390000 - 0x00007ff82339e000 	C:\Users\ssginc22\.jdks\corretto-17.0.12\bin\instrument.dll
0x00007ff823360000 - 0x00007ff823385000 	C:\Users\ssginc22\.jdks\corretto-17.0.12\bin\java.dll
0x00007ffffcea0000 - 0x00007ffffcf77000 	C:\Users\ssginc22\.jdks\corretto-17.0.12\bin\jsvml.dll
0x00007ff836fa0000 - 0x00007ff83770f000 	C:\Windows\System32\SHELL32.dll
0x00007ff832e10000 - 0x00007ff8335af000 	C:\Windows\SYSTEM32\windows.storage.dll
0x00007ff835d60000 - 0x00007ff8360b3000 	C:\Windows\System32\combase.dll
0x00007ff8349e0000 - 0x00007ff834a0e000 	C:\Windows\SYSTEM32\Wldp.dll
0x00007ff8367e0000 - 0x00007ff8368ad000 	C:\Windows\System32\OLEAUT32.dll
0x00007ff836c10000 - 0x00007ff836cbd000 	C:\Windows\System32\SHCORE.dll
0x00007ff837790000 - 0x00007ff8377e5000 	C:\Windows\System32\shlwapi.dll
0x00007ff834fd0000 - 0x00007ff834ff4000 	C:\Windows\SYSTEM32\profapi.dll
0x00007ff818680000 - 0x00007ff818698000 	C:\Users\ssginc22\.jdks\corretto-17.0.12\bin\zip.dll
0x00007ff817730000 - 0x00007ff817749000 	C:\Users\ssginc22\.jdks\corretto-17.0.12\bin\net.dll
0x00007ff831530000 - 0x00007ff83163d000 	C:\Windows\SYSTEM32\WINHTTP.dll
0x00007ff8347c0000 - 0x00007ff83482a000 	C:\Windows\system32\mswsock.dll
0x00007ff8131c0000 - 0x00007ff8131d6000 	C:\Users\ssginc22\.jdks\corretto-17.0.12\bin\nio.dll
0x00007ff8131a0000 - 0x00007ff8131ba000 	C:\Program Files\JetBrains\IntelliJ IDEA 2024.1.5\bin\breakgen64.dll
0x00007ff81f470000 - 0x00007ff81f479000 	C:\Users\ssginc22\.jdks\corretto-17.0.12\bin\extnet.dll
0x00007ff8344b0000 - 0x00007ff83457a000 	C:\Windows\SYSTEM32\DNSAPI.dll
0x00007ff834470000 - 0x00007ff8344ab000 	C:\Windows\SYSTEM32\IPHLPAPI.DLL
0x00007ff8368c0000 - 0x00007ff8368c8000 	C:\Windows\System32\NSI.dll
0x00007ff82dff0000 - 0x00007ff82dffa000 	C:\Windows\System32\rasadhlp.dll
0x00007ff82cbe0000 - 0x00007ff82cc60000 	C:\Windows\System32\fwpuclnt.dll
0x00007ff81f1b0000 - 0x00007ff81f1b9000 	C:\Users\ssginc22\.jdks\corretto-17.0.12\bin\management.dll
0x00007ff81ecf0000 - 0x00007ff81ecfb000 	C:\Users\ssginc22\.jdks\corretto-17.0.12\bin\management_ext.dll
0x00007ff836a60000 - 0x00007ff836a68000 	C:\Windows\System32\PSAPI.DLL
0x00007ff834a20000 - 0x00007ff834a38000 	C:\Windows\SYSTEM32\CRYPTSP.dll
0x00007ff834090000 - 0x00007ff8340c4000 	C:\Windows\system32\rsaenh.dll
0x00007ff834f80000 - 0x00007ff834fae000 	C:\Windows\SYSTEM32\USERENV.dll
0x00007ff834950000 - 0x00007ff83495c000 	C:\Windows\SYSTEM32\CRYPTBASE.dll
0x00007ff82e000000 - 0x00007ff82e017000 	C:\Windows\SYSTEM32\dhcpcsvc6.DLL
0x00007ff82e4c0000 - 0x00007ff82e4dd000 	C:\Windows\SYSTEM32\dhcpcsvc.DLL
0x00007ff81a6e0000 - 0x00007ff81a6f7000 	C:\Windows\system32\napinsp.dll
0x00007ff81a6c0000 - 0x00007ff81a6db000 	C:\Windows\system32\pnrpnsp.dll
0x00007ff831760000 - 0x00007ff831775000 	C:\Windows\system32\wshbth.dll
0x00007ff831510000 - 0x00007ff83152d000 	C:\Windows\system32\NLAapi.dll
0x00007ff81a410000 - 0x00007ff81a422000 	C:\Windows\System32\winrnr.dll
0x00007ff818940000 - 0x00007ff81894e000 	C:\Users\ssginc22\.jdks\corretto-17.0.12\bin\sunmscapi.dll
0x00007ff835670000 - 0x00007ff8357ce000 	C:\Windows\System32\CRYPT32.dll
0x00007ff834b30000 - 0x00007ff834b59000 	C:\Windows\SYSTEM32\ncrypt.dll
0x00007ff834af0000 - 0x00007ff834b2b000 	C:\Windows\SYSTEM32\NTASN1.dll
0x00007ff8188d0000 - 0x00007ff8188e0000 	C:\Users\ssginc22\.jdks\corretto-17.0.12\bin\verify.dll

dbghelp: loaded successfully - version: 4.0.5 - missing functions: none
symbol engine: initialized successfully - sym options: 0x614 - pdb path: .;C:\Users\ssginc22\.jdks\corretto-17.0.12\bin;C:\Windows\SYSTEM32;C:\Windows\WinSxS\amd64_microsoft.windows.common-controls_6595b64144ccf1df_6.0.19041.4355_none_60b8b9eb71f62e16;C:\Users\ssginc22\.jdks\corretto-17.0.12\bin\server;C:\Program Files\JetBrains\IntelliJ IDEA 2024.1.5\bin

VM Arguments:
jvm_args: -XX:TieredStopAtLevel=1 -Dspring.output.ansi.enabled=always -Dcom.sun.management.jmxremote -Dspring.jmx.enabled=true -Dspring.liveBeansView.mbeanDomain -Dspring.application.admin.enabled=true -Dmanagement.endpoints.jmx.exposure.include=* -javaagent:C:\Program Files\JetBrains\IntelliJ IDEA 2024.1.5\lib\idea_rt.jar=53010:C:\Program Files\JetBrains\IntelliJ IDEA 2024.1.5\bin -Dfile.encoding=UTF-8 
java_command: org.example.sivillage.SiVillageApplication
java_class_path (initial): C:\Users\ssginc22\Desktop\SI-VILLAGE-BACKEND\build\classes\java\main;C:\Users\ssginc22\Desktop\SI-VILLAGE-BACKEND\build\resources\main;C:\Users\ssginc22\.gradle\caches\modules-2\files-2.1\org.projectlombok\lombok\1.18.34\ec547ef414ab1d2c040118fb9c1c265ada63af14\lombok-1.18.34.jar;C:\Users\ssginc22\.gradle\caches\modules-2\files-2.1\org.springframework.boot\spring-boot-starter-data-jpa\3.2.8\f06495248072dd6c2bab1515844afaf30dcab6bf\spring-boot-starter-data-jpa-3.2.8.jar;C:\Users\ssginc22\.gradle\caches\modules-2\files-2.1\org.springframework.boot\spring-boot-starter-web\3.2.8\8dd35c1f7c7bbffc391f68b9e27ea77ad4d8c0c6\spring-boot-starter-web-3.2.8.jar;C:\Users\ssginc22\.gradle\caches\modules-2\files-2.1\org.springframework.boot\spring-boot-starter-security\3.2.8\936418206eced38b9f2f8806b5779e7a6729f19\spring-boot-starter-security-3.2.8.jar;C:\Users\ssginc22\.gradle\caches\modules-2\files-2.1\org.springframework.boot\spring-boot-starter-validation\3.2.8\34e35a1853ebf7ad239115cdc90de909f28aed53\spring-boot-starter-validation-3.2.8.jar;C:\Users\ssginc22\.gradle\caches\modules-2\files-2.1\io.jsonwebtoken\jjwt-api\0.11.5\f742940045619d06383e7df37b21ac422b476cf1\jjwt-api-0.11.5.jar;C:\Users\ssginc22\.gradle\caches\modules-2\files-2.1\org.springdoc\springdoc-openapi-starter-webmvc-ui\2.0.2\264da79c9d4a53feab8c5c6d0e0cb143bd099d4\springdoc-openapi-starter-webmvc-ui-2.0.2.jar;C:\Users\ssginc22\.gradle\caches\modules-2\files-2.1\org.springframework.boot\spring-boot-starter-data-redis\3.2.8\a061005f388358791f1bea2854fdf35816cf5bd4\spring-boot-starter-data-redis-3.2.8.jar;C:\Users\ssginc22\.gradle\caches\modules-2\files-2.1\org.springframework.boot\spring-boot-starter-thymeleaf\3.2.8\ef568b3b7ae7833801093af7c89f1c30d95f463a\spring-boot-starter-thymeleaf-3.2.8.jar;C:\Users\ssginc22\.gradle\caches\modules-2\files-2.1\org.apache.commons\commons-csv\1.11.0\8f2dc805097da534612128b7cdf491a5a76752bf\commons-csv-1.11.0.jar;C:\Users\ssginc22\.gradle\caches\modu
Launcher Type: SUN_STANDARD

[Global flags]
     intx CICompilerCount                          = 4                                         {product} {ergonomic}
     uint ConcGCThreads                            = 3                                         {product} {ergonomic}
     uint G1ConcRefinementThreads                  = 10                                        {product} {ergonomic}
   size_t G1HeapRegionSize                         = 2097152                                   {product} {ergonomic}
    uintx GCDrainStackTargetSize                   = 64                                        {product} {ergonomic}
   size_t InitialHeapSize                          = 264241152                                 {product} {ergonomic}
     bool ManagementServer                         = true                                      {product} {command line}
   size_t MarkStackSize                            = 4194304                                   {product} {ergonomic}
   size_t MaxHeapSize                              = 4227858432                                {product} {ergonomic}
   size_t MaxNewSize                               = 2535456768                                {product} {ergonomic}
   size_t MinHeapDeltaBytes                        = 2097152                                   {product} {ergonomic}
   size_t MinHeapSize                              = 8388608                                   {product} {ergonomic}
    uintx NonProfiledCodeHeapSize                  = 0                                      {pd product} {ergonomic}
     bool ProfileInterpreter                       = false                                  {pd product} {command line}
    uintx ProfiledCodeHeapSize                     = 0                                      {pd product} {ergonomic}
   size_t SoftMaxHeapSize                          = 4227858432                             {manageable} {ergonomic}
     intx TieredStopAtLevel                        = 1                                         {product} {command line}
     bool UseCompressedClassPointers               = true                           {product lp64_product} {ergonomic}
     bool UseCompressedOops                        = true                           {product lp64_product} {ergonomic}
     bool UseG1GC                                  = true                                      {product} {ergonomic}
     bool UseLargePagesIndividualAllocation        = false                                  {pd product} {ergonomic}

Logging:
Log output configuration:
 #0: stdout all=warning uptime,level,tags
 #1: stderr all=off uptime,level,tags

Environment Variables:
PATH=C:\Windows\system32;C:\Windows;C:\Windows\System32\Wbem;C:\Windows\System32\WindowsPowerShell\v1.0\;C:\Windows\System32\OpenSSH\;C:\Program Files\Bandizip\;C:\Program Files\Git\cmd;C:\Program Files\Docker\Docker\resources\bin;C:\Program Files\nodejs\;C:\Program Files\Redis\;C:\Users\ssginc22\AppData\Local\Microsoft\WindowsApps;C:\Users\ssginc22\AppData\Local\Programs\Microsoft VS Code\bin;C:\Users\ssginc22\AppData\Roaming\npm;C:\Users\ssginc22\AppData\Local\GitHubDesktop\bin
USERNAME=ssginc22
OS=Windows_NT
PROCESSOR_IDENTIFIER=Intel64 Family 6 Model 141 Stepping 1, GenuineIntel
TMP=C:\Users\ssginc22\AppData\Local\Temp
TEMP=C:\Users\ssginc22\AppData\Local\Temp



Periodic native trim disabled


---------------  S Y S T E M  ---------------

OS:
 Windows 10 , 64 bit Build 19041 (10.0.19041.4717)
OS uptime: 21 days 8:18 hours
Hyper-V role detected

CPU: total 12 (initial active 12) (6 cores per cpu, 2 threads per core) family 6 model 141 stepping 1 microcode 0x34, cx8, cmov, fxsr, ht, mmx, 3dnowpref, sse, sse2, sse3, ssse3, sse4.1, sse4.2, popcnt, lzcnt, tsc, tscinvbit, avx, avx2, aes, erms, clmul, bmi1, bmi2, adx, avx512f, avx512dq, avx512cd, avx512bw, avx512vl, sha, fma, vzeroupper, avx512_vpopcntdq, avx512_vpclmulqdq, avx512_vaes, avx512_vnni, clflush, clflushopt, clwb, avx512_vbmi2, avx512_vbmi, hv
Processor Information for all 12 processors :
  Max Mhz: 2918, Current Mhz: 2918, Mhz Limit: 2918

Memory: 4k page, system-wide physical 16121M (2899M free)
TotalPageFile size 38277M (AvailPageFile size 78M)
current process WorkingSet (physical memory assigned to process): 361M, peak: 361M
current process commit charge ("private bytes"): 491M, peak: 595M

vm_info: OpenJDK 64-Bit Server VM (17.0.12+7-LTS) for windows-amd64 JRE (17.0.12+7-LTS), built on Jul 10 2024 20:46:33 by "Administrator" with MS VC++ 16.10 / 16.11 (VS2019)

END.
