#
# There is insufficient memory for the Java Runtime Environment to continue.
# Native memory allocation (mmap) failed to map 92274688 bytes. Error detail: G1 virtual space
# Possible reasons:
#   The system is out of physical RAM or swap space
#   This process is running with CompressedOops enabled, and the Java Heap may be blocking the growth of the native heap
# Possible solutions:
#   Reduce memory load on the system
#   Increase physical memory or swap space
#   Check if swap backing store is full
#   Decrease Java heap size (-Xmx/-Xms)
#   Decrease number of Java threads
#   Decrease Java thread stack sizes (-Xss)
#   Set larger code cache with -XX:ReservedCodeCacheSize=
#   JVM is running with Zero Based Compressed Oops mode in which the Java heap is
#     placed in the first 32GB address space. The Java Heap base address is the
#     maximum limit for the native heap growth. Please use -XX:HeapBaseMinAddress
#     to set the Java Heap base and to place the Java Heap above 32GB virtual address.
# This output file may be truncated or incomplete.
#
#  Out of Memory Error (os_windows.cpp:3613), pid=9256, tid=22208
#
# JRE version: OpenJDK Runtime Environment Corretto-17.0.12.7.1 (17.0.12+7) (build 17.0.12+7-LTS)
# Java VM: OpenJDK 64-Bit Server VM Corretto-17.0.12.7.1 (17.0.12+7-LTS, mixed mode, emulated-client, sharing, tiered, compressed oops, compressed class ptrs, g1 gc, windows-amd64)
# No core dump will be written. Minidumps are not enabled by default on client versions of Windows
#

---------------  S U M M A R Y ------------

Command Line: -XX:TieredStopAtLevel=1 -Dspring.output.ansi.enabled=always -Dcom.sun.management.jmxremote -Dspring.jmx.enabled=true -Dspring.liveBeansView.mbeanDomain -Dspring.application.admin.enabled=true -Dmanagement.endpoints.jmx.exposure.include=* -javaagent:C:\Program Files\JetBrains\IntelliJ IDEA 2024.1.5\lib\idea_rt.jar=61282:C:\Program Files\JetBrains\IntelliJ IDEA 2024.1.5\bin -Dfile.encoding=UTF-8 org.example.sivillage.SiVillageApplication

Host: 11th Gen Intel(R) Core(TM) i7-11600H @ 2.90GHz, 12 cores, 15G,  Windows 10 , 64 bit Build 19041 (10.0.19041.4717)
Time: Wed Sep  4 12:16:48 2024  Windows 10 , 64 bit Build 19041 (10.0.19041.4717) elapsed time: 3.001802 seconds (0d 0h 0m 3s)

---------------  T H R E A D  ---------------

Current thread (0x000001a35fe4eb40):  VMThread "VM Thread" [stack: 0x00000014e4000000,0x00000014e4100000] [id=22208]

Stack: [0x00000014e4000000,0x00000014e4100000]
Native frames: (J=compiled Java code, j=interpreted, Vv=VM code, C=native code)
V  [jvm.dll+0x67f4f9]
V  [jvm.dll+0x836eaa]
V  [jvm.dll+0x83896e]
V  [jvm.dll+0x838fd3]
V  [jvm.dll+0x247f6f]
V  [jvm.dll+0x67c2b9]
V  [jvm.dll+0x670d7a]
V  [jvm.dll+0x307b5b]
V  [jvm.dll+0x30f046]
V  [jvm.dll+0x35f22e]
V  [jvm.dll+0x35f46f]
V  [jvm.dll+0x2deb7c]
V  [jvm.dll+0x2dcf3f]
V  [jvm.dll+0x2dc66c]
V  [jvm.dll+0x31fd4b]
V  [jvm.dll+0x83d4cd]
V  [jvm.dll+0x83e212]
V  [jvm.dll+0x83e73f]
V  [jvm.dll+0x83eb24]
V  [jvm.dll+0x83ebf0]
V  [jvm.dll+0x7e62ac]
V  [jvm.dll+0x67e3c7]
C  [ucrtbase.dll+0x21bb2]
C  [KERNEL32.DLL+0x17374]
C  [ntdll.dll+0x4cc91]

VM_Operation (0x00000014e65fe7b0): G1CollectForAllocation, mode: safepoint, requested by thread 0x000001a365ea8310


---------------  P R O C E S S  ---------------

Threads class SMR info:
_java_thread_list=0x000001a3654ae8a0, length=24, elements={
0x000001a348d06540, 0x000001a364004790, 0x000001a364005260, 0x000001a364022450,
0x000001a364024f20, 0x000001a3640258e0, 0x000001a3640282b0, 0x000001a36402c780,
0x000001a36403d960, 0x000001a36409a130, 0x000001a35fe3ffd0, 0x000001a364116100,
0x000001a364117630, 0x000001a3643fb380, 0x000001a3643fb860, 0x000001a36477bed0,
0x000001a3658e57e0, 0x000001a3658dfb20, 0x000001a365ea78f0, 0x000001a365ea7e00,
0x000001a365ea64b0, 0x000001a365ea5fa0, 0x000001a365ea5580, 0x000001a365ea8310
}

Java Threads: ( => current thread )
  0x000001a348d06540 JavaThread "main" [_thread_blocked, id=4888, stack(0x00000014e3a00000,0x00000014e3b00000)]
  0x000001a364004790 JavaThread "Reference Handler" daemon [_thread_blocked, id=13360, stack(0x00000014e4100000,0x00000014e4200000)]
  0x000001a364005260 JavaThread "Finalizer" daemon [_thread_blocked, id=4596, stack(0x00000014e4200000,0x00000014e4300000)]
  0x000001a364022450 JavaThread "Signal Dispatcher" daemon [_thread_blocked, id=10536, stack(0x00000014e4300000,0x00000014e4400000)]
  0x000001a364024f20 JavaThread "Attach Listener" daemon [_thread_blocked, id=2248, stack(0x00000014e4400000,0x00000014e4500000)]
  0x000001a3640258e0 JavaThread "Service Thread" daemon [_thread_blocked, id=14644, stack(0x00000014e4500000,0x00000014e4600000)]
  0x000001a3640282b0 JavaThread "Monitor Deflation Thread" daemon [_thread_blocked, id=9072, stack(0x00000014e4600000,0x00000014e4700000)]
  0x000001a36402c780 JavaThread "C1 CompilerThread0" daemon [_thread_blocked, id=25164, stack(0x00000014e4700000,0x00000014e4800000)]
  0x000001a36403d960 JavaThread "Sweeper thread" daemon [_thread_blocked, id=14160, stack(0x00000014e4800000,0x00000014e4900000)]
  0x000001a36409a130 JavaThread "Common-Cleaner" daemon [_thread_blocked, id=21588, stack(0x00000014e4900000,0x00000014e4a00000)]
  0x000001a35fe3ffd0 JavaThread "C1 CompilerThread1" daemon [_thread_blocked, id=14736, stack(0x00000014e4a00000,0x00000014e4b00000)]
  0x000001a364116100 JavaThread "C1 CompilerThread2" daemon [_thread_blocked, id=10320, stack(0x00000014e4b00000,0x00000014e4c00000)]
  0x000001a364117630 JavaThread "C1 CompilerThread3" daemon [_thread_blocked, id=17440, stack(0x00000014e4c00000,0x00000014e4d00000)]
  0x000001a3643fb380 JavaThread "Monitor Ctrl-Break" daemon [_thread_in_native, id=26268, stack(0x00000014e4d00000,0x00000014e4e00000)]
  0x000001a3643fb860 JavaThread "Notification Thread" daemon [_thread_blocked, id=22348, stack(0x00000014e4e00000,0x00000014e4f00000)]
  0x000001a36477bed0 JavaThread "RMI TCP Accept-0" daemon [_thread_in_native, id=12820, stack(0x00000014e4f00000,0x00000014e5000000)]
  0x000001a3658e57e0 JavaThread "RMI TCP Connection(1)-10.10.10.120" daemon [_thread_in_native, id=588, stack(0x00000014e5900000,0x00000014e5a00000)]
  0x000001a3658dfb20 JavaThread "RMI Scheduler(0)" daemon [_thread_blocked, id=3972, stack(0x00000014e5e00000,0x00000014e5f00000)]
  0x000001a365ea78f0 JavaThread "Catalina-utility-1" [_thread_blocked, id=2936, stack(0x00000014e5f00000,0x00000014e6000000)]
  0x000001a365ea7e00 JavaThread "Catalina-utility-2" [_thread_blocked, id=26568, stack(0x00000014e6000000,0x00000014e6100000)]
  0x000001a365ea64b0 JavaThread "container-0" [_thread_blocked, id=19916, stack(0x00000014e6100000,0x00000014e6200000)]
  0x000001a365ea5fa0 JavaThread "mysql-cj-abandoned-connection-cleanup" daemon [_thread_blocked, id=8204, stack(0x00000014e6200000,0x00000014e6300000)]
  0x000001a365ea5580 JavaThread "HikariPool-1 housekeeper" daemon [_thread_blocked, id=19712, stack(0x00000014e6400000,0x00000014e6500000)]
  0x000001a365ea8310 JavaThread "HikariPool-1 connection adder" daemon [_thread_blocked, id=21608, stack(0x00000014e6500000,0x00000014e6600000)]

Other Threads:
=>0x000001a35fe4eb40 VMThread "VM Thread" [stack: 0x00000014e4000000,0x00000014e4100000] [id=22208]
  0x000001a3647d9ca0 WatcherThread [stack: 0x00000014e5000000,0x00000014e5100000] [id=18452]
  0x000001a348d70e20 GCTaskThread "GC Thread#0" [stack: 0x00000014e3b00000,0x00000014e3c00000] [id=7512]
  0x000001a364a49df0 GCTaskThread "GC Thread#1" [stack: 0x00000014e5100000,0x00000014e5200000] [id=5112]
  0x000001a364a4a0b0 GCTaskThread "GC Thread#2" [stack: 0x00000014e5200000,0x00000014e5300000] [id=26560]
  0x000001a364a7c4e0 GCTaskThread "GC Thread#3" [stack: 0x00000014e5300000,0x00000014e5400000] [id=9728]
  0x000001a364a7cba0 GCTaskThread "GC Thread#4" [stack: 0x00000014e5400000,0x00000014e5500000] [id=18912]
  0x000001a364a7d2e0 GCTaskThread "GC Thread#5" [stack: 0x00000014e5500000,0x00000014e5600000] [id=1304]
  0x000001a364b2c9d0 GCTaskThread "GC Thread#6" [stack: 0x00000014e5600000,0x00000014e5700000] [id=7368]
  0x000001a3650d93b0 GCTaskThread "GC Thread#7" [stack: 0x00000014e5800000,0x00000014e5900000] [id=11680]
  0x000001a3654abc90 GCTaskThread "GC Thread#8" [stack: 0x00000014e5a00000,0x00000014e5b00000] [id=18096]
  0x000001a36556a970 GCTaskThread "GC Thread#9" [stack: 0x00000014e5b00000,0x00000014e5c00000] [id=25620]
  0x000001a348d81970 ConcurrentGCThread "G1 Main Marker" [stack: 0x00000014e3c00000,0x00000014e3d00000] [id=22584]
  0x000001a348d82b30 ConcurrentGCThread "G1 Conc#0" [stack: 0x00000014e3d00000,0x00000014e3e00000] [id=17560]
  0x000001a365669ba0 ConcurrentGCThread "G1 Conc#1" [stack: 0x00000014e5c00000,0x00000014e5d00000] [id=24320]
  0x000001a3656f84e0 ConcurrentGCThread "G1 Conc#2" [stack: 0x00000014e5d00000,0x00000014e5e00000] [id=10896]
  0x000001a35fd02b80 ConcurrentGCThread "G1 Refine#0" [stack: 0x00000014e3e00000,0x00000014e3f00000] [id=10780]
  0x000001a364a6b310 ConcurrentGCThread "G1 Refine#1" [stack: 0x00000014e5700000,0x00000014e5800000] [id=7848]
  0x000001a35fd055c0 ConcurrentGCThread "G1 Service" [stack: 0x00000014e3f00000,0x00000014e4000000] [id=4932]

Threads with active compile tasks:
C1 CompilerThread3     3014 5146       1       org.hibernate.boot.internal.InFlightMetadataCollectorImpl::addSecondPass (235 bytes)

VM state: at safepoint (normal execution)

VM Mutex/Monitor currently owned by a thread:  ([mutex/lock_event])
[0x000001a348d015c0] Threads_lock - owner thread: 0x000001a35fe4eb40
[0x000001a348d01ec0] Heap_lock - owner thread: 0x000001a365ea8310

Heap address: 0x0000000704000000, size: 4032 MB, Compressed Oops mode: Zero based, Oop shift amount: 3

CDS archive(s) mapped at: [0x000001a300000000-0x000001a300bb0000-0x000001a300bb0000), size 12255232, SharedBaseAddress: 0x000001a300000000, ArchiveRelocationMode: 1.
Compressed class space mapped at: 0x000001a301000000-0x000001a341000000, reserved size: 1073741824
Narrow klass base: 0x000001a300000000, Narrow klass shift: 0, Narrow klass range: 0x100000000

GC Precious Log:
 CPUs: 12 total, 12 available
 Memory: 16121M
 Large Page Support: Disabled
 NUMA Support: Disabled
 Compressed Oops: Enabled (Zero based)
 Heap Region Size: 2M
 Heap Min Capacity: 8M
 Heap Initial Capacity: 252M
 Heap Max Capacity: 4032M
 Pre-touch: Disabled
 Parallel Workers: 10
 Concurrent Workers: 3
 Concurrent Refinement Workers: 10
 Periodic GC: Disabled

Heap:
 garbage-first heap   total 90112K, used 27615K [0x0000000704000000, 0x0000000800000000)
  region size 2048K, 2 young (4096K), 2 survivors (4096K)
 Metaspace       used 53461K, committed 53952K, reserved 1114112K
  class space    used 7478K, committed 7680K, reserved 1048576K

Heap Regions: E=young(eden), S=young(survivor), O=old, HS=humongous(starts), HC=humongous(continues), CS=collection set, F=free, OA=open archive, CA=closed archive, TAMS=top-at-mark-start (previous, next)
|   0|0x0000000704000000, 0x0000000704200000, 0x0000000704200000|100%| O|  |TAMS 0x0000000704200000, 0x0000000704000000| Untracked 
|   1|0x0000000704200000, 0x0000000704400000, 0x0000000704400000|100%| O|  |TAMS 0x0000000704400000, 0x0000000704200000| Untracked 
|   2|0x0000000704400000, 0x0000000704600000, 0x0000000704600000|100%| O|  |TAMS 0x0000000704600000, 0x0000000704400000| Untracked 
|   3|0x0000000704600000, 0x0000000704800000, 0x0000000704800000|100%| O|  |TAMS 0x0000000704800000, 0x0000000704600000| Untracked 
|   4|0x0000000704800000, 0x0000000704a00000, 0x0000000704a00000|100%| O|  |TAMS 0x0000000704800000, 0x0000000704800000| Untracked 
|   5|0x0000000704a00000, 0x0000000704c00000, 0x0000000704c00000|100%| O|  |TAMS 0x0000000704c00000, 0x0000000704a00000| Untracked 
|   6|0x0000000704c00000, 0x0000000704e00000, 0x0000000704e00000|100%| O|  |TAMS 0x0000000704e00000, 0x0000000704c00000| Untracked 
|   7|0x0000000704e00000, 0x0000000705000000, 0x0000000705000000|100%| O|  |TAMS 0x0000000704e00000, 0x0000000704e00000| Untracked 
|   8|0x0000000705000000, 0x0000000705200000, 0x0000000705200000|100%| O|  |TAMS 0x0000000705000000, 0x0000000705000000| Untracked 
|   9|0x0000000705200000, 0x0000000705400000, 0x0000000705400000|100%| O|  |TAMS 0x0000000705200000, 0x0000000705200000| Untracked 
|  10|0x0000000705400000, 0x000000070541a200, 0x0000000705600000|  5%| O|  |TAMS 0x0000000705400000, 0x0000000705400000| Untracked 
|  11|0x0000000705600000, 0x0000000705600000, 0x0000000705800000|  0%| F|  |TAMS 0x0000000705600000, 0x0000000705600000| Untracked 
|  12|0x0000000705800000, 0x0000000705a00000, 0x0000000705a00000|100%| O|  |TAMS 0x0000000705a00000, 0x0000000705800000| Untracked 
|  13|0x0000000705a00000, 0x0000000705c00000, 0x0000000705c00000|100%| O|  |TAMS 0x0000000705c00000, 0x0000000705a00000| Untracked 
|  14|0x0000000705c00000, 0x0000000705c00000, 0x0000000705e00000|  0%| F|  |TAMS 0x0000000705c00000, 0x0000000705c00000| Untracked 
|  15|0x0000000705e00000, 0x0000000705e00000, 0x0000000706000000|  0%| F|  |TAMS 0x0000000705e00000, 0x0000000705e00000| Untracked 
|  16|0x0000000706000000, 0x0000000706000000, 0x0000000706200000|  0%| F|  |TAMS 0x0000000706000000, 0x0000000706000000| Untracked 
|  17|0x0000000706200000, 0x0000000706200000, 0x0000000706400000|  0%| F|  |TAMS 0x0000000706200000, 0x0000000706200000| Untracked 
|  18|0x0000000706400000, 0x0000000706400000, 0x0000000706600000|  0%| F|  |TAMS 0x0000000706400000, 0x0000000706400000| Untracked 
|  19|0x0000000706600000, 0x0000000706600000, 0x0000000706800000|  0%| F|  |TAMS 0x0000000706600000, 0x0000000706600000| Untracked 
|  20|0x0000000706800000, 0x0000000706800000, 0x0000000706a00000|  0%| F|  |TAMS 0x0000000706800000, 0x0000000706800000| Untracked 
|  21|0x0000000706a00000, 0x0000000706a00000, 0x0000000706c00000|  0%| F|  |TAMS 0x0000000706a00000, 0x0000000706a00000| Untracked 
|  22|0x0000000706c00000, 0x0000000706c00000, 0x0000000706e00000|  0%| F|  |TAMS 0x0000000706c00000, 0x0000000706c00000| Untracked 
|  23|0x0000000706e00000, 0x0000000706eddc00, 0x0000000707000000| 43%| S|CS|TAMS 0x0000000706e00000, 0x0000000706e00000| Complete 
|  24|0x0000000707000000, 0x0000000707200000, 0x0000000707200000|100%| S|CS|TAMS 0x0000000707000000, 0x0000000707000000| Complete 
|  25|0x0000000707200000, 0x0000000707200000, 0x0000000707400000|  0%| F|  |TAMS 0x0000000707200000, 0x0000000707200000| Untracked 
|  26|0x0000000707400000, 0x0000000707400000, 0x0000000707600000|  0%| F|  |TAMS 0x0000000707400000, 0x0000000707400000| Untracked 
|  27|0x0000000707600000, 0x0000000707600000, 0x0000000707800000|  0%| F|  |TAMS 0x0000000707600000, 0x0000000707600000| Untracked 
|  28|0x0000000707800000, 0x0000000707800000, 0x0000000707a00000|  0%| F|  |TAMS 0x0000000707800000, 0x0000000707800000| Untracked 
|  29|0x0000000707a00000, 0x0000000707a00000, 0x0000000707c00000|  0%| F|  |TAMS 0x0000000707a00000, 0x0000000707a00000| Untracked 
|  30|0x0000000707c00000, 0x0000000707c00000, 0x0000000707e00000|  0%| F|  |TAMS 0x0000000707c00000, 0x0000000707c00000| Untracked 
|  31|0x0000000707e00000, 0x0000000707e00000, 0x0000000708000000|  0%| F|  |TAMS 0x0000000707e00000, 0x0000000707e00000| Untracked 
|  32|0x0000000708000000, 0x0000000708000000, 0x0000000708200000|  0%| F|  |TAMS 0x0000000708000000, 0x0000000708000000| Untracked 
|  33|0x0000000708200000, 0x0000000708200000, 0x0000000708400000|  0%| F|  |TAMS 0x0000000708200000, 0x0000000708200000| Untracked 
|  34|0x0000000708400000, 0x0000000708400000, 0x0000000708600000|  0%| F|  |TAMS 0x0000000708400000, 0x0000000708400000| Untracked 
|  35|0x0000000708600000, 0x0000000708600000, 0x0000000708800000|  0%| F|  |TAMS 0x0000000708600000, 0x0000000708600000| Untracked 
|  36|0x0000000708800000, 0x0000000708800000, 0x0000000708a00000|  0%| F|  |TAMS 0x0000000708800000, 0x0000000708800000| Untracked 
|  37|0x0000000708a00000, 0x0000000708a00000, 0x0000000708c00000|  0%| F|  |TAMS 0x0000000708a00000, 0x0000000708a00000| Untracked 
|  38|0x0000000708c00000, 0x0000000708c00000, 0x0000000708e00000|  0%| F|  |TAMS 0x0000000708c00000, 0x0000000708c00000| Untracked 
|  39|0x0000000708e00000, 0x0000000708e00000, 0x0000000709000000|  0%| F|  |TAMS 0x0000000708e00000, 0x0000000708e00000| Untracked 
|  40|0x0000000709000000, 0x0000000709000000, 0x0000000709200000|  0%| F|  |TAMS 0x0000000709000000, 0x0000000709000000| Untracked 
|  41|0x0000000709200000, 0x0000000709200000, 0x0000000709400000|  0%| F|  |TAMS 0x0000000709200000, 0x0000000709200000| Untracked 
|  42|0x0000000709400000, 0x0000000709400000, 0x0000000709600000|  0%| F|  |TAMS 0x0000000709400000, 0x0000000709400000| Untracked 
| 125|0x0000000713a00000, 0x0000000713a00000, 0x0000000713c00000|  0%| F|  |TAMS 0x0000000713a00000, 0x0000000713a00000| Untracked 

Card table byte_map: [0x000001a354330000,0x000001a354b10000] _byte_map_base: 0x000001a350b10000

Marking Bits (Prev, Next): (CMBitMap*) 0x000001a348d71440, (CMBitMap*) 0x000001a348d71480
 Prev Bits: [0x000001a3552f0000, 0x000001a3591f0000)
 Next Bits: [0x000001a3591f0000, 0x000001a35d0f0000)

Polling page: 0x000001a346c30000

Metaspace:

Usage:
  Non-class:     44.91 MB used.
      Class:      7.30 MB used.
       Both:     52.21 MB used.

Virtual space:
  Non-class space:       64.00 MB reserved,      45.19 MB ( 71%) committed,  1 nodes.
      Class space:        1.00 GB reserved,       7.50 MB ( <1%) committed,  1 nodes.
             Both:        1.06 GB reserved,      52.69 MB (  5%) committed. 

Chunk freelists:
   Non-Class:  2.86 MB
       Class:  8.45 MB
        Both:  11.31 MB

MaxMetaspaceSize: unlimited
CompressedClassSpaceSize: 1.00 GB
Initial GC threshold: 21.00 MB
Current GC threshold: 58.88 MB
CDS: on
MetaspaceReclaimPolicy: balanced
 - commit_granule_bytes: 65536.
 - commit_granule_words: 8192.
 - virtual_space_node_default_size: 8388608.
 - enlarge_chunks_in_place: 1.
 - new_chunks_are_fully_committed: 0.
 - uncommit_free_chunks: 1.
 - use_allocation_guard: 0.
 - handle_deallocations: 1.


Internal statistics:

num_allocs_failed_limit: 6.
num_arena_births: 658.
num_arena_deaths: 0.
num_vsnodes_births: 2.
num_vsnodes_deaths: 0.
num_space_committed: 843.
num_space_uncommitted: 0.
num_chunks_returned_to_freelist: 6.
num_chunks_taken_from_freelist: 2503.
num_chunk_merges: 6.
num_chunk_splits: 1797.
num_chunks_enlarged: 1380.
num_inconsistent_stats: 0.

CodeCache: size=49152Kb used=11018Kb max_used=11018Kb free=38133Kb
 bounds [0x000001a350820000, 0x000001a3512f0000, 0x000001a353820000]
 total_blobs=5767 nmethods=5152 adapters=538
 compilation: enabled
              stopped_count=0, restarted_count=0
 full_count=0

Compilation events (20 events):
Event: 2.993 Thread 0x000001a364117630 nmethod 5143 0x000001a3512e0910 code [0x000001a3512e0aa0, 0x000001a3512e0b78]
Event: 2.993 Thread 0x000001a35fe3ffd0 5144       1       org.hibernate.boot.internal.MetadataBuilderImpl$MetadataBuildingOptionsImpl::getImplicitNamingStrategy (5 bytes)
Event: 2.993 Thread 0x000001a364116100 5145       1       org.hibernate.boot.internal.InFlightMetadataCollectorImpl::addSecondPass (7 bytes)
Event: 2.993 Thread 0x000001a364117630 5146       1       org.hibernate.boot.internal.InFlightMetadataCollectorImpl::addSecondPass (235 bytes)
Event: 2.993 Thread 0x000001a36402c780 5147       1       org.jboss.logging.DelegatingBasicLogger::debugf (17 bytes)
Event: 2.993 Thread 0x000001a35fe3ffd0 nmethod 5144 0x000001a3512e0c10 code [0x000001a3512e0da0, 0x000001a3512e0e78]
Event: 2.993 Thread 0x000001a364116100 nmethod 5145 0x000001a3512e0f10 code [0x000001a3512e10a0, 0x000001a3512e1188]
Event: 2.993 Thread 0x000001a35fe3ffd0 5148       1       org.hibernate.mapping.Property::getValue (5 bytes)
Event: 2.993 Thread 0x000001a364116100 5149       1       org.hibernate.boot.internal.MetadataBuildingContextRootImpl::getObjectNameNormalizer (5 bytes)
Event: 2.993 Thread 0x000001a35fe3ffd0 nmethod 5148 0x000001a3512e1210 code [0x000001a3512e13a0, 0x000001a3512e1478]
Event: 2.993 Thread 0x000001a364116100 nmethod 5149 0x000001a3512e1510 code [0x000001a3512e16a0, 0x000001a3512e1778]
Event: 2.993 Thread 0x000001a36402c780 nmethod 5147 0x000001a3512e1810 code [0x000001a3512e19c0, 0x000001a3512e1cb8]
Event: 2.994 Thread 0x000001a35fe3ffd0 5150       1       org.hibernate.engine.jdbc.env.internal.NormalizingIdentifierHelperImpl::toIdentifier (9 bytes)
Event: 2.994 Thread 0x000001a36402c780 5151       1       org.hibernate.boot.model.naming.Identifier::toIdentifier (6 bytes)
Event: 2.994 Thread 0x000001a364116100 5152       1       org.hibernate.boot.model.naming.Identifier::toIdentifier (7 bytes)
Event: 2.994 Thread 0x000001a364116100 nmethod 5152 0x000001a3512e1e90 code [0x000001a3512e2020, 0x000001a3512e20e8]
Event: 2.994 Thread 0x000001a35fe3ffd0 nmethod 5150 0x000001a3512e2190 code [0x000001a3512e2340, 0x000001a3512e2458]
Event: 2.994 Thread 0x000001a36402c780 nmethod 5151 0x000001a3512e2510 code [0x000001a3512e26a0, 0x000001a3512e2768]
Event: 2.994 Thread 0x000001a364116100 5153       1       org.hibernate.internal.util.StringHelper::safeInterning (11 bytes)
Event: 2.994 Thread 0x000001a364116100 nmethod 5153 0x000001a3512e2810 code [0x000001a3512e29c0, 0x000001a3512e2ac8]

GC Heap History (19 events):
Event: 0.453 GC heap before
{Heap before GC invocations=0 (full 0):
 garbage-first heap   total 258048K, used 20480K [0x0000000704000000, 0x0000000800000000)
  region size 2048K, 11 young (22528K), 0 survivors (0K)
 Metaspace       used 6237K, committed 6400K, reserved 1114112K
  class space    used 780K, committed 832K, reserved 1048576K
}
Event: 0.456 GC heap after
{Heap after GC invocations=1 (full 0):
 garbage-first heap   total 258048K, used 8683K [0x0000000704000000, 0x0000000800000000)
  region size 2048K, 2 young (4096K), 2 survivors (4096K)
 Metaspace       used 6237K, committed 6400K, reserved 1114112K
  class space    used 780K, committed 832K, reserved 1048576K
}
Event: 0.664 GC heap before
{Heap before GC invocations=1 (full 0):
 garbage-first heap   total 258048K, used 25067K [0x0000000704000000, 0x0000000800000000)
  region size 2048K, 11 young (22528K), 2 survivors (4096K)
 Metaspace       used 9985K, committed 10176K, reserved 1114112K
  class space    used 1361K, committed 1472K, reserved 1048576K
}
Event: 0.667 GC heap after
{Heap after GC invocations=2 (full 0):
 garbage-first heap   total 258048K, used 10409K [0x0000000704000000, 0x0000000800000000)
  region size 2048K, 1 young (2048K), 1 survivors (2048K)
 Metaspace       used 9985K, committed 10176K, reserved 1114112K
  class space    used 1361K, committed 1472K, reserved 1048576K
}
Event: 0.961 GC heap before
{Heap before GC invocations=2 (full 0):
 garbage-first heap   total 258048K, used 63657K [0x0000000704000000, 0x0000000800000000)
  region size 2048K, 27 young (55296K), 1 survivors (2048K)
 Metaspace       used 18997K, committed 19200K, reserved 1114112K
  class space    used 2633K, committed 2752K, reserved 1048576K
}
Event: 0.964 GC heap after
{Heap after GC invocations=3 (full 0):
 garbage-first heap   total 258048K, used 14043K [0x0000000704000000, 0x0000000800000000)
  region size 2048K, 3 young (6144K), 3 survivors (6144K)
 Metaspace       used 18997K, committed 19200K, reserved 1114112K
  class space    used 2633K, committed 2752K, reserved 1048576K
}
Event: 1.018 GC heap before
{Heap before GC invocations=3 (full 0):
 garbage-first heap   total 258048K, used 28379K [0x0000000704000000, 0x0000000800000000)
  region size 2048K, 11 young (22528K), 3 survivors (6144K)
 Metaspace       used 21272K, committed 21504K, reserved 1114112K
  class space    used 2913K, committed 3008K, reserved 1048576K
}
Event: 1.021 GC heap after
{Heap after GC invocations=4 (full 0):
 garbage-first heap   total 258048K, used 14961K [0x0000000704000000, 0x0000000800000000)
  region size 2048K, 3 young (6144K), 3 survivors (6144K)
 Metaspace       used 21272K, committed 21504K, reserved 1114112K
  class space    used 2913K, committed 3008K, reserved 1048576K
}
Event: 1.236 GC heap before
{Heap before GC invocations=5 (full 0):
 garbage-first heap   total 61440K, used 43633K [0x0000000704000000, 0x0000000800000000)
  region size 2048K, 18 young (36864K), 3 survivors (6144K)
 Metaspace       used 23519K, committed 23808K, reserved 1114112K
  class space    used 3228K, committed 3328K, reserved 1048576K
}
Event: 1.240 GC heap after
{Heap after GC invocations=6 (full 0):
 garbage-first heap   total 61440K, used 17962K [0x0000000704000000, 0x0000000800000000)
  region size 2048K, 5 young (10240K), 5 survivors (10240K)
 Metaspace       used 23519K, committed 23808K, reserved 1114112K
  class space    used 3228K, committed 3328K, reserved 1048576K
}
Event: 1.256 GC heap before
{Heap before GC invocations=6 (full 0):
 garbage-first heap   total 61440K, used 20010K [0x0000000704000000, 0x0000000800000000)
  region size 2048K, 6 young (12288K), 5 survivors (10240K)
 Metaspace       used 24147K, committed 24448K, reserved 1114112K
  class space    used 3330K, committed 3456K, reserved 1048576K
}
Event: 1.262 GC heap after
{Heap after GC invocations=7 (full 0):
 garbage-first heap   total 159744K, used 18248K [0x0000000704000000, 0x0000000800000000)
  region size 2048K, 1 young (2048K), 1 survivors (2048K)
 Metaspace       used 24147K, committed 24448K, reserved 1114112K
  class space    used 3330K, committed 3456K, reserved 1048576K
}
Event: 2.051 GC heap before
{Heap before GC invocations=7 (full 0):
 garbage-first heap   total 159744K, used 100168K [0x0000000704000000, 0x0000000800000000)
  region size 2048K, 42 young (86016K), 1 survivors (2048K)
 Metaspace       used 35554K, committed 35968K, reserved 1114112K
  class space    used 5026K, committed 5184K, reserved 1048576K
}
Event: 2.057 GC heap after
{Heap after GC invocations=8 (full 0):
 garbage-first heap   total 159744K, used 22193K [0x0000000704000000, 0x0000000800000000)
  region size 2048K, 3 young (6144K), 3 survivors (6144K)
 Metaspace       used 35554K, committed 35968K, reserved 1114112K
  class space    used 5026K, committed 5184K, reserved 1048576K
}
Event: 2.501 GC heap before
{Heap before GC invocations=9 (full 0):
 garbage-first heap   total 90112K, used 69297K [0x0000000704000000, 0x0000000800000000)
  region size 2048K, 26 young (53248K), 3 survivors (6144K)
 Metaspace       used 42683K, committed 43072K, reserved 1114112K
  class space    used 6080K, committed 6272K, reserved 1048576K
}
Event: 2.506 GC heap after
{Heap after GC invocations=10 (full 0):
 garbage-first heap   total 90112K, used 24649K [0x0000000704000000, 0x0000000800000000)
  region size 2048K, 2 young (4096K), 2 survivors (4096K)
 Metaspace       used 42683K, committed 43072K, reserved 1114112K
  class space    used 6080K, committed 6272K, reserved 1048576K
}
Event: 2.527 GC heap before
{Heap before GC invocations=10 (full 0):
 garbage-first heap   total 90112K, used 24649K [0x0000000704000000, 0x0000000800000000)
  region size 2048K, 3 young (6144K), 2 survivors (4096K)
 Metaspace       used 43082K, committed 43520K, reserved 1114112K
  class space    used 6148K, committed 6336K, reserved 1048576K
}
Event: 2.529 GC heap after
{Heap after GC invocations=11 (full 0):
 garbage-first heap   total 90112K, used 25168K [0x0000000704000000, 0x0000000800000000)
  region size 2048K, 1 young (2048K), 1 survivors (2048K)
 Metaspace       used 43082K, committed 43520K, reserved 1114112K
  class space    used 6148K, committed 6336K, reserved 1048576K
}
Event: 2.995 GC heap before
{Heap before GC invocations=11 (full 0):
 garbage-first heap   total 90112K, used 62032K [0x0000000704000000, 0x0000000800000000)
  region size 2048K, 19 young (38912K), 1 survivors (2048K)
 Metaspace       used 53461K, committed 53952K, reserved 1114112K
  class space    used 7478K, committed 7680K, reserved 1048576K
}

Dll operation events (14 events):
Event: 0.005 Loaded shared library C:\Users\ssginc22\.jdks\corretto-17.0.12\bin\java.dll
Event: 0.021 Loaded shared library C:\Users\ssginc22\.jdks\corretto-17.0.12\bin\jsvml.dll
Event: 0.110 Loaded shared library C:\Users\ssginc22\.jdks\corretto-17.0.12\bin\zip.dll
Event: 0.114 Loaded shared library C:\Users\ssginc22\.jdks\corretto-17.0.12\bin\instrument.dll
Event: 0.118 Loaded shared library C:\Users\ssginc22\.jdks\corretto-17.0.12\bin\net.dll
Event: 0.119 Loaded shared library C:\Users\ssginc22\.jdks\corretto-17.0.12\bin\nio.dll
Event: 0.122 Loaded shared library C:\Users\ssginc22\.jdks\corretto-17.0.12\bin\zip.dll
Event: 0.178 Loaded shared library C:\Program Files\JetBrains\IntelliJ IDEA 2024.1.5\bin\breakgen64.dll
Event: 0.182 Loaded shared library C:\Users\ssginc22\.jdks\corretto-17.0.12\bin\jimage.dll
Event: 0.186 Loaded shared library C:\Users\ssginc22\.jdks\corretto-17.0.12\bin\extnet.dll
Event: 0.193 Loaded shared library C:\Users\ssginc22\.jdks\corretto-17.0.12\bin\management.dll
Event: 0.199 Loaded shared library C:\Users\ssginc22\.jdks\corretto-17.0.12\bin\management_ext.dll
Event: 1.062 Loaded shared library C:\Users\ssginc22\.jdks\corretto-17.0.12\bin\sunmscapi.dll
Event: 2.420 Loaded shared library C:\Users\ssginc22\.jdks\corretto-17.0.12\bin\verify.dll

Deoptimization events (4 events):
Event: 2.752 Thread 0x000001a348d06540 DEOPT PACKING pc=0x000001a350dc8e89 sp=0x00000014e3afdd90
Event: 2.752 Thread 0x000001a348d06540 DEOPT UNPACKING pc=0x000001a35087ace3 sp=0x00000014e3afd220 mode 3
Event: 2.753 Thread 0x000001a365ea5580 DEOPT PACKING pc=0x000001a350d55b9f sp=0x00000014e64fee80
Event: 2.753 Thread 0x000001a365ea5580 DEOPT UNPACKING pc=0x000001a35087ace3 sp=0x00000014e64fe2d8 mode 3

Classes loaded (20 events):
Event: 2.761 Loading class java/util/TimerTask
Event: 2.761 Loading class java/util/TimerTask done
Event: 2.805 Loading class java/util/regex/Pattern$1MatcherIterator
Event: 2.805 Loading class java/util/regex/Pattern$1MatcherIterator done
Event: 2.816 Loading class java/io/CharArrayWriter
Event: 2.816 Loading class java/io/CharArrayWriter done
Event: 2.816 Loading class java/lang/StringIndexOutOfBoundsException
Event: 2.816 Loading class java/lang/StringIndexOutOfBoundsException done
Event: 2.821 Loading class jdk/internal/reflect/UnsafeQualifiedStaticIntegerFieldAccessorImpl
Event: 2.821 Loading class jdk/internal/reflect/UnsafeQualifiedStaticIntegerFieldAccessorImpl done
Event: 2.823 Loading class sun/util/resources/LocaleData$CommonResourceBundleProvider
Event: 2.823 Loading class sun/util/resources/LocaleData$LocaleDataResourceBundleProvider
Event: 2.823 Loading class java/util/spi/ResourceBundleProvider
Event: 2.823 Loading class java/util/spi/ResourceBundleProvider done
Event: 2.823 Loading class sun/util/resources/LocaleData$LocaleDataResourceBundleProvider done
Event: 2.824 Loading class sun/util/resources/LocaleData$CommonResourceBundleProvider done
Event: 2.824 Loading class sun/util/resources/Bundles$2
Event: 2.824 Loading class sun/util/resources/Bundles$2 done
Event: 2.924 Loading class jdk/internal/ValueBased
Event: 2.924 Loading class jdk/internal/ValueBased done

Classes unloaded (0 events):
No events

Classes redefined (0 events):
No events

Internal exceptions (20 events):
Event: 1.994 Thread 0x000001a348d06540 Exception <a 'java/lang/NoSuchMethodError'{0x0000000709170fb8}: 'void java.lang.invoke.DirectMethodHandle$Holder.invokeInterface(java.lang.Object, java.lang.Object, int)'> (0x0000000709170fb8) 
thrown [s\src\hotspot\share\interpreter\linkResolver.cpp, line 759]
Event: 1.996 Thread 0x000001a348d06540 Exception <a 'java/lang/IncompatibleClassChangeError'{0x00000007091c0d58}: Found class java.lang.Object, but interface was expected> (0x00000007091c0d58) 
thrown [s\src\hotspot\share\interpreter\linkResolver.cpp, line 826]
Event: 1.997 Thread 0x000001a348d06540 Exception <a 'java/lang/NoSuchMethodError'{0x00000007091d9828}: 'void java.lang.invoke.DirectMethodHandle$Holder.invokeStatic(java.lang.Object, int, java.lang.Object)'> (0x00000007091d9828) 
thrown [s\src\hotspot\share\interpreter\linkResolver.cpp, line 759]
Event: 1.998 Thread 0x000001a348d06540 Exception <a 'java/lang/NoSuchMethodError'{0x0000000708e16a88}: 'void java.lang.invoke.DirectMethodHandle$Holder.invokeVirtual(java.lang.Object, java.lang.Object, int)'> (0x0000000708e16a88) 
thrown [s\src\hotspot\share\interpreter\linkResolver.cpp, line 759]
Event: 1.999 Thread 0x000001a348d06540 Exception <a 'java/lang/NoSuchMethodError'{0x0000000708e1cc30}: 'void java.lang.invoke.DirectMethodHandle$Holder.invokeStatic(java.lang.Object, java.lang.Object, java.lang.Object, int, java.lang.Object)'> (0x0000000708e1cc30) 
thrown [s\src\hotspot\share\interpreter\linkResolver.cpp, line 759]
Event: 1.999 Thread 0x000001a348d06540 Exception <a 'java/lang/NoSuchMethodError'{0x0000000708e240b0}: 'java.lang.Object java.lang.invoke.DirectMethodHandle$Holder.newInvokeSpecial(java.lang.Object, java.lang.Object, java.lang.Object, int)'> (0x0000000708e240b0) 
thrown [s\src\hotspot\share\interpreter\linkResolver.cpp, line 759]
Event: 1.999 Thread 0x000001a348d06540 Exception <a 'java/lang/NoSuchMethodError'{0x0000000708e28398}: 'java.lang.Object java.lang.invoke.DirectMethodHandle$Holder.invokeSpecial(java.lang.Object, java.lang.Object, java.lang.Object, java.lang.Object, int)'> (0x0000000708e28398) 
thrown [s\src\hotspot\share\interpreter\linkResolver.cpp, line 759]
Event: 1.999 Thread 0x000001a348d06540 Exception <a 'java/lang/NoSuchMethodError'{0x0000000708e2bf60}: 'java.lang.Object java.lang.invoke.Invokers$Holder.linkToTargetMethod(java.lang.Object, java.lang.Object, int, java.lang.Object)'> (0x0000000708e2bf60) 
thrown [s\src\hotspot\share\interpreter\linkResolver.cpp, line 759]
Event: 2.104 Thread 0x000001a348d06540 Exception <a 'java/lang/NoSuchMethodError'{0x000000070921e5b0}: 'java.lang.Object java.lang.invoke.DirectMethodHandle$Holder.invokeSpecial(java.lang.Object, java.lang.Object, long, java.lang.Object, java.lang.Object, java.lang.Object, java.lang.Object, java.lang.Object, java.lang.Object)'> (0x000000070921e5b0) 
thrown [s\src\hotspot\share\interpreter\linkResolver.cpp, line 759]
Event: 2.104 Thread 0x000001a348d06540 Exception <a 'java/lang/NoSuchMethodError'{0x00000007092230d8}: 'java.lang.Object java.lang.invoke.DelegatingMethodHandle$Holder.reinvoke_L(java.lang.Object, long, java.lang.Object, java.lang.Object, java.lang.Object, java.lang.Object, java.lang.Object, java.lang.Object)'> (0x00000007092230d8) 
thrown [s\src\hotspot\share\interpreter\linkResolver.cpp, line 759]
Event: 2.125 Thread 0x000001a348d06540 Exception <a 'java/io/FileNotFoundException'{0x00000007093c4df0}> (0x00000007093c4df0) 
thrown [s\src\hotspot\share\prims\jni.cpp, line 516]
Event: 2.125 Thread 0x000001a348d06540 Exception <a 'java/io/FileNotFoundException'{0x00000007093c63c8}> (0x00000007093c63c8) 
thrown [s\src\hotspot\share\prims\jni.cpp, line 516]
Event: 2.146 Thread 0x000001a348d06540 Exception <a 'java/lang/NoSuchMethodError'{0x0000000708e30a08}: 'int java.lang.invoke.DirectMethodHandle$Holder.invokeInterface(java.lang.Object, java.lang.Object, java.lang.Object, java.lang.Object)'> (0x0000000708e30a08) 
thrown [s\src\hotspot\share\interpreter\linkResolver.cpp, line 759]
Event: 2.175 Thread 0x000001a348d06540 Exception <a 'java/lang/NoSuchMethodError'{0x0000000708d5bf38}: 'long java.lang.invoke.DirectMethodHandle$Holder.invokeVirtual(java.lang.Object, java.lang.Object)'> (0x0000000708d5bf38) 
thrown [s\src\hotspot\share\interpreter\linkResolver.cpp, line 759]
Event: 2.227 Thread 0x000001a348d06540 Exception <a 'sun/nio/fs/WindowsException'{0x0000000707ee2148}> (0x0000000707ee2148) 
thrown [s\src\hotspot\share\prims\jni.cpp, line 516]
Event: 2.280 Thread 0x000001a3658e57e0 Exception <a 'java/lang/reflect/InvocationTargetException'{0x0000000707909ca8}> (0x0000000707909ca8) 
thrown [s\src\hotspot\share\runtime\reflection.cpp, line 1128]
Event: 2.654 Thread 0x000001a348d06540 Exception <a 'sun/nio/fs/WindowsException'{0x0000000708a37f38}> (0x0000000708a37f38) 
thrown [s\src\hotspot\share\prims\jni.cpp, line 516]
Event: 2.659 Thread 0x000001a348d06540 Exception <a 'java/lang/NoSuchMethodError'{0x0000000708a59320}: 'int java.lang.invoke.DirectMethodHandle$Holder.invokeStaticInit(java.lang.Object, java.lang.Object, java.lang.Object, java.lang.Object)'> (0x0000000708a59320) 
thrown [s\src\hotspot\share\interpreter\linkResolver.cpp, line 759]
Event: 2.786 Thread 0x000001a3658e57e0 Exception <a 'java/lang/reflect/InvocationTargetException'{0x0000000708409488}> (0x0000000708409488) 
thrown [s\src\hotspot\share\runtime\reflection.cpp, line 1128]
Event: 2.817 Thread 0x000001a348d06540 Exception <a 'java/lang/NoSuchMethodError'{0x000000070827a900}: 'java.lang.Object java.lang.invoke.DirectMethodHandle$Holder.invokeStaticInit(java.lang.Object, java.lang.Object, java.lang.Object, java.lang.Object)'> (0x000000070827a900) 
thrown [s\src\hotspot\share\interpreter\linkResolver.cpp, line 759]

VM Operations (20 events):
Event: 2.160 Executing VM operation: HandshakeAllThreads done
Event: 2.179 Executing VM operation: HandshakeAllThreads
Event: 2.179 Executing VM operation: HandshakeAllThreads done
Event: 2.211 Executing VM operation: HandshakeAllThreads
Event: 2.211 Executing VM operation: HandshakeAllThreads done
Event: 2.501 Executing VM operation: G1CollectForAllocation
Event: 2.506 Executing VM operation: G1CollectForAllocation done
Event: 2.527 Executing VM operation: G1CollectForAllocation
Event: 2.529 Executing VM operation: G1CollectForAllocation done
Event: 2.640 Executing VM operation: HandshakeAllThreads
Event: 2.640 Executing VM operation: HandshakeAllThreads done
Event: 2.655 Executing VM operation: HandshakeAllThreads
Event: 2.655 Executing VM operation: HandshakeAllThreads done
Event: 2.657 Executing VM operation: HandshakeAllThreads
Event: 2.657 Executing VM operation: HandshakeAllThreads done
Event: 2.716 Executing VM operation: HandshakeAllThreads
Event: 2.716 Executing VM operation: HandshakeAllThreads done
Event: 2.911 Executing VM operation: HandshakeAllThreads
Event: 2.911 Executing VM operation: HandshakeAllThreads done
Event: 2.995 Executing VM operation: G1CollectForAllocation

Events (20 events):
Event: 0.717 Thread 0x000001a36512a460 Thread added: 0x000001a36512a460
Event: 0.979 Thread 0x000001a3655e53f0 Thread added: 0x000001a3655e53f0
Event: 1.003 Thread 0x000001a3655e53f0 Thread exited: 0x000001a3655e53f0
Event: 1.065 Thread 0x000001a36512a460 Thread exited: 0x000001a36512a460
Event: 1.236 Thread 0x000001a3658e57e0 Thread added: 0x000001a3658e57e0
Event: 1.251 Thread 0x000001a3658dfb20 Thread added: 0x000001a3658dfb20
Event: 1.254 Thread 0x000001a3658d8940 Thread added: 0x000001a3658d8940
Event: 1.271 Thread 0x000001a3658d8940 Thread exited: 0x000001a3658d8940
Event: 1.772 Thread 0x000001a365bc8aa0 Thread added: 0x000001a365bc8aa0
Event: 1.775 Thread 0x000001a365bc8aa0 Thread exited: 0x000001a365bc8aa0
Event: 2.183 Thread 0x000001a365ea78f0 Thread added: 0x000001a365ea78f0
Event: 2.184 Thread 0x000001a365ea7e00 Thread added: 0x000001a365ea7e00
Event: 2.186 Thread 0x000001a365ea64b0 Thread added: 0x000001a365ea64b0
Event: 2.197 Thread 0x000001a365ea5fa0 Thread added: 0x000001a365ea5fa0
Event: 2.277 Thread 0x000001a365ea8310 Thread added: 0x000001a365ea8310
Event: 2.281 Thread 0x000001a365ea8310 Thread exited: 0x000001a365ea8310
Event: 2.750 Thread 0x000001a365ea5580 Thread added: 0x000001a365ea5580
Event: 2.784 Thread 0x000001a365ea8310 Thread added: 0x000001a365ea8310
Event: 2.787 Thread 0x000001a365ea8310 Thread exited: 0x000001a365ea8310
Event: 2.868 Thread 0x000001a365ea8310 Thread added: 0x000001a365ea8310


Dynamic libraries:
0x00007ff78ba10000 - 0x00007ff78ba1e000 	C:\Users\ssginc22\.jdks\corretto-17.0.12\bin\java.exe
0x00007ff8379f0000 - 0x00007ff837be8000 	C:\Windows\SYSTEM32\ntdll.dll
0x00007ff836df0000 - 0x00007ff836eb1000 	C:\Windows\System32\KERNEL32.DLL
0x00007ff8350a0000 - 0x00007ff83539d000 	C:\Windows\System32\KERNELBASE.dll
0x00007ff8357d0000 - 0x00007ff8358d0000 	C:\Windows\System32\ucrtbase.dll
0x00007ff8309f0000 - 0x00007ff830a07000 	C:\Users\ssginc22\.jdks\corretto-17.0.12\bin\jli.dll
0x00007ff8309a0000 - 0x00007ff8309bb000 	C:\Users\ssginc22\.jdks\corretto-17.0.12\bin\VCRUNTIME140.dll
0x00007ff836a70000 - 0x00007ff836c0d000 	C:\Windows\System32\USER32.dll
0x00007ff835440000 - 0x00007ff835462000 	C:\Windows\System32\win32u.dll
0x00007ff824450000 - 0x00007ff8246ea000 	C:\Windows\WinSxS\amd64_microsoft.windows.common-controls_6595b64144ccf1df_6.0.19041.4355_none_60b8b9eb71f62e16\COMCTL32.dll
0x00007ff835c00000 - 0x00007ff835c2b000 	C:\Windows\System32\GDI32.dll
0x00007ff8377f0000 - 0x00007ff83788e000 	C:\Windows\System32\msvcrt.dll
0x00007ff8358d0000 - 0x00007ff8359e7000 	C:\Windows\System32\gdi32full.dll
0x00007ff8353a0000 - 0x00007ff83543d000 	C:\Windows\System32\msvcp_win.dll
0x00007ff837890000 - 0x00007ff8378bf000 	C:\Windows\System32\IMM32.DLL
0x00007ff830d30000 - 0x00007ff830d3c000 	C:\Users\ssginc22\.jdks\corretto-17.0.12\bin\vcruntime140_1.dll
0x00007ff807210000 - 0x00007ff80729d000 	C:\Users\ssginc22\.jdks\corretto-17.0.12\bin\msvcp140.dll
0x00007ffff2950000 - 0x00007ffff35ba000 	C:\Users\ssginc22\.jdks\corretto-17.0.12\bin\server\jvm.dll
0x00007ff835b30000 - 0x00007ff835be0000 	C:\Windows\System32\ADVAPI32.dll
0x00007ff836530000 - 0x00007ff8365d0000 	C:\Windows\System32\sechost.dll
0x00007ff835c30000 - 0x00007ff835d53000 	C:\Windows\System32\RPCRT4.dll
0x00007ff8359f0000 - 0x00007ff835a17000 	C:\Windows\System32\bcrypt.dll
0x00007ff8369f0000 - 0x00007ff836a5b000 	C:\Windows\System32\WS2_32.dll
0x00007ff8345e0000 - 0x00007ff83462b000 	C:\Windows\SYSTEM32\POWRPROF.dll
0x00007ff82d380000 - 0x00007ff82d38a000 	C:\Windows\SYSTEM32\VERSION.dll
0x00007ff81cb50000 - 0x00007ff81cb77000 	C:\Windows\SYSTEM32\WINMM.dll
0x00007ff834450000 - 0x00007ff834462000 	C:\Windows\SYSTEM32\UMPDC.dll
0x00007ff833870000 - 0x00007ff833882000 	C:\Windows\SYSTEM32\kernel.appcore.dll
0x00007ff830990000 - 0x00007ff83099a000 	C:\Users\ssginc22\.jdks\corretto-17.0.12\bin\jimage.dll
0x00007ff8335b0000 - 0x00007ff833794000 	C:\Windows\SYSTEM32\DBGHELP.DLL
0x00007ff824720000 - 0x00007ff824754000 	C:\Windows\SYSTEM32\dbgcore.DLL
0x00007ff835530000 - 0x00007ff8355b2000 	C:\Windows\System32\bcryptPrimitives.dll
0x00007ff824010000 - 0x00007ff82401e000 	C:\Users\ssginc22\.jdks\corretto-17.0.12\bin\instrument.dll
0x00007ff8306f0000 - 0x00007ff830715000 	C:\Users\ssginc22\.jdks\corretto-17.0.12\bin\java.dll
0x00007ff806c10000 - 0x00007ff806ce7000 	C:\Users\ssginc22\.jdks\corretto-17.0.12\bin\jsvml.dll
0x00007ff836fa0000 - 0x00007ff83770f000 	C:\Windows\System32\SHELL32.dll
0x00007ff832e10000 - 0x00007ff8335af000 	C:\Windows\SYSTEM32\windows.storage.dll
0x00007ff835d60000 - 0x00007ff8360b3000 	C:\Windows\System32\combase.dll
0x00007ff8349e0000 - 0x00007ff834a0e000 	C:\Windows\SYSTEM32\Wldp.dll
0x00007ff8367e0000 - 0x00007ff8368ad000 	C:\Windows\System32\OLEAUT32.dll
0x00007ff836c10000 - 0x00007ff836cbd000 	C:\Windows\System32\SHCORE.dll
0x00007ff837790000 - 0x00007ff8377e5000 	C:\Windows\System32\shlwapi.dll
0x00007ff834fd0000 - 0x00007ff834ff4000 	C:\Windows\SYSTEM32\profapi.dll
0x00007ff814610000 - 0x00007ff814628000 	C:\Users\ssginc22\.jdks\corretto-17.0.12\bin\zip.dll
0x00007ff8307a0000 - 0x00007ff8307b9000 	C:\Users\ssginc22\.jdks\corretto-17.0.12\bin\net.dll
0x00007ff831530000 - 0x00007ff83163d000 	C:\Windows\SYSTEM32\WINHTTP.dll
0x00007ff8347c0000 - 0x00007ff83482a000 	C:\Windows\system32\mswsock.dll
0x00007ff818950000 - 0x00007ff818966000 	C:\Users\ssginc22\.jdks\corretto-17.0.12\bin\nio.dll
0x00007ff814290000 - 0x00007ff8142aa000 	C:\Program Files\JetBrains\IntelliJ IDEA 2024.1.5\bin\breakgen64.dll
0x00007ff8344b0000 - 0x00007ff83457a000 	C:\Windows\SYSTEM32\DNSAPI.dll
0x00007ff834470000 - 0x00007ff8344ab000 	C:\Windows\SYSTEM32\IPHLPAPI.DLL
0x00007ff8368c0000 - 0x00007ff8368c8000 	C:\Windows\System32\NSI.dll
0x00007ff8241c0000 - 0x00007ff8241c9000 	C:\Users\ssginc22\.jdks\corretto-17.0.12\bin\extnet.dll
0x00007ff82dff0000 - 0x00007ff82dffa000 	C:\Windows\System32\rasadhlp.dll
0x00007ff82cbe0000 - 0x00007ff82cc60000 	C:\Windows\System32\fwpuclnt.dll
0x00007ff823f30000 - 0x00007ff823f39000 	C:\Users\ssginc22\.jdks\corretto-17.0.12\bin\management.dll
0x00007ff823490000 - 0x00007ff82349b000 	C:\Users\ssginc22\.jdks\corretto-17.0.12\bin\management_ext.dll
0x00007ff836a60000 - 0x00007ff836a68000 	C:\Windows\System32\PSAPI.DLL
0x00007ff834a20000 - 0x00007ff834a38000 	C:\Windows\SYSTEM32\CRYPTSP.dll
0x00007ff834090000 - 0x00007ff8340c4000 	C:\Windows\system32\rsaenh.dll
0x00007ff834f80000 - 0x00007ff834fae000 	C:\Windows\SYSTEM32\USERENV.dll
0x00007ff834950000 - 0x00007ff83495c000 	C:\Windows\SYSTEM32\CRYPTBASE.dll
0x00007ff82e000000 - 0x00007ff82e017000 	C:\Windows\SYSTEM32\dhcpcsvc6.DLL
0x00007ff82e4c0000 - 0x00007ff82e4dd000 	C:\Windows\SYSTEM32\dhcpcsvc.DLL
0x00007ff81a6e0000 - 0x00007ff81a6f7000 	C:\Windows\system32\napinsp.dll
0x00007ff81a6c0000 - 0x00007ff81a6db000 	C:\Windows\system32\pnrpnsp.dll
0x00007ff831760000 - 0x00007ff831775000 	C:\Windows\system32\wshbth.dll
0x00007ff831510000 - 0x00007ff83152d000 	C:\Windows\system32\NLAapi.dll
0x00007ff81a410000 - 0x00007ff81a422000 	C:\Windows\System32\winrnr.dll
0x00007ff824180000 - 0x00007ff82418e000 	C:\Users\ssginc22\.jdks\corretto-17.0.12\bin\sunmscapi.dll
0x00007ff835670000 - 0x00007ff8357ce000 	C:\Windows\System32\CRYPT32.dll
0x00007ff834b30000 - 0x00007ff834b59000 	C:\Windows\SYSTEM32\ncrypt.dll
0x00007ff834af0000 - 0x00007ff834b2b000 	C:\Windows\SYSTEM32\NTASN1.dll
0x00007ff82de00000 - 0x00007ff82de10000 	C:\Users\ssginc22\.jdks\corretto-17.0.12\bin\verify.dll

dbghelp: loaded successfully - version: 4.0.5 - missing functions: none
symbol engine: initialized successfully - sym options: 0x614 - pdb path: .;C:\Users\ssginc22\.jdks\corretto-17.0.12\bin;C:\Windows\SYSTEM32;C:\Windows\WinSxS\amd64_microsoft.windows.common-controls_6595b64144ccf1df_6.0.19041.4355_none_60b8b9eb71f62e16;C:\Users\ssginc22\.jdks\corretto-17.0.12\bin\server;C:\Program Files\JetBrains\IntelliJ IDEA 2024.1.5\bin

VM Arguments:
jvm_args: -XX:TieredStopAtLevel=1 -Dspring.output.ansi.enabled=always -Dcom.sun.management.jmxremote -Dspring.jmx.enabled=true -Dspring.liveBeansView.mbeanDomain -Dspring.application.admin.enabled=true -Dmanagement.endpoints.jmx.exposure.include=* -javaagent:C:\Program Files\JetBrains\IntelliJ IDEA 2024.1.5\lib\idea_rt.jar=61282:C:\Program Files\JetBrains\IntelliJ IDEA 2024.1.5\bin -Dfile.encoding=UTF-8 
java_command: org.example.sivillage.SiVillageApplication
java_class_path (initial): C:\Users\ssginc22\Desktop\SI-VILLAGE-BACKEND\build\classes\java\main;C:\Users\ssginc22\Desktop\SI-VILLAGE-BACKEND\build\resources\main;C:\Users\ssginc22\.gradle\caches\modules-2\files-2.1\org.projectlombok\lombok\1.18.34\ec547ef414ab1d2c040118fb9c1c265ada63af14\lombok-1.18.34.jar;C:\Users\ssginc22\.gradle\caches\modules-2\files-2.1\org.springframework.boot\spring-boot-starter-data-jpa\3.2.8\f06495248072dd6c2bab1515844afaf30dcab6bf\spring-boot-starter-data-jpa-3.2.8.jar;C:\Users\ssginc22\.gradle\caches\modules-2\files-2.1\org.springframework.boot\spring-boot-starter-web\3.2.8\8dd35c1f7c7bbffc391f68b9e27ea77ad4d8c0c6\spring-boot-starter-web-3.2.8.jar;C:\Users\ssginc22\.gradle\caches\modules-2\files-2.1\org.springframework.boot\spring-boot-starter-security\3.2.8\936418206eced38b9f2f8806b5779e7a6729f19\spring-boot-starter-security-3.2.8.jar;C:\Users\ssginc22\.gradle\caches\modules-2\files-2.1\org.springframework.boot\spring-boot-starter-validation\3.2.8\34e35a1853ebf7ad239115cdc90de909f28aed53\spring-boot-starter-validation-3.2.8.jar;C:\Users\ssginc22\.gradle\caches\modules-2\files-2.1\io.jsonwebtoken\jjwt-api\0.11.5\f742940045619d06383e7df37b21ac422b476cf1\jjwt-api-0.11.5.jar;C:\Users\ssginc22\.gradle\caches\modules-2\files-2.1\org.springdoc\springdoc-openapi-starter-webmvc-ui\2.0.2\264da79c9d4a53feab8c5c6d0e0cb143bd099d4\springdoc-openapi-starter-webmvc-ui-2.0.2.jar;C:\Users\ssginc22\.gradle\caches\modules-2\files-2.1\org.springframework.boot\spring-boot-starter-data-redis\3.2.8\a061005f388358791f1bea2854fdf35816cf5bd4\spring-boot-starter-data-redis-3.2.8.jar;C:\Users\ssginc22\.gradle\caches\modules-2\files-2.1\org.springframework.boot\spring-boot-starter-thymeleaf\3.2.8\ef568b3b7ae7833801093af7c89f1c30d95f463a\spring-boot-starter-thymeleaf-3.2.8.jar;C:\Users\ssginc22\.gradle\caches\modules-2\files-2.1\org.modelmapper\modelmapper\3.1.0\a3727e6b449dfc9d9052d48185d1eeb029faaf12\modelmapper-3.1.0.jar;C:\Users\ssginc22\.gradle\caches\modules-2
Launcher Type: SUN_STANDARD

[Global flags]
     intx CICompilerCount                          = 4                                         {product} {ergonomic}
     uint ConcGCThreads                            = 3                                         {product} {ergonomic}
     uint G1ConcRefinementThreads                  = 10                                        {product} {ergonomic}
   size_t G1HeapRegionSize                         = 2097152                                   {product} {ergonomic}
    uintx GCDrainStackTargetSize                   = 64                                        {product} {ergonomic}
   size_t InitialHeapSize                          = 264241152                                 {product} {ergonomic}
     bool ManagementServer                         = true                                      {product} {command line}
   size_t MarkStackSize                            = 4194304                                   {product} {ergonomic}
   size_t MaxHeapSize                              = 4227858432                                {product} {ergonomic}
   size_t MaxNewSize                               = 2535456768                                {product} {ergonomic}
   size_t MinHeapDeltaBytes                        = 2097152                                   {product} {ergonomic}
   size_t MinHeapSize                              = 8388608                                   {product} {ergonomic}
    uintx NonProfiledCodeHeapSize                  = 0                                      {pd product} {ergonomic}
     bool ProfileInterpreter                       = false                                  {pd product} {command line}
    uintx ProfiledCodeHeapSize                     = 0                                      {pd product} {ergonomic}
   size_t SoftMaxHeapSize                          = 4227858432                             {manageable} {ergonomic}
     intx TieredStopAtLevel                        = 1                                         {product} {command line}
     bool UseCompressedClassPointers               = true                           {product lp64_product} {ergonomic}
     bool UseCompressedOops                        = true                           {product lp64_product} {ergonomic}
     bool UseG1GC                                  = true                                      {product} {ergonomic}
     bool UseLargePagesIndividualAllocation        = false                                  {pd product} {ergonomic}

Logging:
Log output configuration:
 #0: stdout all=warning uptime,level,tags
 #1: stderr all=off uptime,level,tags

Environment Variables:
PATH=C:\Windows\system32;C:\Windows;C:\Windows\System32\Wbem;C:\Windows\System32\WindowsPowerShell\v1.0\;C:\Windows\System32\OpenSSH\;C:\Program Files\Bandizip\;C:\Program Files\Git\cmd;C:\Program Files\Docker\Docker\resources\bin;C:\Program Files\nodejs\;C:\Program Files\Redis\;C:\Users\ssginc22\AppData\Local\Microsoft\WindowsApps;C:\Users\ssginc22\AppData\Local\Programs\Microsoft VS Code\bin;C:\Users\ssginc22\AppData\Roaming\npm;C:\Users\ssginc22\AppData\Local\GitHubDesktop\bin
USERNAME=ssginc22
OS=Windows_NT
PROCESSOR_IDENTIFIER=Intel64 Family 6 Model 141 Stepping 1, GenuineIntel
TMP=C:\Users\ssginc22\AppData\Local\Temp
TEMP=C:\Users\ssginc22\AppData\Local\Temp



Periodic native trim disabled


---------------  S Y S T E M  ---------------

OS:
 Windows 10 , 64 bit Build 19041 (10.0.19041.4717)
OS uptime: 15 days 3:18 hours
Hyper-V role detected

CPU: total 12 (initial active 12) (6 cores per cpu, 2 threads per core) family 6 model 141 stepping 1 microcode 0x34, cx8, cmov, fxsr, ht, mmx, 3dnowpref, sse, sse2, sse3, ssse3, sse4.1, sse4.2, popcnt, lzcnt, tsc, tscinvbit, avx, avx2, aes, erms, clmul, bmi1, bmi2, adx, avx512f, avx512dq, avx512cd, avx512bw, avx512vl, sha, fma, vzeroupper, avx512_vpopcntdq, avx512_vpclmulqdq, avx512_vaes, avx512_vnni, clflush, clflushopt, clwb, avx512_vbmi2, avx512_vbmi, hv
Processor Information for all 12 processors :
  Max Mhz: 2918, Current Mhz: 2918, Mhz Limit: 2918

Memory: 4k page, system-wide physical 16121M (1556M free)
TotalPageFile size 38277M (AvailPageFile size 91M)
current process WorkingSet (physical memory assigned to process): 218M, peak: 239M
current process commit charge ("private bytes"): 261M, peak: 382M

vm_info: OpenJDK 64-Bit Server VM (17.0.12+7-LTS) for windows-amd64 JRE (17.0.12+7-LTS), built on Jul 10 2024 20:46:33 by "Administrator" with MS VC++ 16.10 / 16.11 (VS2019)

END.
