#
# There is insufficient memory for the Java Runtime Environment to continue.
# Native memory allocation (mmap) failed to map 130023424 bytes. Error detail: G1 virtual space
# Possible reasons:
#   The system is out of physical RAM or swap space
#   This process is running with CompressedOops enabled, and the Java Heap may be blocking the growth of the native heap
# Possible solutions:
#   Reduce memory load on the system
#   Increase physical memory or swap space
#   Check if swap backing store is full
#   Decrease Java heap size (-Xmx/-Xms)
#   Decrease number of Java threads
#   Decrease Java thread stack sizes (-Xss)
#   Set larger code cache with -XX:ReservedCodeCacheSize=
#   JVM is running with Zero Based Compressed Oops mode in which the Java heap is
#     placed in the first 32GB address space. The Java Heap base address is the
#     maximum limit for the native heap growth. Please use -XX:HeapBaseMinAddress
#     to set the Java Heap base and to place the Java Heap above 32GB virtual address.
# This output file may be truncated or incomplete.
#
#  Out of Memory Error (os_windows.cpp:3613), pid=11744, tid=9860
#
# JRE version: OpenJDK Runtime Environment Corretto-17.0.12.7.1 (17.0.12+7) (build 17.0.12+7-LTS)
# Java VM: OpenJDK 64-Bit Server VM Corretto-17.0.12.7.1 (17.0.12+7-LTS, mixed mode, emulated-client, sharing, tiered, compressed oops, compressed class ptrs, g1 gc, windows-amd64)
# No core dump will be written. Minidumps are not enabled by default on client versions of Windows
#

---------------  S U M M A R Y ------------

Command Line: -XX:TieredStopAtLevel=1 -Dspring.output.ansi.enabled=always -Dcom.sun.management.jmxremote -Dspring.jmx.enabled=true -Dspring.liveBeansView.mbeanDomain -Dspring.application.admin.enabled=true -Dmanagement.endpoints.jmx.exposure.include=* -javaagent:C:\Program Files\JetBrains\IntelliJ IDEA 2024.1.5\lib\idea_rt.jar=51882:C:\Program Files\JetBrains\IntelliJ IDEA 2024.1.5\bin -Dfile.encoding=UTF-8 org.example.sivillage.SiVillageApplication

Host: 11th Gen Intel(R) Core(TM) i7-11600H @ 2.90GHz, 12 cores, 15G,  Windows 10 , 64 bit Build 19041 (10.0.19041.4717)
Time: Tue Sep 10 16:08:31 2024  Windows 10 , 64 bit Build 19041 (10.0.19041.4717) elapsed time: 55.534434 seconds (0d 0h 0m 55s)

---------------  T H R E A D  ---------------

Current thread (0x0000023032284e80):  VMThread "VM Thread" [stack: 0x00000074c1600000,0x00000074c1700000] [id=9860]

Stack: [0x00000074c1600000,0x00000074c1700000]
Native frames: (J=compiled Java code, j=interpreted, Vv=VM code, C=native code)
V  [jvm.dll+0x67f4f9]
V  [jvm.dll+0x836eaa]
V  [jvm.dll+0x83896e]
V  [jvm.dll+0x838fd3]
V  [jvm.dll+0x247f6f]
V  [jvm.dll+0x67c2b9]
V  [jvm.dll+0x670d7a]
V  [jvm.dll+0x307b5b]
V  [jvm.dll+0x30f046]
V  [jvm.dll+0x35f22e]
V  [jvm.dll+0x35f46f]
V  [jvm.dll+0x2deb7c]
V  [jvm.dll+0x2dcf3f]
V  [jvm.dll+0x2dc66c]
V  [jvm.dll+0x31fd4b]
V  [jvm.dll+0x83d4cd]
V  [jvm.dll+0x83e212]
V  [jvm.dll+0x83e73f]
V  [jvm.dll+0x83eb24]
V  [jvm.dll+0x83ebf0]
V  [jvm.dll+0x7e62ac]
V  [jvm.dll+0x67e3c7]
C  [ucrtbase.dll+0x21bb2]
C  [KERNEL32.DLL+0x17374]
C  [ntdll.dll+0x4cc91]

VM_Operation (0x00000074c46f8030): G1CollectForAllocation, mode: safepoint, requested by thread 0x000002307b02e850


---------------  P R O C E S S  ---------------

Threads class SMR info:
_java_thread_list=0x000002307ac7f2f0, length=39, elements={
0x0000023032288930, 0x00000230322894f0, 0x00000230322a6630, 0x00000230322a71f0,
0x00000230322a9bc0, 0x00000230322ac590, 0x00000230322b0450, 0x00000230322b8e60,
0x0000023032273fd0, 0x00000230782c64f0, 0x00000230782c69d0, 0x00000230783cce90,
0x0000023079363590, 0x0000023079372480, 0x00000230796c7b10, 0x00000230796c8020,
0x00000230796c4870, 0x00000230796c5cb0, 0x00000230796c5290, 0x00000230796c6be0,
0x00000230796c70f0, 0x000002307b031af0, 0x000002307b032000, 0x000002307b032510,
0x000002307b02ed60, 0x000002307b02b0a0, 0x000002307b02c4e0, 0x000002307b02e340,
0x000002307b02f780, 0x000002307b02e850, 0x000002307b02cf00, 0x000002307b0310d0,
0x000002307b0306b0, 0x000002307b02d410, 0x000002307b0315e0, 0x000002307b02c9f0,
0x000002307b02fc90, 0x000002307b0301a0, 0x00000230784097f0
}

Java Threads: ( => current thread )
  0x0000023032288930 JavaThread "Reference Handler" daemon [_thread_blocked, id=13296, stack(0x00000074c1700000,0x00000074c1800000)]
  0x00000230322894f0 JavaThread "Finalizer" daemon [_thread_blocked, id=14428, stack(0x00000074c1800000,0x00000074c1900000)]
  0x00000230322a6630 JavaThread "Signal Dispatcher" daemon [_thread_blocked, id=1560, stack(0x00000074c1900000,0x00000074c1a00000)]
  0x00000230322a71f0 JavaThread "Attach Listener" daemon [_thread_blocked, id=14724, stack(0x00000074c1a00000,0x00000074c1b00000)]
  0x00000230322a9bc0 JavaThread "Service Thread" daemon [_thread_blocked, id=1888, stack(0x00000074c1b00000,0x00000074c1c00000)]
  0x00000230322ac590 JavaThread "Monitor Deflation Thread" daemon [_thread_blocked, id=10324, stack(0x00000074c1c00000,0x00000074c1d00000)]
  0x00000230322b0450 JavaThread "C1 CompilerThread0" daemon [_thread_blocked, id=15548, stack(0x00000074c1d00000,0x00000074c1e00000)]
  0x00000230322b8e60 JavaThread "Sweeper thread" daemon [_thread_blocked, id=11964, stack(0x00000074c1e00000,0x00000074c1f00000)]
  0x0000023032273fd0 JavaThread "Common-Cleaner" daemon [_thread_blocked, id=12016, stack(0x00000074c1f00000,0x00000074c2000000)]
  0x00000230782c64f0 JavaThread "Monitor Ctrl-Break" daemon [_thread_in_native, id=11628, stack(0x00000074c2200000,0x00000074c2300000)]
  0x00000230782c69d0 JavaThread "Notification Thread" daemon [_thread_blocked, id=4452, stack(0x00000074c2300000,0x00000074c2400000)]
  0x00000230783cce90 JavaThread "RMI TCP Accept-0" daemon [_thread_in_native, id=12592, stack(0x00000074c2400000,0x00000074c2500000)]
  0x0000023079363590 JavaThread "RMI TCP Connection(idle)" daemon [_thread_blocked, id=17792, stack(0x00000074c2f00000,0x00000074c3000000)]
  0x0000023079372480 JavaThread "RMI Scheduler(0)" daemon [_thread_blocked, id=13684, stack(0x00000074c3400000,0x00000074c3500000)]
  0x00000230796c7b10 JavaThread "Catalina-utility-1" [_thread_blocked, id=12780, stack(0x00000074c3500000,0x00000074c3600000)]
  0x00000230796c8020 JavaThread "Catalina-utility-2" [_thread_blocked, id=25304, stack(0x00000074c3600000,0x00000074c3700000)]
  0x00000230796c4870 JavaThread "container-0" [_thread_blocked, id=11536, stack(0x00000074c3700000,0x00000074c3800000)]
  0x00000230796c5cb0 JavaThread "mysql-cj-abandoned-connection-cleanup" daemon [_thread_blocked, id=23988, stack(0x00000074c3800000,0x00000074c3900000)]
  0x00000230796c5290 JavaThread "HikariPool-1 housekeeper" daemon [_thread_blocked, id=6860, stack(0x00000074c3a00000,0x00000074c3b00000)]
  0x00000230796c6be0 JavaThread "lettuce-timer-3-1" daemon [_thread_blocked, id=20656, stack(0x00000074c3c00000,0x00000074c3d00000)]
  0x00000230796c70f0 JavaThread "lettuce-timer-5-1" daemon [_thread_blocked, id=1880, stack(0x00000074c3d00000,0x00000074c3e00000)]
  0x000002307b031af0 JavaThread "http-nio-8080-exec-1" daemon [_thread_blocked, id=4540, stack(0x00000074c3e00000,0x00000074c3f00000)]
  0x000002307b032000 JavaThread "http-nio-8080-exec-2" daemon [_thread_blocked, id=12680, stack(0x00000074c3f00000,0x00000074c4000000)]
  0x000002307b032510 JavaThread "http-nio-8080-exec-3" daemon [_thread_blocked, id=14204, stack(0x00000074c4000000,0x00000074c4100000)]
  0x000002307b02ed60 JavaThread "http-nio-8080-exec-4" daemon [_thread_blocked, id=26592, stack(0x00000074c4100000,0x00000074c4200000)]
  0x000002307b02b0a0 JavaThread "http-nio-8080-exec-5" daemon [_thread_blocked, id=15492, stack(0x00000074c4200000,0x00000074c4300000)]
  0x000002307b02c4e0 JavaThread "http-nio-8080-exec-6" daemon [_thread_blocked, id=11412, stack(0x00000074c4300000,0x00000074c4400000)]
  0x000002307b02e340 JavaThread "http-nio-8080-exec-7" daemon [_thread_blocked, id=19332, stack(0x00000074c4400000,0x00000074c4500000)]
  0x000002307b02f780 JavaThread "http-nio-8080-exec-8" daemon [_thread_blocked, id=26600, stack(0x00000074c4500000,0x00000074c4600000)]
  0x000002307b02e850 JavaThread "http-nio-8080-exec-9" daemon [_thread_blocked, id=25008, stack(0x00000074c4600000,0x00000074c4700000)]
  0x000002307b02cf00 JavaThread "http-nio-8080-exec-10" daemon [_thread_blocked, id=21844, stack(0x00000074c4700000,0x00000074c4800000)]
  0x000002307b0310d0 JavaThread "http-nio-8080-Poller" daemon [_thread_in_native, id=24916, stack(0x00000074c4800000,0x00000074c4900000)]
  0x000002307b0306b0 JavaThread "http-nio-8080-Acceptor" daemon [_thread_in_native, id=22440, stack(0x00000074c4900000,0x00000074c4a00000)]
  0x000002307b02d410 JavaThread "DestroyJavaVM" [_thread_blocked, id=13008, stack(0x00000074c1000000,0x00000074c1100000)]
  0x000002307b0315e0 JavaThread "ForkJoinPool.commonPool-worker-1" daemon [_thread_blocked, id=11212, stack(0x00000074c3b00000,0x00000074c3c00000)]
  0x000002307b02c9f0 JavaThread "ForkJoinPool.commonPool-worker-2" daemon [_thread_blocked, id=25420, stack(0x00000074c4a00000,0x00000074c4b00000)]
  0x000002307b02fc90 JavaThread "ForkJoinPool.commonPool-worker-3" daemon [_thread_blocked, id=23836, stack(0x00000074c4b00000,0x00000074c4c00000)]
  0x000002307b0301a0 JavaThread "ForkJoinPool.commonPool-worker-4" daemon [_thread_blocked, id=15184, stack(0x00000074c4c00000,0x00000074c4d00000)]
  0x00000230784097f0 JavaThread "C1 CompilerThread1" daemon [_thread_blocked, id=14084, stack(0x00000074c3000000,0x00000074c3100000)]

Other Threads:
=>0x0000023032284e80 VMThread "VM Thread" [stack: 0x00000074c1600000,0x00000074c1700000] [id=9860]
  0x00000230783cc990 WatcherThread [stack: 0x00000074c2500000,0x00000074c2600000] [id=9632]
  0x000002301b922ce0 GCTaskThread "GC Thread#0" [stack: 0x00000074c1100000,0x00000074c1200000] [id=15100]
  0x0000023078710fa0 GCTaskThread "GC Thread#1" [stack: 0x00000074c2600000,0x00000074c2700000] [id=7424]
  0x0000023078711260 GCTaskThread "GC Thread#2" [stack: 0x00000074c2700000,0x00000074c2800000] [id=8504]
  0x0000023078711520 GCTaskThread "GC Thread#3" [stack: 0x00000074c2800000,0x00000074c2900000] [id=8924]
  0x00000230787117e0 GCTaskThread "GC Thread#4" [stack: 0x00000074c2900000,0x00000074c2a00000] [id=3500]
  0x00000230786cb510 GCTaskThread "GC Thread#5" [stack: 0x00000074c2a00000,0x00000074c2b00000] [id=6468]
  0x000002307874c210 GCTaskThread "GC Thread#6" [stack: 0x00000074c2b00000,0x00000074c2c00000] [id=13940]
  0x0000023078c09150 GCTaskThread "GC Thread#7" [stack: 0x00000074c2d00000,0x00000074c2e00000] [id=11240]
  0x0000023078c09410 GCTaskThread "GC Thread#8" [stack: 0x00000074c2e00000,0x00000074c2f00000] [id=13536]
  0x0000023079064aa0 GCTaskThread "GC Thread#9" [stack: 0x00000074c3100000,0x00000074c3200000] [id=25676]
  0x000002301b933830 ConcurrentGCThread "G1 Main Marker" [stack: 0x00000074c1200000,0x00000074c1300000] [id=11976]
  0x000002301b934250 ConcurrentGCThread "G1 Conc#0" [stack: 0x00000074c1300000,0x00000074c1400000] [id=17256]
  0x0000023079241f90 ConcurrentGCThread "G1 Conc#1" [stack: 0x00000074c3200000,0x00000074c3300000] [id=24000]
  0x000002307908cc50 ConcurrentGCThread "G1 Conc#2" [stack: 0x00000074c3300000,0x00000074c3400000] [id=11268]
  0x00000230321bd940 ConcurrentGCThread "G1 Refine#0" [stack: 0x00000074c1400000,0x00000074c1500000] [id=8816]
  0x00000230786ba370 ConcurrentGCThread "G1 Refine#1" [stack: 0x00000074c2c00000,0x00000074c2d00000] [id=20952]
  0x000002307969e820 ConcurrentGCThread "G1 Refine#2" [stack: 0x00000074c5000000,0x00000074c5100000] [id=7108]
  0x00000230321be370 ConcurrentGCThread "G1 Service" [stack: 0x00000074c1500000,0x00000074c1600000] [id=2292]

Threads with active compile tasks:

VM state: at safepoint (normal execution)

VM Mutex/Monitor currently owned by a thread:  ([mutex/lock_event])
[0x000002301b8b4d50] Threads_lock - owner thread: 0x0000023032284e80
[0x000002301b8b4840] Heap_lock - owner thread: 0x000002307b02e850

Heap address: 0x0000000704000000, size: 4032 MB, Compressed Oops mode: Zero based, Oop shift amount: 3

CDS archive(s) mapped at: [0x0000023033000000-0x0000023033bb0000-0x0000023033bb0000), size 12255232, SharedBaseAddress: 0x0000023033000000, ArchiveRelocationMode: 1.
Compressed class space mapped at: 0x0000023034000000-0x0000023074000000, reserved size: 1073741824
Narrow klass base: 0x0000023033000000, Narrow klass shift: 0, Narrow klass range: 0x100000000

GC Precious Log:
 CPUs: 12 total, 12 available
 Memory: 16121M
 Large Page Support: Disabled
 NUMA Support: Disabled
 Compressed Oops: Enabled (Zero based)
 Heap Region Size: 2M
 Heap Min Capacity: 8M
 Heap Initial Capacity: 252M
 Heap Max Capacity: 4032M
 Pre-touch: Disabled
 Parallel Workers: 10
 Concurrent Workers: 3
 Concurrent Refinement Workers: 10
 Periodic GC: Disabled

Heap:
 garbage-first heap   total 258048K, used 71643K [0x0000000704000000, 0x0000000800000000)
  region size 2048K, 1 young (2048K), 1 survivors (2048K)
 Metaspace       used 95154K, committed 96000K, reserved 1179648K
  class space    used 13773K, committed 14144K, reserved 1048576K

Heap Regions: E=young(eden), S=young(survivor), O=old, HS=humongous(starts), HC=humongous(continues), CS=collection set, F=free, OA=open archive, CA=closed archive, TAMS=top-at-mark-start (previous, next)
|   0|0x0000000704000000, 0x0000000704200000, 0x0000000704200000|100%| O|  |TAMS 0x0000000704200000, 0x0000000704000000| Untracked 
|   1|0x0000000704200000, 0x0000000704400000, 0x0000000704400000|100%| O|  |TAMS 0x0000000704400000, 0x0000000704200000| Untracked 
|   2|0x0000000704400000, 0x0000000704600000, 0x0000000704600000|100%| O|  |TAMS 0x0000000704600000, 0x0000000704400000| Untracked 
|   3|0x0000000704600000, 0x0000000704800000, 0x0000000704800000|100%| O|  |TAMS 0x0000000704800000, 0x0000000704600000| Untracked 
|   4|0x0000000704800000, 0x0000000704a00000, 0x0000000704a00000|100%| O|  |TAMS 0x0000000704a00000, 0x0000000704800000| Untracked 
|   5|0x0000000704a00000, 0x0000000704c00000, 0x0000000704c00000|100%| O|  |TAMS 0x0000000704c00000, 0x0000000704a00000| Untracked 
|   6|0x0000000704c00000, 0x0000000704e00000, 0x0000000704e00000|100%| O|  |TAMS 0x0000000704e00000, 0x0000000704c00000| Untracked 
|   7|0x0000000704e00000, 0x0000000705000000, 0x0000000705000000|100%| O|  |TAMS 0x0000000705000000, 0x0000000704e00000| Untracked 
|   8|0x0000000705000000, 0x0000000705200000, 0x0000000705200000|100%| O|  |TAMS 0x0000000705200000, 0x0000000705000000| Untracked 
|   9|0x0000000705200000, 0x0000000705400000, 0x0000000705400000|100%| O|  |TAMS 0x0000000705400000, 0x0000000705200000| Untracked 
|  10|0x0000000705400000, 0x0000000705600000, 0x0000000705600000|100%| O|  |TAMS 0x0000000705600000, 0x0000000705400000| Untracked 
|  11|0x0000000705600000, 0x0000000705800000, 0x0000000705800000|100%| O|  |TAMS 0x0000000705800000, 0x0000000705600000| Untracked 
|  12|0x0000000705800000, 0x0000000705a00000, 0x0000000705a00000|100%| O|  |TAMS 0x0000000705a00000, 0x0000000705800000| Untracked 
|  13|0x0000000705a00000, 0x0000000705c00000, 0x0000000705c00000|100%| O|  |TAMS 0x0000000705c00000, 0x0000000705a00000| Untracked 
|  14|0x0000000705c00000, 0x0000000705e00000, 0x0000000705e00000|100%| O|  |TAMS 0x0000000705e00000, 0x0000000705c00000| Untracked 
|  15|0x0000000705e00000, 0x0000000706000000, 0x0000000706000000|100%| O|  |TAMS 0x0000000706000000, 0x0000000705e00000| Untracked 
|  16|0x0000000706000000, 0x0000000706200000, 0x0000000706200000|100%| O|  |TAMS 0x0000000706200000, 0x0000000706000000| Untracked 
|  17|0x0000000706200000, 0x0000000706400000, 0x0000000706400000|100%| O|  |TAMS 0x0000000706400000, 0x0000000706200000| Untracked 
|  18|0x0000000706400000, 0x0000000706600000, 0x0000000706600000|100%| O|  |TAMS 0x0000000706600000, 0x0000000706400000| Untracked 
|  19|0x0000000706600000, 0x0000000706800000, 0x0000000706800000|100%| O|  |TAMS 0x0000000706800000, 0x0000000706600000| Untracked 
|  20|0x0000000706800000, 0x0000000706800000, 0x0000000706a00000|  0%| F|  |TAMS 0x0000000706800000, 0x0000000706800000| Untracked 
|  21|0x0000000706a00000, 0x0000000706c00000, 0x0000000706c00000|100%| O|  |TAMS 0x0000000706a00000, 0x0000000706a00000| Untracked 
|  22|0x0000000706c00000, 0x0000000706e00000, 0x0000000706e00000|100%| O|  |TAMS 0x0000000706e00000, 0x0000000706c00000| Untracked 
|  23|0x0000000706e00000, 0x0000000707000000, 0x0000000707000000|100%| O|  |TAMS 0x0000000707000000, 0x0000000706e00000| Untracked 
|  24|0x0000000707000000, 0x0000000707000000, 0x0000000707200000|  0%| F|  |TAMS 0x0000000707000000, 0x0000000707000000| Untracked 
|  25|0x0000000707200000, 0x0000000707306c00, 0x0000000707400000| 51%| O|  |TAMS 0x0000000707200000, 0x0000000707200000| Untracked 
|  26|0x0000000707400000, 0x0000000707400000, 0x0000000707600000|  0%| F|  |TAMS 0x0000000707400000, 0x0000000707400000| Untracked 
|  27|0x0000000707600000, 0x0000000707600000, 0x0000000707800000|  0%| F|  |TAMS 0x0000000707600000, 0x0000000707600000| Untracked 
|  28|0x0000000707800000, 0x0000000707800000, 0x0000000707a00000|  0%| F|  |TAMS 0x0000000707800000, 0x0000000707800000| Untracked 
|  29|0x0000000707a00000, 0x0000000707a00000, 0x0000000707c00000|  0%| F|  |TAMS 0x0000000707a00000, 0x0000000707a00000| Untracked 
|  30|0x0000000707c00000, 0x0000000707c00000, 0x0000000707e00000|  0%| F|  |TAMS 0x0000000707c00000, 0x0000000707c00000| Untracked 
|  31|0x0000000707e00000, 0x0000000708000000, 0x0000000708000000|100%| O|  |TAMS 0x0000000707e00000, 0x0000000707e00000| Untracked 
|  32|0x0000000708000000, 0x0000000708200000, 0x0000000708200000|100%| O|  |TAMS 0x0000000708000000, 0x0000000708000000| Untracked 
|  33|0x0000000708200000, 0x0000000708200000, 0x0000000708400000|  0%| F|  |TAMS 0x0000000708200000, 0x0000000708200000| Untracked 
|  34|0x0000000708400000, 0x0000000708400000, 0x0000000708600000|  0%| F|  |TAMS 0x0000000708400000, 0x0000000708400000| Untracked 
|  35|0x0000000708600000, 0x0000000708600000, 0x0000000708800000|  0%| F|  |TAMS 0x0000000708600000, 0x0000000708600000| Untracked 
|  36|0x0000000708800000, 0x0000000708800000, 0x0000000708a00000|  0%| F|  |TAMS 0x0000000708800000, 0x0000000708800000| Untracked 
|  37|0x0000000708a00000, 0x0000000708a00000, 0x0000000708c00000|  0%| F|  |TAMS 0x0000000708a00000, 0x0000000708a00000| Untracked 
|  38|0x0000000708c00000, 0x0000000708c00000, 0x0000000708e00000|  0%| F|  |TAMS 0x0000000708c00000, 0x0000000708c00000| Untracked 
|  39|0x0000000708e00000, 0x0000000709000000, 0x0000000709000000|100%| O|  |TAMS 0x0000000709000000, 0x0000000708e00000| Untracked 
|  40|0x0000000709000000, 0x0000000709000000, 0x0000000709200000|  0%| F|  |TAMS 0x0000000709000000, 0x0000000709000000| Untracked 
|  41|0x0000000709200000, 0x0000000709200000, 0x0000000709400000|  0%| F|  |TAMS 0x0000000709200000, 0x0000000709200000| Untracked 
|  42|0x0000000709400000, 0x0000000709600000, 0x0000000709600000|100%| O|  |TAMS 0x0000000709600000, 0x0000000709400000| Untracked 
|  43|0x0000000709600000, 0x0000000709800000, 0x0000000709800000|100%| O|  |TAMS 0x0000000709800000, 0x0000000709600000| Untracked 
|  44|0x0000000709800000, 0x0000000709a00000, 0x0000000709a00000|100%| O|  |TAMS 0x0000000709a00000, 0x0000000709800000| Untracked 
|  45|0x0000000709a00000, 0x0000000709a00000, 0x0000000709c00000|  0%| F|  |TAMS 0x0000000709a00000, 0x0000000709a00000| Untracked 
|  46|0x0000000709c00000, 0x0000000709c00000, 0x0000000709e00000|  0%| F|  |TAMS 0x0000000709c00000, 0x0000000709c00000| Untracked 
|  47|0x0000000709e00000, 0x000000070a000000, 0x000000070a000000|100%| O|  |TAMS 0x0000000709e00000, 0x0000000709e00000| Untracked 
|  48|0x000000070a000000, 0x000000070a200000, 0x000000070a200000|100%| O|  |TAMS 0x000000070a000000, 0x000000070a000000| Untracked 
|  49|0x000000070a200000, 0x000000070a400000, 0x000000070a400000|100%| O|  |TAMS 0x000000070a200000, 0x000000070a200000| Untracked 
|  50|0x000000070a400000, 0x000000070a600000, 0x000000070a600000|100%| O|  |TAMS 0x000000070a400000, 0x000000070a400000| Untracked 
|  51|0x000000070a600000, 0x000000070a800000, 0x000000070a800000|100%| O|  |TAMS 0x000000070a600000, 0x000000070a600000| Untracked 
|  52|0x000000070a800000, 0x000000070a800000, 0x000000070aa00000|  0%| F|  |TAMS 0x000000070a800000, 0x000000070a800000| Untracked 
|  53|0x000000070aa00000, 0x000000070aa00000, 0x000000070ac00000|  0%| F|  |TAMS 0x000000070aa00000, 0x000000070aa00000| Untracked 
|  54|0x000000070ac00000, 0x000000070ac00000, 0x000000070ae00000|  0%| F|  |TAMS 0x000000070ac00000, 0x000000070ac00000| Untracked 
|  55|0x000000070ae00000, 0x000000070ae00000, 0x000000070b000000|  0%| F|  |TAMS 0x000000070ae00000, 0x000000070ae00000| Untracked 
|  56|0x000000070b000000, 0x000000070b000000, 0x000000070b200000|  0%| F|  |TAMS 0x000000070b000000, 0x000000070b000000| Untracked 
|  57|0x000000070b200000, 0x000000070b200000, 0x000000070b400000|  0%| F|  |TAMS 0x000000070b200000, 0x000000070b200000| Untracked 
|  58|0x000000070b400000, 0x000000070b400000, 0x000000070b600000|  0%| F|  |TAMS 0x000000070b400000, 0x000000070b400000| Untracked 
|  59|0x000000070b600000, 0x000000070b600000, 0x000000070b800000|  0%| F|  |TAMS 0x000000070b600000, 0x000000070b600000| Untracked 
|  60|0x000000070b800000, 0x000000070b800000, 0x000000070ba00000|  0%| F|  |TAMS 0x000000070b800000, 0x000000070b800000| Untracked 
|  61|0x000000070ba00000, 0x000000070ba00000, 0x000000070bc00000|  0%| F|  |TAMS 0x000000070ba00000, 0x000000070ba00000| Untracked 
|  62|0x000000070bc00000, 0x000000070bc00000, 0x000000070be00000|  0%| F|  |TAMS 0x000000070bc00000, 0x000000070bc00000| Untracked 
|  63|0x000000070be00000, 0x000000070be00000, 0x000000070c000000|  0%| F|  |TAMS 0x000000070be00000, 0x000000070be00000| Untracked 
|  64|0x000000070c000000, 0x000000070c000000, 0x000000070c200000|  0%| F|  |TAMS 0x000000070c000000, 0x000000070c000000| Untracked 
|  65|0x000000070c200000, 0x000000070c200000, 0x000000070c400000|  0%| F|  |TAMS 0x000000070c200000, 0x000000070c200000| Untracked 
|  66|0x000000070c400000, 0x000000070c400000, 0x000000070c600000|  0%| F|  |TAMS 0x000000070c400000, 0x000000070c400000| Untracked 
|  67|0x000000070c600000, 0x000000070c600000, 0x000000070c800000|  0%| F|  |TAMS 0x000000070c600000, 0x000000070c600000| Untracked 
|  68|0x000000070c800000, 0x000000070c800000, 0x000000070ca00000|  0%| F|  |TAMS 0x000000070c800000, 0x000000070c800000| Untracked 
|  69|0x000000070ca00000, 0x000000070ca00000, 0x000000070cc00000|  0%| F|  |TAMS 0x000000070ca00000, 0x000000070ca00000| Untracked 
|  70|0x000000070cc00000, 0x000000070cc00000, 0x000000070ce00000|  0%| F|  |TAMS 0x000000070cc00000, 0x000000070cc00000| Untracked 
|  71|0x000000070ce00000, 0x000000070ce00000, 0x000000070d000000|  0%| F|  |TAMS 0x000000070ce00000, 0x000000070ce00000| Untracked 
|  72|0x000000070d000000, 0x000000070d000000, 0x000000070d200000|  0%| F|  |TAMS 0x000000070d000000, 0x000000070d000000| Untracked 
|  73|0x000000070d200000, 0x000000070d200000, 0x000000070d400000|  0%| F|  |TAMS 0x000000070d200000, 0x000000070d200000| Untracked 
|  74|0x000000070d400000, 0x000000070d400000, 0x000000070d600000|  0%| F|  |TAMS 0x000000070d400000, 0x000000070d400000| Untracked 
|  75|0x000000070d600000, 0x000000070d600000, 0x000000070d800000|  0%| F|  |TAMS 0x000000070d600000, 0x000000070d600000| Untracked 
|  76|0x000000070d800000, 0x000000070d800000, 0x000000070da00000|  0%| F|  |TAMS 0x000000070d800000, 0x000000070d800000| Untracked 
|  77|0x000000070da00000, 0x000000070da00000, 0x000000070dc00000|  0%| F|  |TAMS 0x000000070da00000, 0x000000070da00000| Untracked 
|  78|0x000000070dc00000, 0x000000070dc00000, 0x000000070de00000|  0%| F|  |TAMS 0x000000070dc00000, 0x000000070dc00000| Untracked 
|  79|0x000000070de00000, 0x000000070de00000, 0x000000070e000000|  0%| F|  |TAMS 0x000000070de00000, 0x000000070de00000| Untracked 
|  80|0x000000070e000000, 0x000000070e000000, 0x000000070e200000|  0%| F|  |TAMS 0x000000070e000000, 0x000000070e000000| Untracked 
|  81|0x000000070e200000, 0x000000070e200000, 0x000000070e400000|  0%| F|  |TAMS 0x000000070e200000, 0x000000070e200000| Untracked 
|  82|0x000000070e400000, 0x000000070e400000, 0x000000070e600000|  0%| F|  |TAMS 0x000000070e400000, 0x000000070e400000| Untracked 
|  83|0x000000070e600000, 0x000000070e600000, 0x000000070e800000|  0%| F|  |TAMS 0x000000070e600000, 0x000000070e600000| Untracked 
|  84|0x000000070e800000, 0x000000070e800000, 0x000000070ea00000|  0%| F|  |TAMS 0x000000070e800000, 0x000000070e800000| Untracked 
|  85|0x000000070ea00000, 0x000000070ea00000, 0x000000070ec00000|  0%| F|  |TAMS 0x000000070ea00000, 0x000000070ea00000| Untracked 
|  86|0x000000070ec00000, 0x000000070ec00000, 0x000000070ee00000|  0%| F|  |TAMS 0x000000070ec00000, 0x000000070ec00000| Untracked 
|  87|0x000000070ee00000, 0x000000070ee00000, 0x000000070f000000|  0%| F|  |TAMS 0x000000070ee00000, 0x000000070ee00000| Untracked 
|  88|0x000000070f000000, 0x000000070f000000, 0x000000070f200000|  0%| F|  |TAMS 0x000000070f000000, 0x000000070f000000| Untracked 
|  89|0x000000070f200000, 0x000000070f2f03a8, 0x000000070f400000| 46%| S|CS|TAMS 0x000000070f200000, 0x000000070f200000| Complete 
|  90|0x000000070f400000, 0x000000070f400000, 0x000000070f600000|  0%| F|  |TAMS 0x000000070f400000, 0x000000070f400000| Untracked 
|  91|0x000000070f600000, 0x000000070f600000, 0x000000070f800000|  0%| F|  |TAMS 0x000000070f600000, 0x000000070f600000| Untracked 
|  92|0x000000070f800000, 0x000000070f800000, 0x000000070fa00000|  0%| F|  |TAMS 0x000000070f800000, 0x000000070f800000| Untracked 
|  93|0x000000070fa00000, 0x000000070fa00000, 0x000000070fc00000|  0%| F|  |TAMS 0x000000070fa00000, 0x000000070fa00000| Untracked 
|  94|0x000000070fc00000, 0x000000070fc00000, 0x000000070fe00000|  0%| F|  |TAMS 0x000000070fc00000, 0x000000070fc00000| Untracked 
|  95|0x000000070fe00000, 0x000000070fe00000, 0x0000000710000000|  0%| F|  |TAMS 0x000000070fe00000, 0x000000070fe00000| Untracked 
|  96|0x0000000710000000, 0x0000000710000000, 0x0000000710200000|  0%| F|  |TAMS 0x0000000710000000, 0x0000000710000000| Untracked 
|  97|0x0000000710200000, 0x0000000710200000, 0x0000000710400000|  0%| F|  |TAMS 0x0000000710200000, 0x0000000710200000| Untracked 
|  98|0x0000000710400000, 0x0000000710400000, 0x0000000710600000|  0%| F|  |TAMS 0x0000000710400000, 0x0000000710400000| Untracked 
|  99|0x0000000710600000, 0x0000000710600000, 0x0000000710800000|  0%| F|  |TAMS 0x0000000710600000, 0x0000000710600000| Untracked 
| 100|0x0000000710800000, 0x0000000710800000, 0x0000000710a00000|  0%| F|  |TAMS 0x0000000710800000, 0x0000000710800000| Untracked 
| 101|0x0000000710a00000, 0x0000000710a00000, 0x0000000710c00000|  0%| F|  |TAMS 0x0000000710a00000, 0x0000000710a00000| Untracked 
| 102|0x0000000710c00000, 0x0000000710c00000, 0x0000000710e00000|  0%| F|  |TAMS 0x0000000710c00000, 0x0000000710c00000| Untracked 
| 103|0x0000000710e00000, 0x0000000710e00000, 0x0000000711000000|  0%| F|  |TAMS 0x0000000710e00000, 0x0000000710e00000| Untracked 
| 104|0x0000000711000000, 0x0000000711000000, 0x0000000711200000|  0%| F|  |TAMS 0x0000000711000000, 0x0000000711000000| Untracked 
| 105|0x0000000711200000, 0x0000000711200000, 0x0000000711400000|  0%| F|  |TAMS 0x0000000711200000, 0x0000000711200000| Untracked 
| 106|0x0000000711400000, 0x0000000711400000, 0x0000000711600000|  0%| F|  |TAMS 0x0000000711400000, 0x0000000711400000| Untracked 
| 107|0x0000000711600000, 0x0000000711600000, 0x0000000711800000|  0%| F|  |TAMS 0x0000000711600000, 0x0000000711600000| Untracked 
| 108|0x0000000711800000, 0x0000000711800000, 0x0000000711a00000|  0%| F|  |TAMS 0x0000000711800000, 0x0000000711800000| Untracked 
| 109|0x0000000711a00000, 0x0000000711a00000, 0x0000000711c00000|  0%| F|  |TAMS 0x0000000711a00000, 0x0000000711a00000| Untracked 
| 110|0x0000000711c00000, 0x0000000711c00000, 0x0000000711e00000|  0%| F|  |TAMS 0x0000000711c00000, 0x0000000711c00000| Untracked 
| 111|0x0000000711e00000, 0x0000000711e00000, 0x0000000712000000|  0%| F|  |TAMS 0x0000000711e00000, 0x0000000711e00000| Untracked 
| 112|0x0000000712000000, 0x0000000712000000, 0x0000000712200000|  0%| F|  |TAMS 0x0000000712000000, 0x0000000712000000| Untracked 
| 113|0x0000000712200000, 0x0000000712200000, 0x0000000712400000|  0%| F|  |TAMS 0x0000000712200000, 0x0000000712200000| Untracked 
| 114|0x0000000712400000, 0x0000000712400000, 0x0000000712600000|  0%| F|  |TAMS 0x0000000712400000, 0x0000000712400000| Untracked 
| 115|0x0000000712600000, 0x0000000712600000, 0x0000000712800000|  0%| F|  |TAMS 0x0000000712600000, 0x0000000712600000| Untracked 
| 116|0x0000000712800000, 0x0000000712800000, 0x0000000712a00000|  0%| F|  |TAMS 0x0000000712800000, 0x0000000712800000| Untracked 
| 117|0x0000000712a00000, 0x0000000712a00000, 0x0000000712c00000|  0%| F|  |TAMS 0x0000000712a00000, 0x0000000712a00000| Untracked 
| 118|0x0000000712c00000, 0x0000000712c00000, 0x0000000712e00000|  0%| F|  |TAMS 0x0000000712c00000, 0x0000000712c00000| Untracked 
| 119|0x0000000712e00000, 0x0000000712e00000, 0x0000000713000000|  0%| F|  |TAMS 0x0000000712e00000, 0x0000000712e00000| Untracked 
| 120|0x0000000713000000, 0x0000000713000000, 0x0000000713200000|  0%| F|  |TAMS 0x0000000713000000, 0x0000000713000000| Untracked 
| 121|0x0000000713200000, 0x0000000713200000, 0x0000000713400000|  0%| F|  |TAMS 0x0000000713200000, 0x0000000713200000| Untracked 
| 122|0x0000000713400000, 0x0000000713400000, 0x0000000713600000|  0%| F|  |TAMS 0x0000000713400000, 0x0000000713400000| Untracked 
| 123|0x0000000713600000, 0x0000000713600000, 0x0000000713800000|  0%| F|  |TAMS 0x0000000713600000, 0x0000000713600000| Untracked 
| 124|0x0000000713800000, 0x0000000713800000, 0x0000000713a00000|  0%| F|  |TAMS 0x0000000713800000, 0x0000000713800000| Untracked 
| 125|0x0000000713a00000, 0x0000000713a00000, 0x0000000713c00000|  0%| F|  |TAMS 0x0000000713a00000, 0x0000000713a00000| Untracked 

Card table byte_map: [0x0000023026ee0000,0x00000230276c0000] _byte_map_base: 0x00000230236c0000

Marking Bits (Prev, Next): (CMBitMap*) 0x000002301b923300, (CMBitMap*) 0x000002301b923340
 Prev Bits: [0x0000023027ea0000, 0x000002302bda0000)
 Next Bits: [0x000002302bda0000, 0x000002302fca0000)

Polling page: 0x00000230197e0000

Metaspace:

Usage:
  Non-class:     79.47 MB used.
      Class:     13.45 MB used.
       Both:     92.92 MB used.

Virtual space:
  Non-class space:      128.00 MB reserved,      79.94 MB ( 62%) committed,  2 nodes.
      Class space:        1.00 GB reserved,      13.81 MB (  1%) committed,  1 nodes.
             Both:        1.12 GB reserved,      93.75 MB (  8%) committed. 

Chunk freelists:
   Non-Class:  15.73 MB
       Class:  2.20 MB
        Both:  17.93 MB

MaxMetaspaceSize: unlimited
CompressedClassSpaceSize: 1.00 GB
Initial GC threshold: 21.00 MB
Current GC threshold: 147.19 MB
CDS: on
MetaspaceReclaimPolicy: balanced
 - commit_granule_bytes: 65536.
 - commit_granule_words: 8192.
 - virtual_space_node_default_size: 8388608.
 - enlarge_chunks_in_place: 1.
 - new_chunks_are_fully_committed: 0.
 - uncommit_free_chunks: 1.
 - use_allocation_guard: 0.
 - handle_deallocations: 1.


Internal statistics:

num_allocs_failed_limit: 9.
num_arena_births: 1234.
num_arena_deaths: 0.
num_vsnodes_births: 3.
num_vsnodes_deaths: 0.
num_space_committed: 1500.
num_space_uncommitted: 0.
num_chunks_returned_to_freelist: 9.
num_chunks_taken_from_freelist: 4697.
num_chunk_merges: 9.
num_chunk_splits: 3397.
num_chunks_enlarged: 2586.
num_inconsistent_stats: 0.

CodeCache: size=49152Kb used=19397Kb max_used=20153Kb free=29754Kb
 bounds [0x00000230233d0000, 0x0000023024780000, 0x00000230263d0000]
 total_blobs=11456 nmethods=10685 adapters=696
 compilation: enabled
              stopped_count=0, restarted_count=0
 full_count=0

Compilation events (20 events):
Event: 55.509 Thread 0x00000230784097f0 10676       1       io.netty.util.internal.ObjectUtil::checkNotNull (15 bytes)
Event: 55.510 Thread 0x00000230784097f0 nmethod 10676 0x00000230244b7190 code [0x00000230244b7320, 0x00000230244b7468]
Event: 55.514 Thread 0x00000230784097f0 10677       1       io.netty.buffer.PoolArena::newSubpagePoolHead (21 bytes)
Event: 55.514 Thread 0x00000230322b0450 10678       1       io.netty.buffer.PoolSubpage::<init> (61 bytes)
Event: 55.514 Thread 0x00000230784097f0 nmethod 10677 0x00000230244b6710 code [0x00000230244b68c0, 0x00000230244b6ac8]
Event: 55.514 Thread 0x00000230784097f0 10679       1       io.netty.buffer.SizeClasses::calculateSize (8 bytes)
Event: 55.514 Thread 0x00000230322b0450 nmethod 10678 0x00000230244b6190 code [0x00000230244b6320, 0x00000230244b6618]
Event: 55.514 Thread 0x00000230784097f0 nmethod 10679 0x00000230244b5e90 code [0x00000230244b6020, 0x00000230244b60d8]
Event: 55.514 Thread 0x00000230322b0450 10680       1       io.netty.buffer.SizeClasses::sizeOf (29 bytes)
Event: 55.514 Thread 0x00000230784097f0 10681       1       io.netty.buffer.SizeClasses::alignSizeIfNeeded (26 bytes)
Event: 55.514 Thread 0x00000230784097f0 nmethod 10681 0x00000230244b5b90 code [0x00000230244b5d20, 0x00000230244b5e18]
Event: 55.515 Thread 0x00000230322b0450 nmethod 10680 0x00000230244b5810 code [0x00000230244b59a0, 0x00000230244b5a98]
Event: 55.515 Thread 0x00000230322b0450 10682       1       io.netty.buffer.PoolChunkList::<init> (124 bytes)
Event: 55.515 Thread 0x00000230784097f0 10683       1       io.netty.buffer.PoolChunkList::calculateMaxCapacity (28 bytes)
Event: 55.515 Thread 0x00000230784097f0 nmethod 10683 0x00000230244b5490 code [0x00000230244b5620, 0x00000230244b5758]
Event: 55.515 Thread 0x00000230784097f0 10684       1       io.netty.buffer.PoolChunkList::minUsage0 (6 bytes)
Event: 55.515 Thread 0x00000230784097f0 nmethod 10684 0x00000230244b5190 code [0x00000230244b5320, 0x00000230244b53d8]
Event: 55.515 Thread 0x00000230784097f0 10685       1       io.netty.buffer.PoolChunkList::prevList (27 bytes)
Event: 55.516 Thread 0x00000230322b0450 nmethod 10682 0x00000230244b4b90 code [0x00000230244b4d80, 0x00000230244b5098]
Event: 55.516 Thread 0x00000230784097f0 nmethod 10685 0x00000230244b4890 code [0x00000230244b4a20, 0x00000230244b4b38]

GC Heap History (20 events):
Event: 5.009 GC heap after
{Heap after GC invocations=20 (full 0):
 garbage-first heap   total 116736K, used 41036K [0x0000000704000000, 0x0000000800000000)
  region size 2048K, 2 young (4096K), 2 survivors (4096K)
 Metaspace       used 78568K, committed 79168K, reserved 1179648K
  class space    used 11426K, committed 11712K, reserved 1048576K
}
Event: 5.301 GC heap before
{Heap before GC invocations=20 (full 0):
 garbage-first heap   total 116736K, used 92236K [0x0000000704000000, 0x0000000800000000)
  region size 2048K, 27 young (55296K), 2 survivors (4096K)
 Metaspace       used 82168K, committed 82752K, reserved 1179648K
  class space    used 11896K, committed 12160K, reserved 1048576K
}
Event: 5.306 GC heap after
{Heap after GC invocations=21 (full 0):
 garbage-first heap   total 116736K, used 43649K [0x0000000704000000, 0x0000000800000000)
  region size 2048K, 4 young (8192K), 4 survivors (8192K)
 Metaspace       used 82168K, committed 82752K, reserved 1179648K
  class space    used 11896K, committed 12160K, reserved 1048576K
}
Event: 5.375 GC heap before
{Heap before GC invocations=21 (full 0):
 garbage-first heap   total 116736K, used 88705K [0x0000000704000000, 0x0000000800000000)
  region size 2048K, 27 young (55296K), 4 survivors (8192K)
 Metaspace       used 82367K, committed 83008K, reserved 1179648K
  class space    used 11916K, committed 12224K, reserved 1048576K
}
Event: 5.381 GC heap after
{Heap after GC invocations=22 (full 0):
 garbage-first heap   total 116736K, used 53461K [0x0000000704000000, 0x0000000800000000)
  region size 2048K, 4 young (8192K), 4 survivors (8192K)
 Metaspace       used 82367K, committed 83008K, reserved 1179648K
  class space    used 11916K, committed 12224K, reserved 1048576K
}
Event: 5.433 GC heap before
{Heap before GC invocations=22 (full 0):
 garbage-first heap   total 116736K, used 86229K [0x0000000704000000, 0x0000000800000000)
  region size 2048K, 21 young (43008K), 4 survivors (8192K)
 Metaspace       used 82446K, committed 83072K, reserved 1179648K
  class space    used 11927K, committed 12224K, reserved 1048576K
}
Event: 5.439 GC heap after
{Heap after GC invocations=23 (full 0):
 garbage-first heap   total 192512K, used 62547K [0x0000000704000000, 0x0000000800000000)
  region size 2048K, 3 young (6144K), 3 survivors (6144K)
 Metaspace       used 82446K, committed 83072K, reserved 1179648K
  class space    used 11927K, committed 12224K, reserved 1048576K
}
Event: 5.527 GC heap before
{Heap before GC invocations=23 (full 0):
 garbage-first heap   total 192512K, used 128083K [0x0000000704000000, 0x0000000800000000)
  region size 2048K, 36 young (73728K), 3 survivors (6144K)
 Metaspace       used 82446K, committed 83072K, reserved 1179648K
  class space    used 11927K, committed 12224K, reserved 1048576K
}
Event: 5.536 GC heap after
{Heap after GC invocations=24 (full 0):
 garbage-first heap   total 192512K, used 78733K [0x0000000704000000, 0x0000000800000000)
  region size 2048K, 5 young (10240K), 5 survivors (10240K)
 Metaspace       used 82446K, committed 83072K, reserved 1179648K
  class space    used 11927K, committed 12224K, reserved 1048576K
}
Event: 5.605 GC heap before
{Heap before GC invocations=24 (full 0):
 garbage-first heap   total 192512K, used 134029K [0x0000000704000000, 0x0000000800000000)
  region size 2048K, 33 young (67584K), 5 survivors (10240K)
 Metaspace       used 82455K, committed 83072K, reserved 1179648K
  class space    used 11929K, committed 12224K, reserved 1048576K
}
Event: 5.614 GC heap after
{Heap after GC invocations=25 (full 0):
 garbage-first heap   total 192512K, used 94208K [0x0000000704000000, 0x0000000800000000)
  region size 2048K, 5 young (10240K), 5 survivors (10240K)
 Metaspace       used 82455K, committed 83072K, reserved 1179648K
  class space    used 11929K, committed 12224K, reserved 1048576K
}
Event: 9.978 GC heap before
{Heap before GC invocations=25 (full 0):
 garbage-first heap   total 192512K, used 139264K [0x0000000704000000, 0x0000000800000000)
  region size 2048K, 28 young (57344K), 5 survivors (10240K)
 Metaspace       used 86447K, committed 87104K, reserved 1179648K
  class space    used 12494K, committed 12800K, reserved 1048576K
}
Event: 9.988 GC heap after
{Heap after GC invocations=26 (full 0):
 garbage-first heap   total 192512K, used 104064K [0x0000000704000000, 0x0000000800000000)
  region size 2048K, 4 young (8192K), 4 survivors (8192K)
 Metaspace       used 86447K, committed 87104K, reserved 1179648K
  class space    used 12494K, committed 12800K, reserved 1048576K
}
Event: 10.594 GC heap before
{Heap before GC invocations=26 (full 0):
 garbage-first heap   total 192512K, used 145024K [0x0000000704000000, 0x0000000800000000)
  region size 2048K, 25 young (51200K), 4 survivors (8192K)
 Metaspace       used 89652K, committed 90368K, reserved 1179648K
  class space    used 13025K, committed 13376K, reserved 1048576K
}
Event: 10.599 GC heap after
{Heap after GC invocations=27 (full 0):
 garbage-first heap   total 192512K, used 108159K [0x0000000704000000, 0x0000000800000000)
  region size 2048K, 2 young (4096K), 2 survivors (4096K)
 Metaspace       used 89652K, committed 90368K, reserved 1179648K
  class space    used 13025K, committed 13376K, reserved 1048576K
}
Event: 55.443 GC heap before
{Heap before GC invocations=28 (full 0):
 garbage-first heap   total 192512K, used 142975K [0x0000000704000000, 0x0000000800000000)
  region size 2048K, 22 young (45056K), 2 survivors (4096K)
 Metaspace       used 93645K, committed 94464K, reserved 1179648K
  class space    used 13645K, committed 14016K, reserved 1048576K
}
Event: 55.446 GC heap after
{Heap after GC invocations=29 (full 0):
 garbage-first heap   total 192512K, used 105871K [0x0000000704000000, 0x0000000800000000)
  region size 2048K, 3 young (6144K), 3 survivors (6144K)
 Metaspace       used 93645K, committed 94464K, reserved 1179648K
  class space    used 13645K, committed 14016K, reserved 1048576K
}
Event: 55.467 GC heap before
{Heap before GC invocations=29 (full 0):
 garbage-first heap   total 192512K, used 107919K [0x0000000704000000, 0x0000000800000000)
  region size 2048K, 4 young (8192K), 3 survivors (6144K)
 Metaspace       used 93645K, committed 94464K, reserved 1179648K
  class space    used 13645K, committed 14016K, reserved 1048576K
}
Event: 55.470 GC heap after
{Heap after GC invocations=30 (full 0):
 garbage-first heap   total 192512K, used 86616K [0x0000000704000000, 0x0000000800000000)
  region size 2048K, 1 young (2048K), 1 survivors (2048K)
 Metaspace       used 93645K, committed 94464K, reserved 1179648K
  class space    used 13645K, committed 14016K, reserved 1048576K
}
Event: 55.520 GC heap before
{Heap before GC invocations=30 (full 0):
 garbage-first heap   total 192512K, used 90712K [0x0000000704000000, 0x0000000800000000)
  region size 2048K, 4 young (8192K), 1 survivors (2048K)
 Metaspace       used 95154K, committed 96000K, reserved 1179648K
  class space    used 13773K, committed 14144K, reserved 1048576K
}

Dll operation events (14 events):
Event: 0.005 Loaded shared library C:\Users\ssginc22\.jdks\corretto-17.0.12\bin\java.dll
Event: 0.021 Loaded shared library C:\Users\ssginc22\.jdks\corretto-17.0.12\bin\jsvml.dll
Event: 0.100 Loaded shared library C:\Users\ssginc22\.jdks\corretto-17.0.12\bin\zip.dll
Event: 0.103 Loaded shared library C:\Users\ssginc22\.jdks\corretto-17.0.12\bin\instrument.dll
Event: 0.106 Loaded shared library C:\Users\ssginc22\.jdks\corretto-17.0.12\bin\net.dll
Event: 0.107 Loaded shared library C:\Users\ssginc22\.jdks\corretto-17.0.12\bin\nio.dll
Event: 0.109 Loaded shared library C:\Users\ssginc22\.jdks\corretto-17.0.12\bin\zip.dll
Event: 0.171 Loaded shared library C:\Program Files\JetBrains\IntelliJ IDEA 2024.1.5\bin\breakgen64.dll
Event: 0.174 Loaded shared library C:\Users\ssginc22\.jdks\corretto-17.0.12\bin\jimage.dll
Event: 0.178 Loaded shared library C:\Users\ssginc22\.jdks\corretto-17.0.12\bin\extnet.dll
Event: 0.184 Loaded shared library C:\Users\ssginc22\.jdks\corretto-17.0.12\bin\management.dll
Event: 0.191 Loaded shared library C:\Users\ssginc22\.jdks\corretto-17.0.12\bin\management_ext.dll
Event: 0.979 Loaded shared library C:\Users\ssginc22\.jdks\corretto-17.0.12\bin\sunmscapi.dll
Event: 2.362 Loaded shared library C:\Users\ssginc22\.jdks\corretto-17.0.12\bin\verify.dll

Deoptimization events (10 events):
Event: 2.676 Thread 0x000002301b8b7640 DEOPT PACKING pc=0x00000230238e9d89 sp=0x00000074c10fd750
Event: 2.676 Thread 0x000002301b8b7640 DEOPT UNPACKING pc=0x000002302342ace3 sp=0x00000074c10fcbe0 mode 3
Event: 2.676 Thread 0x00000230796c5290 DEOPT PACKING pc=0x000002302387209f sp=0x00000074c3aff050
Event: 2.676 Thread 0x00000230796c5290 DEOPT UNPACKING pc=0x000002302342ace3 sp=0x00000074c3afe4a8 mode 3
Event: 4.168 Thread 0x000002301b8b7640 DEOPT PACKING pc=0x0000023023966152 sp=0x00000074c10fc710
Event: 4.168 Thread 0x000002301b8b7640 DEOPT UNPACKING pc=0x000002302342ace3 sp=0x00000074c10fbc18 mode 3
Event: 4.251 Thread 0x000002301b8b7640 DEOPT PACKING pc=0x00000230238f49d4 sp=0x00000074c10fcd50
Event: 4.251 Thread 0x000002301b8b7640 DEOPT UNPACKING pc=0x000002302342ace3 sp=0x00000074c10fc2a8 mode 0
Event: 49.517 Thread 0x000002307b02ed60 DEOPT PACKING pc=0x0000023024588406 sp=0x00000074c41fb090
Event: 49.517 Thread 0x000002307b02ed60 DEOPT UNPACKING pc=0x000002302342ace3 sp=0x00000074c41fa600 mode 0

Classes loaded (20 events):
Event: 49.562 Loading class jdk/internal/icu/impl/UCharacterProperty$IsAcceptable
Event: 49.562 Loading class jdk/internal/icu/impl/UCharacterProperty$IsAcceptable done
Event: 49.562 Loading class jdk/internal/icu/impl/Trie2_16
Event: 49.562 Loading class jdk/internal/icu/impl/Trie2
Event: 49.562 Loading class jdk/internal/icu/impl/Trie2 done
Event: 49.562 Loading class jdk/internal/icu/impl/Trie2_16 done
Event: 49.562 Loading class jdk/internal/icu/impl/Trie2$1
Event: 49.562 Loading class jdk/internal/icu/impl/Trie2$ValueMapper
Event: 49.562 Loading class jdk/internal/icu/impl/Trie2$ValueMapper done
Event: 49.562 Loading class jdk/internal/icu/impl/Trie2$1 done
Event: 49.562 Loading class jdk/internal/icu/impl/Trie2$UTrie2Header
Event: 49.562 Loading class jdk/internal/icu/impl/Trie2$UTrie2Header done
Event: 55.408 Loading class java/util/concurrent/atomic/AtomicLongFieldUpdater
Event: 55.408 Loading class java/util/concurrent/atomic/AtomicLongFieldUpdater done
Event: 55.408 Loading class java/util/concurrent/atomic/AtomicLongFieldUpdater$CASUpdater
Event: 55.408 Loading class java/util/concurrent/atomic/AtomicLongFieldUpdater$CASUpdater done
Event: 55.408 Loading class java/util/concurrent/atomic/AtomicLongFieldUpdater$CASUpdater$1
Event: 55.408 Loading class java/util/concurrent/atomic/AtomicLongFieldUpdater$CASUpdater$1 done
Event: 55.428 Loading class java/util/function/LongSupplier
Event: 55.428 Loading class java/util/function/LongSupplier done

Classes unloaded (0 events):
No events

Classes redefined (0 events):
No events

Internal exceptions (20 events):
Event: 5.562 Thread 0x000002307acc0fd0 Exception <a 'sun/nio/fs/WindowsException'{0x000000070ebcb660}> (0x000000070ebcb660) 
thrown [s\src\hotspot\share\prims\jni.cpp, line 516]
Event: 5.563 Thread 0x000002307acc3850 Exception <a 'sun/nio/fs/WindowsException'{0x000000070ebbcc18}> (0x000000070ebbcc18) 
thrown [s\src\hotspot\share\prims\jni.cpp, line 516]
Event: 5.563 Thread 0x000002307acc0fd0 Exception <a 'sun/nio/fs/WindowsException'{0x000000070ebcb980}> (0x000000070ebcb980) 
thrown [s\src\hotspot\share\prims\jni.cpp, line 516]
Event: 5.627 Thread 0x0000023079363590 Exception <a 'java/lang/reflect/InvocationTargetException'{0x000000070ef54db8}> (0x000000070ef54db8) 
thrown [s\src\hotspot\share\runtime\reflection.cpp, line 1128]
Event: 5.679 Thread 0x000002301b8b7640 Exception <a 'java/lang/NoSuchMethodError'{0x000000070ebb2bb8}: 'java.lang.Object java.lang.invoke.DirectMethodHandle$Holder.invokeInterface(java.lang.Object, java.lang.Object, java.lang.Object, java.lang.Object)'> (0x000000070ebb2bb8) 
thrown [s\src\hotspot\share\interpreter\linkResolver.cpp, line 759]
Event: 5.704 Thread 0x000002301b8b7640 Exception <a 'java/lang/NoSuchMethodError'{0x000000070e9d9790}: 'void java.lang.invoke.DirectMethodHandle$Holder.invokeVirtual(java.lang.Object, java.lang.Object, long)'> (0x000000070e9d9790) 
thrown [s\src\hotspot\share\interpreter\linkResolver.cpp, line 759]
Event: 5.816 Thread 0x000002301b8b7640 Exception <a 'java/lang/IncompatibleClassChangeError'{0x000000070ddfa930}: Found class java.lang.Object, but interface was expected> (0x000000070ddfa930) 
thrown [s\src\hotspot\share\interpreter\linkResolver.cpp, line 826]
Event: 5.871 Thread 0x000002301b8b7640 Exception <a 'java/lang/NoSuchMethodError'{0x000000070d563ed8}: 'java.lang.Object java.lang.invoke.DirectMethodHandle$Holder.newInvokeSpecial(java.lang.Object, java.lang.Object, int, java.lang.Object, java.lang.Object)'> (0x000000070d563ed8) 
thrown [s\src\hotspot\share\interpreter\linkResolver.cpp, line 759]
Event: 9.938 Thread 0x000002307b031af0 Exception <a 'java/lang/NoSuchMethodError'{0x000000070d1a8f48}: 'java.lang.Object java.lang.invoke.DirectMethodHandle$Holder.invokeSpecial(java.lang.Object, java.lang.Object, java.lang.Object, java.lang.Object, java.lang.Object, long)'> (0x000000070d1a8f48) 
thrown [s\src\hotspot\share\interpreter\linkResolver.cpp, line 759]
Event: 9.938 Thread 0x000002307b031af0 Exception <a 'java/lang/NoSuchMethodError'{0x000000070d1ac9b8}: 'java.lang.Object java.lang.invoke.Invokers$Holder.linkToTargetMethod(java.lang.Object, java.lang.Object, java.lang.Object, long, java.lang.Object)'> (0x000000070d1ac9b8) 
thrown [s\src\hotspot\share\interpreter\linkResolver.cpp, line 759]
Event: 9.975 Thread 0x000002307b031af0 Exception <a 'java/lang/NoSuchMethodError'{0x000000070cfd5e18}: 'java.lang.Object java.lang.invoke.DirectMethodHandle$Holder.invokeStatic(java.lang.Object, int, int)'> (0x000000070cfd5e18) 
thrown [s\src\hotspot\share\interpreter\linkResolver.cpp, line 759]
Event: 10.292 Thread 0x000002307b02cf00 Exception <a 'sun/nio/fs/WindowsException'{0x000000070ec1b9a8}> (0x000000070ec1b9a8) 
thrown [s\src\hotspot\share\prims\jni.cpp, line 516]
Event: 19.982 Thread 0x000002307b02e340 Exception <a 'java/lang/NoSuchMethodError'{0x000000070ebfa7f0}: 'void java.lang.invoke.DirectMethodHandle$Holder.invokeSpecialIFC(java.lang.Object, java.lang.Object, int, java.lang.Object, java.lang.Object, java.lang.Object, java.lang.Object)'> (0x000000070ebfa7f0) 
thrown [s\src\hotspot\share\interpreter\linkResolver.cpp, line 759]
Event: 20.007 Thread 0x000002307b02e340 Exception <a 'java/lang/reflect/InvocationTargetException'{0x000000070e9dd5c0}> (0x000000070e9dd5c0) 
thrown [s\src\hotspot\share\runtime\reflection.cpp, line 1128]
Event: 27.587 Thread 0x000002307b031af0 Exception <a 'java/lang/reflect/InvocationTargetException'{0x000000070e6e4708}> (0x000000070e6e4708) 
thrown [s\src\hotspot\share\runtime\reflection.cpp, line 1128]
Event: 33.696 Thread 0x000002307b032510 Exception <a 'java/lang/reflect/InvocationTargetException'{0x000000070e422088}> (0x000000070e422088) 
thrown [s\src\hotspot\share\runtime\reflection.cpp, line 1128]
Event: 38.135 Thread 0x000002307b032000 Exception <a 'java/lang/reflect/InvocationTargetException'{0x000000070e4d9148}> (0x000000070e4d9148) 
thrown [s\src\hotspot\share\runtime\reflection.cpp, line 1128]
Event: 45.520 Thread 0x000002307b02b0a0 Exception <a 'java/lang/reflect/InvocationTargetException'{0x000000070e589ab0}> (0x000000070e589ab0) 
thrown [s\src\hotspot\share\runtime\reflection.cpp, line 1128]
Event: 49.660 Thread 0x000002307b02ed60 Exception <a 'java/lang/NoSuchMethodError'{0x000000070dcc9f50}: 'int java.lang.invoke.DirectMethodHandle$Holder.invokeStatic(java.lang.Object, java.lang.Object, int, int)'> (0x000000070dcc9f50) 
thrown [s\src\hotspot\share\interpreter\linkResolver.cpp, line 759]
Event: 55.518 Thread 0x000002307b02e850 Exception <a 'java/lang/NoSuchMethodError'{0x000000070f5d0058}: 'void java.lang.invoke.DirectMethodHandle$Holder.invokeStaticInit(java.lang.Object)'> (0x000000070f5d0058) 
thrown [s\src\hotspot\share\interpreter\linkResolver.cpp, line 759]

VM Operations (20 events):
Event: 20.982 Executing VM operation: Cleanup done
Event: 28.054 Executing VM operation: Cleanup
Event: 28.054 Executing VM operation: Cleanup done
Event: 34.115 Executing VM operation: Cleanup
Event: 34.115 Executing VM operation: Cleanup done
Event: 38.161 Executing VM operation: Cleanup
Event: 38.161 Executing VM operation: Cleanup done
Event: 46.249 Executing VM operation: Cleanup
Event: 46.249 Executing VM operation: Cleanup done
Event: 49.516 Executing VM operation: HandshakeAllThreads
Event: 49.517 Executing VM operation: HandshakeAllThreads done
Event: 49.517 Executing VM operation: Cleanup
Event: 49.517 Executing VM operation: Cleanup done
Event: 50.524 Executing VM operation: Cleanup
Event: 50.525 Executing VM operation: Cleanup done
Event: 55.443 Executing VM operation: G1CollectForAllocation
Event: 55.446 Executing VM operation: G1CollectForAllocation done
Event: 55.467 Executing VM operation: G1CollectForAllocation
Event: 55.470 Executing VM operation: G1CollectForAllocation done
Event: 55.520 Executing VM operation: G1CollectForAllocation

Events (20 events):
Event: 6.134 Thread 0x000002307b02f270 Thread exited: 0x000002307b02f270
Event: 6.134 Thread 0x000002307b02d920 Thread added: 0x000002307b02d920
Event: 6.137 Thread 0x000002307b02d920 Thread exited: 0x000002307b02d920
Event: 6.138 Thread 0x000002307b032a20 Thread added: 0x000002307b032a20
Event: 6.140 Thread 0x000002307b032a20 Thread exited: 0x000002307b032a20
Event: 7.334 Thread 0x0000023078f23a20 Thread exited: 0x0000023078f23a20
Event: 8.068 Thread 0x00000230796c61c0 Thread exited: 0x00000230796c61c0
Event: 8.411 Thread 0x0000023032aa79e0 Thread exited: 0x0000023032aa79e0
Event: 10.036 Thread 0x000002307ada67b0 Thread added: 0x000002307ada67b0
Event: 10.036 Thread 0x0000023078f23a20 Thread added: 0x0000023078f23a20
Event: 10.288 Thread 0x000002307b0315e0 Thread added: 0x000002307b0315e0
Event: 10.289 Thread 0x000002307b02c9f0 Thread added: 0x000002307b02c9f0
Event: 10.289 Thread 0x000002307b02fc90 Thread added: 0x000002307b02fc90
Event: 10.289 Thread 0x000002307b0301a0 Thread added: 0x000002307b0301a0
Event: 12.125 Thread 0x0000023078f23a20 Thread exited: 0x0000023078f23a20
Event: 15.311 Thread 0x000002307ada67b0 Thread exited: 0x000002307ada67b0
Event: 17.913 Thread 0x0000023032aa74c0 Thread exited: 0x0000023032aa74c0
Event: 49.576 Thread 0x00000230784097f0 Thread added: 0x00000230784097f0
Event: 49.576 Thread 0x00000230784939d0 Thread added: 0x00000230784939d0
Event: 50.896 Thread 0x00000230784939d0 Thread exited: 0x00000230784939d0


Dynamic libraries:
0x00007ff65aca0000 - 0x00007ff65acae000 	C:\Users\ssginc22\.jdks\corretto-17.0.12\bin\java.exe
0x00007ff8379f0000 - 0x00007ff837be8000 	C:\Windows\SYSTEM32\ntdll.dll
0x00007ff836df0000 - 0x00007ff836eb1000 	C:\Windows\System32\KERNEL32.DLL
0x00007ff8350a0000 - 0x00007ff83539d000 	C:\Windows\System32\KERNELBASE.dll
0x00007ff8357d0000 - 0x00007ff8358d0000 	C:\Windows\System32\ucrtbase.dll
0x00007ff830a50000 - 0x00007ff830a6b000 	C:\Users\ssginc22\.jdks\corretto-17.0.12\bin\VCRUNTIME140.dll
0x00007ff8233b0000 - 0x00007ff8233c7000 	C:\Users\ssginc22\.jdks\corretto-17.0.12\bin\jli.dll
0x00007ff836a70000 - 0x00007ff836c0d000 	C:\Windows\System32\USER32.dll
0x00007ff835440000 - 0x00007ff835462000 	C:\Windows\System32\win32u.dll
0x00007ff824450000 - 0x00007ff8246ea000 	C:\Windows\WinSxS\amd64_microsoft.windows.common-controls_6595b64144ccf1df_6.0.19041.4355_none_60b8b9eb71f62e16\COMCTL32.dll
0x00007ff8377f0000 - 0x00007ff83788e000 	C:\Windows\System32\msvcrt.dll
0x00007ff835c00000 - 0x00007ff835c2b000 	C:\Windows\System32\GDI32.dll
0x00007ff8358d0000 - 0x00007ff8359e7000 	C:\Windows\System32\gdi32full.dll
0x00007ff8353a0000 - 0x00007ff83543d000 	C:\Windows\System32\msvcp_win.dll
0x00007ff837890000 - 0x00007ff8378bf000 	C:\Windows\System32\IMM32.DLL
0x00007ff829bb0000 - 0x00007ff829bbc000 	C:\Users\ssginc22\.jdks\corretto-17.0.12\bin\vcruntime140_1.dll
0x00007ff8031c0000 - 0x00007ff80324d000 	C:\Users\ssginc22\.jdks\corretto-17.0.12\bin\msvcp140.dll
0x00007fffed820000 - 0x00007fffee48a000 	C:\Users\ssginc22\.jdks\corretto-17.0.12\bin\server\jvm.dll
0x00007ff835b30000 - 0x00007ff835be0000 	C:\Windows\System32\ADVAPI32.dll
0x00007ff836530000 - 0x00007ff8365d0000 	C:\Windows\System32\sechost.dll
0x00007ff835c30000 - 0x00007ff835d53000 	C:\Windows\System32\RPCRT4.dll
0x00007ff8359f0000 - 0x00007ff835a17000 	C:\Windows\System32\bcrypt.dll
0x00007ff8369f0000 - 0x00007ff836a5b000 	C:\Windows\System32\WS2_32.dll
0x00007ff8345e0000 - 0x00007ff83462b000 	C:\Windows\SYSTEM32\POWRPROF.dll
0x00007ff82d380000 - 0x00007ff82d38a000 	C:\Windows\SYSTEM32\VERSION.dll
0x00007ff81cb50000 - 0x00007ff81cb77000 	C:\Windows\SYSTEM32\WINMM.dll
0x00007ff834450000 - 0x00007ff834462000 	C:\Windows\SYSTEM32\UMPDC.dll
0x00007ff833870000 - 0x00007ff833882000 	C:\Windows\SYSTEM32\kernel.appcore.dll
0x00007ff8233a0000 - 0x00007ff8233aa000 	C:\Users\ssginc22\.jdks\corretto-17.0.12\bin\jimage.dll
0x00007ff8335b0000 - 0x00007ff833794000 	C:\Windows\SYSTEM32\DBGHELP.DLL
0x00007ff824720000 - 0x00007ff824754000 	C:\Windows\SYSTEM32\dbgcore.DLL
0x00007ff835530000 - 0x00007ff8355b2000 	C:\Windows\System32\bcryptPrimitives.dll
0x00007ff823390000 - 0x00007ff82339e000 	C:\Users\ssginc22\.jdks\corretto-17.0.12\bin\instrument.dll
0x00007ff823360000 - 0x00007ff823385000 	C:\Users\ssginc22\.jdks\corretto-17.0.12\bin\java.dll
0x00007ffffbfd0000 - 0x00007ffffc0a7000 	C:\Users\ssginc22\.jdks\corretto-17.0.12\bin\jsvml.dll
0x00007ff836fa0000 - 0x00007ff83770f000 	C:\Windows\System32\SHELL32.dll
0x00007ff832e10000 - 0x00007ff8335af000 	C:\Windows\SYSTEM32\windows.storage.dll
0x00007ff835d60000 - 0x00007ff8360b3000 	C:\Windows\System32\combase.dll
0x00007ff8349e0000 - 0x00007ff834a0e000 	C:\Windows\SYSTEM32\Wldp.dll
0x00007ff8367e0000 - 0x00007ff8368ad000 	C:\Windows\System32\OLEAUT32.dll
0x00007ff836c10000 - 0x00007ff836cbd000 	C:\Windows\System32\SHCORE.dll
0x00007ff837790000 - 0x00007ff8377e5000 	C:\Windows\System32\shlwapi.dll
0x00007ff834fd0000 - 0x00007ff834ff4000 	C:\Windows\SYSTEM32\profapi.dll
0x00007ff818680000 - 0x00007ff818698000 	C:\Users\ssginc22\.jdks\corretto-17.0.12\bin\zip.dll
0x00007ff817730000 - 0x00007ff817749000 	C:\Users\ssginc22\.jdks\corretto-17.0.12\bin\net.dll
0x00007ff831530000 - 0x00007ff83163d000 	C:\Windows\SYSTEM32\WINHTTP.dll
0x00007ff8347c0000 - 0x00007ff83482a000 	C:\Windows\system32\mswsock.dll
0x00007ff8131c0000 - 0x00007ff8131d6000 	C:\Users\ssginc22\.jdks\corretto-17.0.12\bin\nio.dll
0x00007ff8131a0000 - 0x00007ff8131ba000 	C:\Program Files\JetBrains\IntelliJ IDEA 2024.1.5\bin\breakgen64.dll
0x00007ff8344b0000 - 0x00007ff83457a000 	C:\Windows\SYSTEM32\DNSAPI.dll
0x00007ff834470000 - 0x00007ff8344ab000 	C:\Windows\SYSTEM32\IPHLPAPI.DLL
0x00007ff8368c0000 - 0x00007ff8368c8000 	C:\Windows\System32\NSI.dll
0x00007ff81f470000 - 0x00007ff81f479000 	C:\Users\ssginc22\.jdks\corretto-17.0.12\bin\extnet.dll
0x00007ff82dff0000 - 0x00007ff82dffa000 	C:\Windows\System32\rasadhlp.dll
0x00007ff82cbe0000 - 0x00007ff82cc60000 	C:\Windows\System32\fwpuclnt.dll
0x00007ff81f1b0000 - 0x00007ff81f1b9000 	C:\Users\ssginc22\.jdks\corretto-17.0.12\bin\management.dll
0x00007ff81ecf0000 - 0x00007ff81ecfb000 	C:\Users\ssginc22\.jdks\corretto-17.0.12\bin\management_ext.dll
0x00007ff836a60000 - 0x00007ff836a68000 	C:\Windows\System32\PSAPI.DLL
0x00007ff834a20000 - 0x00007ff834a38000 	C:\Windows\SYSTEM32\CRYPTSP.dll
0x00007ff834090000 - 0x00007ff8340c4000 	C:\Windows\system32\rsaenh.dll
0x00007ff834f80000 - 0x00007ff834fae000 	C:\Windows\SYSTEM32\USERENV.dll
0x00007ff834950000 - 0x00007ff83495c000 	C:\Windows\SYSTEM32\CRYPTBASE.dll
0x00007ff82e000000 - 0x00007ff82e017000 	C:\Windows\SYSTEM32\dhcpcsvc6.DLL
0x00007ff82e4c0000 - 0x00007ff82e4dd000 	C:\Windows\SYSTEM32\dhcpcsvc.DLL
0x00007ff81a6e0000 - 0x00007ff81a6f7000 	C:\Windows\system32\napinsp.dll
0x00007ff81a6c0000 - 0x00007ff81a6db000 	C:\Windows\system32\pnrpnsp.dll
0x00007ff831760000 - 0x00007ff831775000 	C:\Windows\system32\wshbth.dll
0x00007ff831510000 - 0x00007ff83152d000 	C:\Windows\system32\NLAapi.dll
0x00007ff81a410000 - 0x00007ff81a422000 	C:\Windows\System32\winrnr.dll
0x00007ff818940000 - 0x00007ff81894e000 	C:\Users\ssginc22\.jdks\corretto-17.0.12\bin\sunmscapi.dll
0x00007ff835670000 - 0x00007ff8357ce000 	C:\Windows\System32\CRYPT32.dll
0x00007ff834b30000 - 0x00007ff834b59000 	C:\Windows\SYSTEM32\ncrypt.dll
0x00007ff834af0000 - 0x00007ff834b2b000 	C:\Windows\SYSTEM32\NTASN1.dll
0x00007ff8188d0000 - 0x00007ff8188e0000 	C:\Users\ssginc22\.jdks\corretto-17.0.12\bin\verify.dll
0x00007ff829a90000 - 0x00007ff829a97000 	C:\Windows\system32\wshunix.dll

dbghelp: loaded successfully - version: 4.0.5 - missing functions: none
symbol engine: initialized successfully - sym options: 0x614 - pdb path: .;C:\Users\ssginc22\.jdks\corretto-17.0.12\bin;C:\Windows\SYSTEM32;C:\Windows\WinSxS\amd64_microsoft.windows.common-controls_6595b64144ccf1df_6.0.19041.4355_none_60b8b9eb71f62e16;C:\Users\ssginc22\.jdks\corretto-17.0.12\bin\server;C:\Program Files\JetBrains\IntelliJ IDEA 2024.1.5\bin

VM Arguments:
jvm_args: -XX:TieredStopAtLevel=1 -Dspring.output.ansi.enabled=always -Dcom.sun.management.jmxremote -Dspring.jmx.enabled=true -Dspring.liveBeansView.mbeanDomain -Dspring.application.admin.enabled=true -Dmanagement.endpoints.jmx.exposure.include=* -javaagent:C:\Program Files\JetBrains\IntelliJ IDEA 2024.1.5\lib\idea_rt.jar=51882:C:\Program Files\JetBrains\IntelliJ IDEA 2024.1.5\bin -Dfile.encoding=UTF-8 
java_command: org.example.sivillage.SiVillageApplication
java_class_path (initial): C:\Users\ssginc22\Desktop\SI-VILLAGE-BACKEND\build\classes\java\main;C:\Users\ssginc22\Desktop\SI-VILLAGE-BACKEND\build\resources\main;C:\Users\ssginc22\.gradle\caches\modules-2\files-2.1\org.projectlombok\lombok\1.18.34\ec547ef414ab1d2c040118fb9c1c265ada63af14\lombok-1.18.34.jar;C:\Users\ssginc22\.gradle\caches\modules-2\files-2.1\org.springframework.boot\spring-boot-starter-data-jpa\3.2.8\f06495248072dd6c2bab1515844afaf30dcab6bf\spring-boot-starter-data-jpa-3.2.8.jar;C:\Users\ssginc22\.gradle\caches\modules-2\files-2.1\org.springframework.boot\spring-boot-starter-web\3.2.8\8dd35c1f7c7bbffc391f68b9e27ea77ad4d8c0c6\spring-boot-starter-web-3.2.8.jar;C:\Users\ssginc22\.gradle\caches\modules-2\files-2.1\org.springframework.boot\spring-boot-starter-security\3.2.8\936418206eced38b9f2f8806b5779e7a6729f19\spring-boot-starter-security-3.2.8.jar;C:\Users\ssginc22\.gradle\caches\modules-2\files-2.1\org.springframework.boot\spring-boot-starter-validation\3.2.8\34e35a1853ebf7ad239115cdc90de909f28aed53\spring-boot-starter-validation-3.2.8.jar;C:\Users\ssginc22\.gradle\caches\modules-2\files-2.1\io.jsonwebtoken\jjwt-api\0.11.5\f742940045619d06383e7df37b21ac422b476cf1\jjwt-api-0.11.5.jar;C:\Users\ssginc22\.gradle\caches\modules-2\files-2.1\org.springdoc\springdoc-openapi-starter-webmvc-ui\2.0.2\264da79c9d4a53feab8c5c6d0e0cb143bd099d4\springdoc-openapi-starter-webmvc-ui-2.0.2.jar;C:\Users\ssginc22\.gradle\caches\modules-2\files-2.1\org.springframework.boot\spring-boot-starter-data-redis\3.2.8\a061005f388358791f1bea2854fdf35816cf5bd4\spring-boot-starter-data-redis-3.2.8.jar;C:\Users\ssginc22\.gradle\caches\modules-2\files-2.1\org.springframework.boot\spring-boot-starter-thymeleaf\3.2.8\ef568b3b7ae7833801093af7c89f1c30d95f463a\spring-boot-starter-thymeleaf-3.2.8.jar;C:\Users\ssginc22\.gradle\caches\modules-2\files-2.1\org.apache.commons\commons-csv\1.11.0\8f2dc805097da534612128b7cdf491a5a76752bf\commons-csv-1.11.0.jar;C:\Users\ssginc22\.gradle\caches\modu
Launcher Type: SUN_STANDARD

[Global flags]
     intx CICompilerCount                          = 4                                         {product} {ergonomic}
     uint ConcGCThreads                            = 3                                         {product} {ergonomic}
     uint G1ConcRefinementThreads                  = 10                                        {product} {ergonomic}
   size_t G1HeapRegionSize                         = 2097152                                   {product} {ergonomic}
    uintx GCDrainStackTargetSize                   = 64                                        {product} {ergonomic}
   size_t InitialHeapSize                          = 264241152                                 {product} {ergonomic}
     bool ManagementServer                         = true                                      {product} {command line}
   size_t MarkStackSize                            = 4194304                                   {product} {ergonomic}
   size_t MaxHeapSize                              = 4227858432                                {product} {ergonomic}
   size_t MaxNewSize                               = 2535456768                                {product} {ergonomic}
   size_t MinHeapDeltaBytes                        = 2097152                                   {product} {ergonomic}
   size_t MinHeapSize                              = 8388608                                   {product} {ergonomic}
    uintx NonProfiledCodeHeapSize                  = 0                                      {pd product} {ergonomic}
     bool ProfileInterpreter                       = false                                  {pd product} {command line}
    uintx ProfiledCodeHeapSize                     = 0                                      {pd product} {ergonomic}
   size_t SoftMaxHeapSize                          = 4227858432                             {manageable} {ergonomic}
     intx TieredStopAtLevel                        = 1                                         {product} {command line}
     bool UseCompressedClassPointers               = true                           {product lp64_product} {ergonomic}
     bool UseCompressedOops                        = true                           {product lp64_product} {ergonomic}
     bool UseG1GC                                  = true                                      {product} {ergonomic}
     bool UseLargePagesIndividualAllocation        = false                                  {pd product} {ergonomic}

Logging:
Log output configuration:
 #0: stdout all=warning uptime,level,tags
 #1: stderr all=off uptime,level,tags

Environment Variables:
PATH=C:\Windows\system32;C:\Windows;C:\Windows\System32\Wbem;C:\Windows\System32\WindowsPowerShell\v1.0\;C:\Windows\System32\OpenSSH\;C:\Program Files\Bandizip\;C:\Program Files\Git\cmd;C:\Program Files\Docker\Docker\resources\bin;C:\Program Files\nodejs\;C:\Program Files\Redis\;C:\Users\ssginc22\AppData\Local\Microsoft\WindowsApps;C:\Users\ssginc22\AppData\Local\Programs\Microsoft VS Code\bin;C:\Users\ssginc22\AppData\Roaming\npm;C:\Users\ssginc22\AppData\Local\GitHubDesktop\bin
USERNAME=ssginc22
OS=Windows_NT
PROCESSOR_IDENTIFIER=Intel64 Family 6 Model 141 Stepping 1, GenuineIntel
TMP=C:\Users\ssginc22\AppData\Local\Temp
TEMP=C:\Users\ssginc22\AppData\Local\Temp



Periodic native trim disabled


---------------  S Y S T E M  ---------------

OS:
 Windows 10 , 64 bit Build 19041 (10.0.19041.4717)
OS uptime: 21 days 7:10 hours
Hyper-V role detected

CPU: total 12 (initial active 12) (6 cores per cpu, 2 threads per core) family 6 model 141 stepping 1 microcode 0x34, cx8, cmov, fxsr, ht, mmx, 3dnowpref, sse, sse2, sse3, ssse3, sse4.1, sse4.2, popcnt, lzcnt, tsc, tscinvbit, avx, avx2, aes, erms, clmul, bmi1, bmi2, adx, avx512f, avx512dq, avx512cd, avx512bw, avx512vl, sha, fma, vzeroupper, avx512_vpopcntdq, avx512_vpclmulqdq, avx512_vaes, avx512_vnni, clflush, clflushopt, clwb, avx512_vbmi2, avx512_vbmi, hv
Processor Information for all 12 processors :
  Max Mhz: 2918, Current Mhz: 2918, Mhz Limit: 2918

Memory: 4k page, system-wide physical 16121M (3043M free)
TotalPageFile size 38277M (AvailPageFile size 112M)
current process WorkingSet (physical memory assigned to process): 389M, peak: 389M
current process commit charge ("private bytes"): 505M, peak: 629M

vm_info: OpenJDK 64-Bit Server VM (17.0.12+7-LTS) for windows-amd64 JRE (17.0.12+7-LTS), built on Jul 10 2024 20:46:33 by "Administrator" with MS VC++ 16.10 / 16.11 (VS2019)

END.
